Performing C SOURCE FILE Test CMAKE_HAVE_LIBC_PTHREAD failed with the following output:
<<<<<<< HEAD
Change Dir: /home/aiv/YongJun_ws/IVL_WS/matlab_ws/ros_msg/matlab_msg_gen/glnxa64/build/vision_msgs/CMakeFiles/CMakeScratch/TryCompile-7FVKWu

Run Build Command(s):/usr/local/MATLAB/R2024a/toolbox/shared/coder/ninja/glnxa64/ninja cmTC_22fa5 && [1/2] Building C object CMakeFiles/cmTC_22fa5.dir/src.c.o
[2/2] Linking C executable cmTC_22fa5
FAILED: cmTC_22fa5 
: && /usr/bin/gcc   CMakeFiles/cmTC_22fa5.dir/src.c.o -o cmTC_22fa5   && :
/usr/bin/ld: CMakeFiles/cmTC_22fa5.dir/src.c.o: in function `main':
=======
Change Dir: /home/aiv/YongJun_ws/IVL_WS/matlab_ws/ros_msg/matlab_msg_gen/glnxa64/build/vision_msgs/CMakeFiles/CMakeScratch/TryCompile-iguBsT

Run Build Command(s):/usr/local/MATLAB/R2024a/toolbox/shared/coder/ninja/glnxa64/ninja cmTC_53fef && [1/2] Building C object CMakeFiles/cmTC_53fef.dir/src.c.o
[2/2] Linking C executable cmTC_53fef
FAILED: cmTC_53fef 
: && /usr/bin/gcc   CMakeFiles/cmTC_53fef.dir/src.c.o -o cmTC_53fef   && :
/usr/bin/ld: CMakeFiles/cmTC_53fef.dir/src.c.o: in function `main':
>>>>>>> f636c77805dab8e29d6d4a020552a4442534fff2
src.c:(.text+0x46): undefined reference to `pthread_create'
/usr/bin/ld: src.c:(.text+0x52): undefined reference to `pthread_detach'
/usr/bin/ld: src.c:(.text+0x5e): undefined reference to `pthread_cancel'
/usr/bin/ld: src.c:(.text+0x6f): undefined reference to `pthread_join'
collect2: error: ld returned 1 exit status
ninja: build stopped: subcommand failed.


Source file was:
#include <pthread.h>

static void* test_func(void* data)
{
  return data;
}

int main(void)
{
  pthread_t thread;
  pthread_create(&thread, NULL, test_func, NULL);
  pthread_detach(thread);
  pthread_cancel(thread);
  pthread_join(thread, NULL);
  pthread_atfork(NULL, NULL, NULL);
  pthread_exit(NULL);

  return 0;
}


Determining if the function pthread_create exists in the pthreads failed with the following output:
<<<<<<< HEAD
Change Dir: /home/aiv/YongJun_ws/IVL_WS/matlab_ws/ros_msg/matlab_msg_gen/glnxa64/build/vision_msgs/CMakeFiles/CMakeScratch/TryCompile-xjAOwu

Run Build Command(s):/usr/local/MATLAB/R2024a/toolbox/shared/coder/ninja/glnxa64/ninja cmTC_ef2a0 && [1/2] Building C object CMakeFiles/cmTC_ef2a0.dir/CheckFunctionExists.c.o
[2/2] Linking C executable cmTC_ef2a0
FAILED: cmTC_ef2a0 
: && /usr/bin/gcc -DCHECK_FUNCTION_EXISTS=pthread_create  CMakeFiles/cmTC_ef2a0.dir/CheckFunctionExists.c.o -o cmTC_ef2a0  -lpthreads && :
=======
Change Dir: /home/aiv/YongJun_ws/IVL_WS/matlab_ws/ros_msg/matlab_msg_gen/glnxa64/build/vision_msgs/CMakeFiles/CMakeScratch/TryCompile-IHFeMV

Run Build Command(s):/usr/local/MATLAB/R2024a/toolbox/shared/coder/ninja/glnxa64/ninja cmTC_e5ea5 && [1/2] Building C object CMakeFiles/cmTC_e5ea5.dir/CheckFunctionExists.c.o
[2/2] Linking C executable cmTC_e5ea5
FAILED: cmTC_e5ea5 
: && /usr/bin/gcc -DCHECK_FUNCTION_EXISTS=pthread_create  CMakeFiles/cmTC_e5ea5.dir/CheckFunctionExists.c.o -o cmTC_e5ea5  -lpthreads && :
>>>>>>> f636c77805dab8e29d6d4a020552a4442534fff2
/usr/bin/ld: cannot find -lpthreads
collect2: error: ld returned 1 exit status
ninja: build stopped: subcommand failed.



