[0.474s] DEBUG:colcon:Command line arguments: ['/home/aiv/.matlab/R2024a/ros2/glnxa64/venv/bin/colcon', 'build', '--merge-install', '--cmake-args', '-DCMAKE_BUILD_TYPE=Release', '-DCMAKE_SHARED_LINKER_FLAGS=-Wl,-no-as-needed', '-DBUILD_TESTING=OFF', '-DALIAS_ROS2_TF2=1', '-DCMAKE_CXX_FLAGS_RELEASE=-O0', '-G', 'Ninja', '-DCMAKE_C_COMPILER=/usr/bin/gcc', '-DCMAKE_CXX_COMPILER=/usr/bin/g++']
[0.474s] DEBUG:colcon:Parsed command line arguments: Namespace(ament_cmake_args=None, base_paths=['.'], build_base='build', catkin_cmake_args=None, catkin_skip_building_tests=False, cmake_args=['-DCMAKE_BUILD_TYPE=Release', '-DCMAKE_SHARED_LINKER_FLAGS=-Wl,-no-as-needed', '-DBUILD_TESTING=OFF', '-DALIAS_ROS2_TF2=1', '-DCMAKE_CXX_FLAGS_RELEASE=-O0', '-G', 'Ninja', '-DCMAKE_C_COMPILER=/usr/bin/gcc', '-DCMAKE_CXX_COMPILER=/usr/bin/g++'], cmake_clean_cache=False, cmake_clean_first=False, cmake_force_configure=False, cmake_target=None, cmake_target_skip_unavailable=False, continue_on_error=False, event_handlers=None, executor='parallel', ignore_user_meta=False, install_base='install', log_base=None, log_level=None, main=<bound method BuildVerb.main of <colcon_core.verb.build.BuildVerb object at 0x7f2d15feca30>>, merge_install=True, metas=['./colcon.meta'], packages_above=None, packages_above_and_dependencies=None, packages_above_depth=None, packages_end=None, packages_ignore=None, packages_ignore_regex=None, packages_select=None, packages_select_build_failed=False, packages_select_by_dep=None, packages_select_regex=None, packages_select_test_failures=False, packages_skip=None, packages_skip_build_finished=False, packages_skip_by_dep=None, packages_skip_regex=None, packages_skip_test_passed=False, packages_skip_up_to=None, packages_start=None, packages_up_to=None, packages_up_to_regex=None, parallel_workers=8, paths=None, symlink_install=False, test_result_base=None, verb_extension=<colcon_core.verb.build.BuildVerb object at 0x7f2d15feca30>, verb_name='build', verb_parser=<colcon_defaults.argument_parser.defaults.DefaultArgumentsDecorator object at 0x7f2d15eeb400>)
[0.531s] Level 1:colcon.colcon_core.package_discovery:discover_packages(colcon_meta) check parameters
[0.531s] Level 1:colcon.colcon_core.package_discovery:discover_packages(recursive) check parameters
[0.531s] Level 1:colcon.colcon_core.package_discovery:discover_packages(ignore) check parameters
[0.531s] Level 1:colcon.colcon_core.package_discovery:discover_packages(path) check parameters
[0.531s] Level 1:colcon.colcon_core.package_discovery:discover_packages(colcon_meta) discover
[0.531s] Level 1:colcon.colcon_core.package_discovery:discover_packages(recursive) discover
[0.531s] INFO:colcon.colcon_core.package_discovery:Crawling recursively for packages in '/home/aiv/YongJun_ws/IVL_WS/matlab_ws/ros_msg/matlab_msg_gen/glnxa64'
[0.531s] Level 1:colcon.colcon_core.package_identification:_identify(.) by extensions ['ignore', 'ignore_ament_install']
[0.532s] Level 1:colcon.colcon_core.package_identification:_identify(.) by extension 'ignore'
[0.532s] Level 1:colcon.colcon_core.package_identification:_identify(.) by extension 'ignore_ament_install'
[0.532s] Level 1:colcon.colcon_core.package_identification:_identify(.) by extensions ['colcon_pkg']
[0.532s] Level 1:colcon.colcon_core.package_identification:_identify(.) by extension 'colcon_pkg'
[0.532s] Level 1:colcon.colcon_core.package_identification:_identify(.) by extensions ['colcon_meta']
[0.532s] Level 1:colcon.colcon_core.package_identification:_identify(.) by extension 'colcon_meta'
[0.532s] Level 1:colcon.colcon_core.package_identification:_identify(.) by extensions ['ros']
[0.532s] Level 1:colcon.colcon_core.package_identification:_identify(.) by extension 'ros'
[0.547s] Level 1:colcon.colcon_core.package_identification:_identify(.) by extensions ['cmake', 'python']
[0.547s] Level 1:colcon.colcon_core.package_identification:_identify(.) by extension 'cmake'
[0.547s] Level 1:colcon.colcon_core.package_identification:_identify(.) by extension 'python'
[0.547s] Level 1:colcon.colcon_core.package_identification:_identify(.) by extensions ['python_setup_py']
[0.547s] Level 1:colcon.colcon_core.package_identification:_identify(.) by extension 'python_setup_py'
[0.547s] Level 1:colcon.colcon_core.package_identification:_identify(build) by extensions ['ignore', 'ignore_ament_install']
[0.548s] Level 1:colcon.colcon_core.package_identification:_identify(build) by extension 'ignore'
[0.548s] Level 1:colcon.colcon_core.package_identification:_identify(build) ignored
[0.548s] Level 1:colcon.colcon_core.package_identification:_identify(install) by extensions ['ignore', 'ignore_ament_install']
[0.548s] Level 1:colcon.colcon_core.package_identification:_identify(install) by extension 'ignore'
[0.548s] Level 1:colcon.colcon_core.package_identification:_identify(install) ignored
[0.548s] Level 1:colcon.colcon_core.package_identification:_identify(log) by extensions ['ignore', 'ignore_ament_install']
[0.548s] Level 1:colcon.colcon_core.package_identification:_identify(log) by extension 'ignore'
[0.548s] Level 1:colcon.colcon_core.package_identification:_identify(log) ignored
[0.548s] Level 1:colcon.colcon_core.package_identification:_identify(src) by extensions ['ignore', 'ignore_ament_install']
[0.548s] Level 1:colcon.colcon_core.package_identification:_identify(src) by extension 'ignore'
[0.548s] Level 1:colcon.colcon_core.package_identification:_identify(src) by extension 'ignore_ament_install'
[0.548s] Level 1:colcon.colcon_core.package_identification:_identify(src) by extensions ['colcon_pkg']
[0.548s] Level 1:colcon.colcon_core.package_identification:_identify(src) by extension 'colcon_pkg'
[0.548s] Level 1:colcon.colcon_core.package_identification:_identify(src) by extensions ['colcon_meta']
[0.548s] Level 1:colcon.colcon_core.package_identification:_identify(src) by extension 'colcon_meta'
[0.548s] Level 1:colcon.colcon_core.package_identification:_identify(src) by extensions ['ros']
[0.548s] Level 1:colcon.colcon_core.package_identification:_identify(src) by extension 'ros'
[0.548s] Level 1:colcon.colcon_core.package_identification:_identify(src) by extensions ['cmake', 'python']
[0.548s] Level 1:colcon.colcon_core.package_identification:_identify(src) by extension 'cmake'
[0.548s] Level 1:colcon.colcon_core.package_identification:_identify(src) by extension 'python'
[0.548s] Level 1:colcon.colcon_core.package_identification:_identify(src) by extensions ['python_setup_py']
[0.548s] Level 1:colcon.colcon_core.package_identification:_identify(src) by extension 'python_setup_py'
[0.549s] Level 1:colcon.colcon_core.package_identification:_identify(src/vision_msgs) by extensions ['ignore', 'ignore_ament_install']
[0.549s] Level 1:colcon.colcon_core.package_identification:_identify(src/vision_msgs) by extension 'ignore'
[0.549s] Level 1:colcon.colcon_core.package_identification:_identify(src/vision_msgs) by extension 'ignore_ament_install'
[0.549s] Level 1:colcon.colcon_core.package_identification:_identify(src/vision_msgs) by extensions ['colcon_pkg']
[0.549s] Level 1:colcon.colcon_core.package_identification:_identify(src/vision_msgs) by extension 'colcon_pkg'
[0.549s] Level 1:colcon.colcon_core.package_identification:_identify(src/vision_msgs) by extensions ['colcon_meta']
[0.549s] Level 1:colcon.colcon_core.package_identification:_identify(src/vision_msgs) by extension 'colcon_meta'
[0.549s] Level 1:colcon.colcon_core.package_identification:_identify(src/vision_msgs) by extensions ['ros']
[0.549s] Level 1:colcon.colcon_core.package_identification:_identify(src/vision_msgs) by extension 'ros'
[0.551s] DEBUG:colcon.colcon_core.package_identification:Package 'src/vision_msgs' with type 'ros.ament_cmake' and name 'vision_msgs'
[0.551s] Level 1:colcon.colcon_core.package_discovery:discover_packages(recursive) using defaults
[0.551s] Level 1:colcon.colcon_core.package_discovery:discover_packages(ignore) discover
[0.551s] Level 1:colcon.colcon_core.package_discovery:discover_packages(ignore) using defaults
[0.551s] Level 1:colcon.colcon_core.package_discovery:discover_packages(path) discover
[0.551s] Level 1:colcon.colcon_core.package_discovery:discover_packages(path) using defaults
[0.592s] Level 5:colcon.colcon_core.verb:set package 'vision_msgs' build argument 'cmake_args' from command line to '['-DCMAKE_BUILD_TYPE=Release', '-DCMAKE_SHARED_LINKER_FLAGS=-Wl,-no-as-needed', '-DBUILD_TESTING=OFF', '-DALIAS_ROS2_TF2=1', '-DCMAKE_CXX_FLAGS_RELEASE=-O0', '-G', 'Ninja', '-DCMAKE_C_COMPILER=/usr/bin/gcc', '-DCMAKE_CXX_COMPILER=/usr/bin/g++']'
[0.592s] Level 5:colcon.colcon_core.verb:set package 'vision_msgs' build argument 'cmake_target' from command line to 'None'
[0.592s] Level 5:colcon.colcon_core.verb:set package 'vision_msgs' build argument 'cmake_target_skip_unavailable' from command line to 'False'
[0.592s] Level 5:colcon.colcon_core.verb:set package 'vision_msgs' build argument 'cmake_clean_cache' from command line to 'False'
[0.592s] Level 5:colcon.colcon_core.verb:set package 'vision_msgs' build argument 'cmake_clean_first' from command line to 'False'
[0.592s] Level 5:colcon.colcon_core.verb:set package 'vision_msgs' build argument 'cmake_force_configure' from command line to 'False'
[0.592s] Level 5:colcon.colcon_core.verb:set package 'vision_msgs' build argument 'ament_cmake_args' from command line to 'None'
[0.592s] Level 5:colcon.colcon_core.verb:set package 'vision_msgs' build argument 'catkin_cmake_args' from command line to 'None'
[0.592s] Level 5:colcon.colcon_core.verb:set package 'vision_msgs' build argument 'catkin_skip_building_tests' from command line to 'False'
[0.592s] DEBUG:colcon.colcon_core.verb:Building package 'vision_msgs' with the following arguments: {'ament_cmake_args': None, 'build_base': '/home/aiv/YongJun_ws/IVL_WS/matlab_ws/ros_msg/matlab_msg_gen/glnxa64/build/vision_msgs', 'catkin_cmake_args': None, 'catkin_skip_building_tests': False, 'cmake_args': ['-DCMAKE_BUILD_TYPE=Release', '-DCMAKE_SHARED_LINKER_FLAGS=-Wl,-no-as-needed', '-DBUILD_TESTING=OFF', '-DALIAS_ROS2_TF2=1', '-DCMAKE_CXX_FLAGS_RELEASE=-O0', '-G', 'Ninja', '-DCMAKE_C_COMPILER=/usr/bin/gcc', '-DCMAKE_CXX_COMPILER=/usr/bin/g++'], 'cmake_clean_cache': False, 'cmake_clean_first': False, 'cmake_force_configure': False, 'cmake_target': None, 'cmake_target_skip_unavailable': False, 'install_base': '/home/aiv/YongJun_ws/IVL_WS/matlab_ws/ros_msg/matlab_msg_gen/glnxa64/install', 'merge_install': True, 'path': '/home/aiv/YongJun_ws/IVL_WS/matlab_ws/ros_msg/matlab_msg_gen/glnxa64/src/vision_msgs', 'symlink_install': False, 'test_result_base': None}
[0.594s] INFO:colcon.colcon_core.executor:Executing jobs using 'parallel' executor
[0.608s] DEBUG:colcon.colcon_parallel_executor.executor.parallel:run_until_complete
[0.608s] INFO:colcon.colcon_ros.task.ament_cmake.build:Building ROS package in '/home/aiv/YongJun_ws/IVL_WS/matlab_ws/ros_msg/matlab_msg_gen/glnxa64/src/vision_msgs' with build type 'ament_cmake'
[0.608s] INFO:colcon.colcon_cmake.task.cmake.build:Building CMake package in '/home/aiv/YongJun_ws/IVL_WS/matlab_ws/ros_msg/matlab_msg_gen/glnxa64/src/vision_msgs'
[0.617s] INFO:colcon.colcon_core.plugin_system:Skipping extension 'colcon_core.shell.bat': Not used on non-Windows systems
[0.617s] INFO:colcon.colcon_core.shell:Skip shell extension 'powershell' for command environment: Not usable outside of PowerShell
[0.617s] DEBUG:colcon.colcon_core.shell:Skip shell extension 'dsv' for command environment
[0.642s] DEBUG:colcon.colcon_core.event_handler.log_command:Invoking command in '/home/aiv/YongJun_ws/IVL_WS/matlab_ws/ros_msg/matlab_msg_gen/glnxa64/build/vision_msgs': PS1=(venv) /usr/local/MATLAB/R2024a/bin/glnxa64/cmake/bin/cmake /home/aiv/YongJun_ws/IVL_WS/matlab_ws/ros_msg/matlab_msg_gen/glnxa64/src/vision_msgs -DCMAKE_BUILD_TYPE=Release -DCMAKE_SHARED_LINKER_FLAGS=-Wl,-no-as-needed -DBUILD_TESTING=OFF -DALIAS_ROS2_TF2=1 -DCMAKE_CXX_FLAGS_RELEASE=-O0 -G Ninja -DCMAKE_C_COMPILER=/usr/bin/gcc -DCMAKE_CXX_COMPILER=/usr/bin/g++ -DCMAKE_INSTALL_PREFIX=/home/aiv/YongJun_ws/IVL_WS/matlab_ws/ros_msg/matlab_msg_gen/glnxa64/install
[3.290s] DEBUG:colcon.colcon_core.event_handler.log_command:Invoked command in '/home/aiv/YongJun_ws/IVL_WS/matlab_ws/ros_msg/matlab_msg_gen/glnxa64/build/vision_msgs' returned '0': PS1=(venv) /usr/local/MATLAB/R2024a/bin/glnxa64/cmake/bin/cmake /home/aiv/YongJun_ws/IVL_WS/matlab_ws/ros_msg/matlab_msg_gen/glnxa64/src/vision_msgs -DCMAKE_BUILD_TYPE=Release -DCMAKE_SHARED_LINKER_FLAGS=-Wl,-no-as-needed -DBUILD_TESTING=OFF -DALIAS_ROS2_TF2=1 -DCMAKE_CXX_FLAGS_RELEASE=-O0 -G Ninja -DCMAKE_C_COMPILER=/usr/bin/gcc -DCMAKE_CXX_COMPILER=/usr/bin/g++ -DCMAKE_INSTALL_PREFIX=/home/aiv/YongJun_ws/IVL_WS/matlab_ws/ros_msg/matlab_msg_gen/glnxa64/install
[3.293s] DEBUG:colcon.colcon_core.event_handler.log_command:Invoking command in '/home/aiv/YongJun_ws/IVL_WS/matlab_ws/ros_msg/matlab_msg_gen/glnxa64/build/vision_msgs': PS1=(venv) /usr/local/MATLAB/R2024a/bin/glnxa64/cmake/bin/cmake --build /home/aiv/YongJun_ws/IVL_WS/matlab_ws/ros_msg/matlab_msg_gen/glnxa64/build/vision_msgs -- -j8 -l8
[26.546s] DEBUG:colcon.colcon_core.event_handler.log_command:Invoked command in '/home/aiv/YongJun_ws/IVL_WS/matlab_ws/ros_msg/matlab_msg_gen/glnxa64/build/vision_msgs' returned '0': PS1=(venv) /usr/local/MATLAB/R2024a/bin/glnxa64/cmake/bin/cmake --build /home/aiv/YongJun_ws/IVL_WS/matlab_ws/ros_msg/matlab_msg_gen/glnxa64/build/vision_msgs -- -j8 -l8
[26.562s] DEBUG:colcon.colcon_core.event_handler.log_command:Invoking command in '/home/aiv/YongJun_ws/IVL_WS/matlab_ws/ros_msg/matlab_msg_gen/glnxa64/build/vision_msgs': PS1=(venv) /usr/local/MATLAB/R2024a/bin/glnxa64/cmake/bin/cmake --install /home/aiv/YongJun_ws/IVL_WS/matlab_ws/ros_msg/matlab_msg_gen/glnxa64/build/vision_msgs
[26.611s] Level 1:colcon.colcon_core.environment:create_environment_scripts_only(vision_msgs)
[26.612s] DEBUG:colcon.colcon_core.event_handler.log_command:Invoked command in '/home/aiv/YongJun_ws/IVL_WS/matlab_ws/ros_msg/matlab_msg_gen/glnxa64/build/vision_msgs' returned '0': PS1=(venv) /usr/local/MATLAB/R2024a/bin/glnxa64/cmake/bin/cmake --install /home/aiv/YongJun_ws/IVL_WS/matlab_ws/ros_msg/matlab_msg_gen/glnxa64/build/vision_msgs
[26.631s] Level 1:colcon.colcon_core.environment:checking '/home/aiv/YongJun_ws/IVL_WS/matlab_ws/ros_msg/matlab_msg_gen/glnxa64/install' for CMake module files
[26.631s] Level 1:colcon.colcon_core.environment:checking '/home/aiv/YongJun_ws/IVL_WS/matlab_ws/ros_msg/matlab_msg_gen/glnxa64/install' for CMake config files
[26.631s] Level 1:colcon.colcon_core.shell:create_environment_hook('vision_msgs', 'cmake_prefix_path')
[26.637s] INFO:colcon.colcon_core.shell:Creating environment hook '/home/aiv/YongJun_ws/IVL_WS/matlab_ws/ros_msg/matlab_msg_gen/glnxa64/install/share/vision_msgs/hook/cmake_prefix_path.ps1'
[26.637s] INFO:colcon.colcon_core.shell:Creating environment descriptor '/home/aiv/YongJun_ws/IVL_WS/matlab_ws/ros_msg/matlab_msg_gen/glnxa64/install/share/vision_msgs/hook/cmake_prefix_path.dsv'
[26.638s] INFO:colcon.colcon_core.shell:Creating environment hook '/home/aiv/YongJun_ws/IVL_WS/matlab_ws/ros_msg/matlab_msg_gen/glnxa64/install/share/vision_msgs/hook/cmake_prefix_path.sh'
[26.638s] Level 1:colcon.colcon_core.environment:checking '/home/aiv/YongJun_ws/IVL_WS/matlab_ws/ros_msg/matlab_msg_gen/glnxa64/install/lib'
[26.638s] Level 1:colcon.colcon_core.shell:create_environment_hook('vision_msgs', 'ld_library_path_lib')
[26.644s] INFO:colcon.colcon_core.shell:Creating environment hook '/home/aiv/YongJun_ws/IVL_WS/matlab_ws/ros_msg/matlab_msg_gen/glnxa64/install/share/vision_msgs/hook/ld_library_path_lib.ps1'
[26.644s] INFO:colcon.colcon_core.shell:Creating environment descriptor '/home/aiv/YongJun_ws/IVL_WS/matlab_ws/ros_msg/matlab_msg_gen/glnxa64/install/share/vision_msgs/hook/ld_library_path_lib.dsv'
[26.644s] INFO:colcon.colcon_core.shell:Creating environment hook '/home/aiv/YongJun_ws/IVL_WS/matlab_ws/ros_msg/matlab_msg_gen/glnxa64/install/share/vision_msgs/hook/ld_library_path_lib.sh'
[26.644s] Level 1:colcon.colcon_core.environment:checking '/home/aiv/YongJun_ws/IVL_WS/matlab_ws/ros_msg/matlab_msg_gen/glnxa64/install/bin'
[26.644s] Level 1:colcon.colcon_core.environment:checking '/home/aiv/YongJun_ws/IVL_WS/matlab_ws/ros_msg/matlab_msg_gen/glnxa64/install/lib/pkgconfig/vision_msgs.pc'
[26.645s] Level 1:colcon.colcon_core.environment:checking '/home/aiv/YongJun_ws/IVL_WS/matlab_ws/ros_msg/matlab_msg_gen/glnxa64/install/lib/python3.8/site-packages'
[26.646s] Level 1:colcon.colcon_core.environment:checking '/home/aiv/YongJun_ws/IVL_WS/matlab_ws/ros_msg/matlab_msg_gen/glnxa64/install/bin'
[26.651s] INFO:colcon.colcon_core.shell:Creating package script '/home/aiv/YongJun_ws/IVL_WS/matlab_ws/ros_msg/matlab_msg_gen/glnxa64/install/share/vision_msgs/package.ps1'
[26.652s] INFO:colcon.colcon_core.shell:Creating package descriptor '/home/aiv/YongJun_ws/IVL_WS/matlab_ws/ros_msg/matlab_msg_gen/glnxa64/install/share/vision_msgs/package.dsv'
[26.652s] INFO:colcon.colcon_core.shell:Creating package script '/home/aiv/YongJun_ws/IVL_WS/matlab_ws/ros_msg/matlab_msg_gen/glnxa64/install/share/vision_msgs/package.sh'
[26.653s] INFO:colcon.colcon_core.shell:Creating package script '/home/aiv/YongJun_ws/IVL_WS/matlab_ws/ros_msg/matlab_msg_gen/glnxa64/install/share/vision_msgs/package.bash'
[26.653s] INFO:colcon.colcon_core.shell:Creating package script '/home/aiv/YongJun_ws/IVL_WS/matlab_ws/ros_msg/matlab_msg_gen/glnxa64/install/share/vision_msgs/package.zsh'
[26.654s] Level 1:colcon.colcon_core.environment:create_file_with_runtime_dependencies(/home/aiv/YongJun_ws/IVL_WS/matlab_ws/ros_msg/matlab_msg_gen/glnxa64/install/share/colcon-core/packages/vision_msgs)
[26.673s] Level 1:colcon.colcon_core.environment:create_environment_scripts_only(vision_msgs)
[26.679s] Level 1:colcon.colcon_core.environment:checking '/home/aiv/YongJun_ws/IVL_WS/matlab_ws/ros_msg/matlab_msg_gen/glnxa64/install' for CMake module files
[26.679s] Level 1:colcon.colcon_core.environment:checking '/home/aiv/YongJun_ws/IVL_WS/matlab_ws/ros_msg/matlab_msg_gen/glnxa64/install' for CMake config files
[26.680s] Level 1:colcon.colcon_core.shell:create_environment_hook('vision_msgs', 'cmake_prefix_path')
[26.685s] INFO:colcon.colcon_core.shell:Creating environment hook '/home/aiv/YongJun_ws/IVL_WS/matlab_ws/ros_msg/matlab_msg_gen/glnxa64/install/share/vision_msgs/hook/cmake_prefix_path.ps1'
[26.685s] INFO:colcon.colcon_core.shell:Creating environment descriptor '/home/aiv/YongJun_ws/IVL_WS/matlab_ws/ros_msg/matlab_msg_gen/glnxa64/install/share/vision_msgs/hook/cmake_prefix_path.dsv'
[26.686s] INFO:colcon.colcon_core.shell:Creating environment hook '/home/aiv/YongJun_ws/IVL_WS/matlab_ws/ros_msg/matlab_msg_gen/glnxa64/install/share/vision_msgs/hook/cmake_prefix_path.sh'
[26.686s] Level 1:colcon.colcon_core.environment:checking '/home/aiv/YongJun_ws/IVL_WS/matlab_ws/ros_msg/matlab_msg_gen/glnxa64/install/lib'
[26.686s] Level 1:colcon.colcon_core.shell:create_environment_hook('vision_msgs', 'ld_library_path_lib')
[26.691s] INFO:colcon.colcon_core.shell:Creating environment hook '/home/aiv/YongJun_ws/IVL_WS/matlab_ws/ros_msg/matlab_msg_gen/glnxa64/install/share/vision_msgs/hook/ld_library_path_lib.ps1'
[26.692s] INFO:colcon.colcon_core.shell:Creating environment descriptor '/home/aiv/YongJun_ws/IVL_WS/matlab_ws/ros_msg/matlab_msg_gen/glnxa64/install/share/vision_msgs/hook/ld_library_path_lib.dsv'
[26.692s] INFO:colcon.colcon_core.shell:Creating environment hook '/home/aiv/YongJun_ws/IVL_WS/matlab_ws/ros_msg/matlab_msg_gen/glnxa64/install/share/vision_msgs/hook/ld_library_path_lib.sh'
[26.692s] Level 1:colcon.colcon_core.environment:checking '/home/aiv/YongJun_ws/IVL_WS/matlab_ws/ros_msg/matlab_msg_gen/glnxa64/install/bin'
[26.692s] Level 1:colcon.colcon_core.environment:checking '/home/aiv/YongJun_ws/IVL_WS/matlab_ws/ros_msg/matlab_msg_gen/glnxa64/install/lib/pkgconfig/vision_msgs.pc'
[26.692s] Level 1:colcon.colcon_core.environment:checking '/home/aiv/YongJun_ws/IVL_WS/matlab_ws/ros_msg/matlab_msg_gen/glnxa64/install/lib/python3.8/site-packages'
[26.692s] Level 1:colcon.colcon_core.environment:checking '/home/aiv/YongJun_ws/IVL_WS/matlab_ws/ros_msg/matlab_msg_gen/glnxa64/install/bin'
[26.698s] INFO:colcon.colcon_core.shell:Creating package script '/home/aiv/YongJun_ws/IVL_WS/matlab_ws/ros_msg/matlab_msg_gen/glnxa64/install/share/vision_msgs/package.ps1'
[26.698s] INFO:colcon.colcon_core.shell:Creating package descriptor '/home/aiv/YongJun_ws/IVL_WS/matlab_ws/ros_msg/matlab_msg_gen/glnxa64/install/share/vision_msgs/package.dsv'
[26.699s] INFO:colcon.colcon_core.shell:Creating package script '/home/aiv/YongJun_ws/IVL_WS/matlab_ws/ros_msg/matlab_msg_gen/glnxa64/install/share/vision_msgs/package.sh'
[26.699s] INFO:colcon.colcon_core.shell:Creating package script '/home/aiv/YongJun_ws/IVL_WS/matlab_ws/ros_msg/matlab_msg_gen/glnxa64/install/share/vision_msgs/package.bash'
[26.699s] INFO:colcon.colcon_core.shell:Creating package script '/home/aiv/YongJun_ws/IVL_WS/matlab_ws/ros_msg/matlab_msg_gen/glnxa64/install/share/vision_msgs/package.zsh'
[26.699s] Level 1:colcon.colcon_core.environment:create_file_with_runtime_dependencies(/home/aiv/YongJun_ws/IVL_WS/matlab_ws/ros_msg/matlab_msg_gen/glnxa64/install/share/colcon-core/packages/vision_msgs)
[26.700s] DEBUG:colcon.colcon_parallel_executor.executor.parallel:closing loop
[26.700s] DEBUG:colcon.colcon_parallel_executor.executor.parallel:loop closed
[26.700s] DEBUG:colcon.colcon_parallel_executor.executor.parallel:run_until_complete finished with '0'
[26.700s] DEBUG:colcon.colcon_core.event_reactor:joining thread
[26.706s] INFO:colcon.colcon_core.plugin_system:Skipping extension 'colcon_notification.desktop_notification.notify2': 'notify2' not found
[26.706s] INFO:colcon.colcon_core.plugin_system:Skipping extension 'colcon_notification.desktop_notification.terminal_notifier': Not used on non-Darwin systems
[26.706s] INFO:colcon.colcon_core.plugin_system:Skipping extension 'colcon_notification.desktop_notification.win32': Not used on non-Windows systems
[26.706s] INFO:colcon.colcon_notification.desktop_notification:Sending desktop notification using 'notify_send'
[26.724s] DEBUG:colcon.colcon_core.event_reactor:joined thread
[26.731s] INFO:colcon.colcon_core.shell:Creating prefix script '/home/aiv/YongJun_ws/IVL_WS/matlab_ws/ros_msg/matlab_msg_gen/glnxa64/install/local_setup.ps1'
[26.732s] INFO:colcon.colcon_core.shell:Creating prefix util module '/home/aiv/YongJun_ws/IVL_WS/matlab_ws/ros_msg/matlab_msg_gen/glnxa64/install/_local_setup_util_ps1.py'
[26.733s] INFO:colcon.colcon_core.shell:Creating prefix chain script '/home/aiv/YongJun_ws/IVL_WS/matlab_ws/ros_msg/matlab_msg_gen/glnxa64/install/setup.ps1'
[26.737s] INFO:colcon.colcon_core.shell:Creating prefix script '/home/aiv/YongJun_ws/IVL_WS/matlab_ws/ros_msg/matlab_msg_gen/glnxa64/install/local_setup.sh'
[26.738s] INFO:colcon.colcon_core.shell:Creating prefix util module '/home/aiv/YongJun_ws/IVL_WS/matlab_ws/ros_msg/matlab_msg_gen/glnxa64/install/_local_setup_util_sh.py'
[26.738s] INFO:colcon.colcon_core.shell:Creating prefix chain script '/home/aiv/YongJun_ws/IVL_WS/matlab_ws/ros_msg/matlab_msg_gen/glnxa64/install/setup.sh'
[26.742s] INFO:colcon.colcon_core.shell:Creating prefix script '/home/aiv/YongJun_ws/IVL_WS/matlab_ws/ros_msg/matlab_msg_gen/glnxa64/install/local_setup.bash'
[26.743s] INFO:colcon.colcon_core.shell:Creating prefix chain script '/home/aiv/YongJun_ws/IVL_WS/matlab_ws/ros_msg/matlab_msg_gen/glnxa64/install/setup.bash'
[26.748s] INFO:colcon.colcon_core.shell:Creating prefix script '/home/aiv/YongJun_ws/IVL_WS/matlab_ws/ros_msg/matlab_msg_gen/glnxa64/install/local_setup.zsh'
[26.748s] INFO:colcon.colcon_core.shell:Creating prefix chain script '/home/aiv/YongJun_ws/IVL_WS/matlab_ws/ros_msg/matlab_msg_gen/glnxa64/install/setup.zsh'
