[0.016s] Invoking command in '/home/aiv/YongJun_ws/IVL_WS/matlab_ws/ros_msg/matlab_msg_gen/glnxa64/build/vision_msgs': PS1=(venv) VIRTUAL_ENV_PROMPT=(venv) /usr/local/MATLAB/R2024a/bin/glnxa64/cmake/bin/cmake /home/aiv/YongJun_ws/IVL_WS/matlab_ws/ros_msg/matlab_msg_gen/glnxa64/src/vision_msgs -DCMAKE_BUILD_TYPE=Release -DCMAKE_SHARED_LINKER_FLAGS=-Wl,-no-as-needed -DBUILD_TESTING=OFF -DALIAS_ROS2_TF2=1 -DCMAKE_CXX_FLAGS_RELEASE=-O0 -G Ninja -DCMAKE_C_COMPILER=/usr/bin/gcc -DCMAKE_CXX_COMPILER=/usr/bin/g++ -DCMAKE_INSTALL_PREFIX=/home/aiv/YongJun_ws/IVL_WS/matlab_ws/ros_msg/matlab_msg_gen/glnxa64/install
[0.099s] -- The C compiler identification is GNU 9.4.0
[0.159s] -- The CXX compiler identification is GNU 9.4.0
[0.169s] -- Detecting C compiler ABI info
[0.218s] -- Detecting C compiler ABI info - done
[0.227s] -- Check for working C compiler: /usr/bin/gcc - skipped
[0.227s] -- Detecting C compile features
[0.228s] -- Detecting C compile features - done
[0.232s] -- Detecting CXX compiler ABI info
[0.280s] -- Detecting CXX compiler ABI info - done
[0.289s] -- Check for working CXX compiler: /usr/bin/g++ - skipped
[0.289s] -- Detecting CXX compile features
[0.290s] -- Detecting CXX compile features - done
[0.293s] -- Found ament_cmake: 1.3.3 (/usr/local/MATLAB/R2024a/sys/ros2/glnxa64/ros2/share/ament_cmake/cmake)
[1.014s] -- Found Python3: /home/aiv/.matlab/R2024a/ros2/glnxa64/venv/bin/python3.10 (found version "3.10.14") found components: Interpreter 
[1.079s] -- Found ament_cmake_ros: 0.10.0 (/usr/local/MATLAB/R2024a/sys/ros2/glnxa64/ros2/share/ament_cmake_ros/cmake)
[1.085s] -- Found rosidl_typesupport_c: 2.0.0 (/usr/local/MATLAB/R2024a/sys/ros2/glnxa64/ros2/share/rosidl_typesupport_c/cmake)
[1.085s] -- Using all available rosidl_typesupport_c: rosidl_typesupport_fastrtps_c;rosidl_typesupport_introspection_c
[1.090s] -- Found rosidl_adapter: 3.1.4 (/usr/local/MATLAB/R2024a/sys/ros2/glnxa64/ros2/share/rosidl_adapter/cmake)
[1.126s] -- Found rosidl_typesupport_cpp: 2.0.0 (/usr/local/MATLAB/R2024a/sys/ros2/glnxa64/ros2/share/rosidl_typesupport_cpp/cmake)
[1.126s] -- Using all available rosidl_typesupport_cpp: rosidl_typesupport_fastrtps_cpp;rosidl_typesupport_introspection_cpp
[1.153s] -- Found rosidl_default_generators: 1.2.0 (/usr/local/MATLAB/R2024a/sys/ros2/glnxa64/ros2/share/rosidl_default_generators/cmake)
[1.156s] -- Found class_loader: 2.2.0 (/usr/local/MATLAB/R2024a/sys/ros2/glnxa64/ros2/share/class_loader/cmake)
[1.159s] -- Found geometry_msgs: 4.2.3 (/usr/local/MATLAB/R2024a/sys/ros2/glnxa64/ros2/share/geometry_msgs/cmake)
[1.256s] -- Found rclcpp: 16.0.5 (/usr/local/MATLAB/R2024a/sys/ros2/glnxa64/ros2/share/rclcpp/cmake)
[1.302s] -- Found rmw_implementation_cmake: 6.1.1 (/usr/local/MATLAB/R2024a/sys/ros2/glnxa64/ros2/share/rmw_implementation_cmake/cmake)
[1.304s] -- Found rmw_fastrtps_cpp: 6.2.2 (/usr/local/MATLAB/R2024a/sys/ros2/glnxa64/ros2/share/rmw_fastrtps_cpp/cmake)
[1.359s] -- Found FastRTPS: /usr/local/MATLAB/R2024a/sys/ros2/glnxa64/ros2/include  
[1.384s] -- Using RMW implementation 'rmw_fastrtps_cpp' as default
[1.391s] -- Performing Test CMAKE_HAVE_LIBC_PTHREAD
[1.434s] -- Performing Test CMAKE_HAVE_LIBC_PTHREAD - Failed
[1.434s] -- Looking for pthread_create in pthreads
[1.472s] -- Looking for pthread_create in pthreads - not found
[1.473s] -- Looking for pthread_create in pthread
[1.517s] -- Looking for pthread_create in pthread - found
[1.518s] -- Found Threads: TRUE  
[1.608s] -- Found sensor_msgs: 4.2.3 (/usr/local/MATLAB/R2024a/sys/ros2/glnxa64/ros2/share/sensor_msgs/cmake)
[2.085s] -- Using all available rosidl_typesupport_c: rosidl_typesupport_fastrtps_c;rosidl_typesupport_introspection_c
[2.322s] -- Using all available rosidl_typesupport_cpp: rosidl_typesupport_fastrtps_cpp;rosidl_typesupport_introspection_cpp
[2.329s] -- Configuring done
[2.358s] -- Generating done
[2.366s] -- Build files have been written to: /home/aiv/YongJun_ws/IVL_WS/matlab_ws/ros_msg/matlab_msg_gen/glnxa64/build/vision_msgs
[2.375s] Invoked command in '/home/aiv/YongJun_ws/IVL_WS/matlab_ws/ros_msg/matlab_msg_gen/glnxa64/build/vision_msgs' returned '0': PS1=(venv) VIRTUAL_ENV_PROMPT=(venv) /usr/local/MATLAB/R2024a/bin/glnxa64/cmake/bin/cmake /home/aiv/YongJun_ws/IVL_WS/matlab_ws/ros_msg/matlab_msg_gen/glnxa64/src/vision_msgs -DCMAKE_BUILD_TYPE=Release -DCMAKE_SHARED_LINKER_FLAGS=-Wl,-no-as-needed -DBUILD_TESTING=OFF -DALIAS_ROS2_TF2=1 -DCMAKE_CXX_FLAGS_RELEASE=-O0 -G Ninja -DCMAKE_C_COMPILER=/usr/bin/gcc -DCMAKE_CXX_COMPILER=/usr/bin/g++ -DCMAKE_INSTALL_PREFIX=/home/aiv/YongJun_ws/IVL_WS/matlab_ws/ros_msg/matlab_msg_gen/glnxa64/install
[2.375s] Invoking command in '/home/aiv/YongJun_ws/IVL_WS/matlab_ws/ros_msg/matlab_msg_gen/glnxa64/build/vision_msgs': PS1=(venv) VIRTUAL_ENV_PROMPT=(venv) /usr/local/MATLAB/R2024a/bin/glnxa64/cmake/bin/cmake --build /home/aiv/YongJun_ws/IVL_WS/matlab_ws/ros_msg/matlab_msg_gen/glnxa64/build/vision_msgs -- -j32 -l32
[3.024s] [1/120] Generating C++ code for ROS interfaces
[3.059s] [2/120] Generating C code for ROS interfaces
[3.143s] [3/120] Building C object CMakeFiles/vision_msgs__rosidl_generator_c.dir/rosidl_generator_c/vision_msgs/msg/detail/object_hypothesis__functions.c.o
[3.143s] [4/120] Building C object CMakeFiles/vision_msgs__rosidl_generator_c.dir/rosidl_generator_c/vision_msgs/msg/detail/object_hypothesis_with_pose__functions.c.o
[3.145s] [5/120] Building C object CMakeFiles/vision_msgs__rosidl_generator_c.dir/rosidl_generator_c/vision_msgs/msg/detail/classification2_d__functions.c.o
[3.145s] [6/120] Building C object CMakeFiles/vision_msgs__rosidl_generator_c.dir/rosidl_generator_c/vision_msgs/msg/detail/vision_info__functions.c.o
[3.153s] [7/120] Building C object CMakeFiles/vision_msgs__rosidl_generator_c.dir/rosidl_generator_c/vision_msgs/msg/detail/detection2_d__functions.c.o
[3.158s] [8/120] Building C object CMakeFiles/vision_msgs__rosidl_generator_c.dir/rosidl_generator_c/vision_msgs/msg/detail/bounding_box2_d_array__functions.c.o
[3.162s] [9/120] Building C object CMakeFiles/vision_msgs__rosidl_generator_c.dir/rosidl_generator_c/vision_msgs/msg/detail/bounding_box2_d__functions.c.o
[3.162s] [10/120] Building C object CMakeFiles/vision_msgs__rosidl_generator_c.dir/rosidl_generator_c/vision_msgs/msg/detail/detection3_d_array__functions.c.o
[3.162s] [11/120] Building C object CMakeFiles/vision_msgs__rosidl_generator_c.dir/rosidl_generator_c/vision_msgs/msg/detail/bounding_box3_d_array__functions.c.o
[3.163s] [12/120] Building C object CMakeFiles/vision_msgs__rosidl_generator_c.dir/rosidl_generator_c/vision_msgs/msg/detail/detection2_d_array__functions.c.o
[3.163s] [13/120] Building C object CMakeFiles/vision_msgs__rosidl_generator_c.dir/rosidl_generator_c/vision_msgs/msg/detail/bounding_box3_d__functions.c.o
[3.168s] [14/120] Building C object CMakeFiles/vision_msgs__rosidl_generator_c.dir/rosidl_generator_c/vision_msgs/msg/detail/classification3_d__functions.c.o
[3.170s] [15/120] Building C object CMakeFiles/vision_msgs__rosidl_generator_c.dir/rosidl_generator_c/vision_msgs/msg/detail/detection3_d__functions.c.o
[3.184s] [16/120] Linking C shared library libvision_msgs__rosidl_generator_c.so
[3.544s] [17/120] Generating C++ type support dispatch for ROS interfaces
[3.674s] [18/120] Generating C++ introspection for ROS interfaces
[3.807s] [19/120] Generating C++ type support for eProsima Fast-RTPS
[3.878s] [20/120] Generating C type support dispatch for ROS interfaces
[3.914s] [21/120] Building CXX object CMakeFiles/vision_msgs__rosidl_typesupport_c.dir/rosidl_typesupport_c/vision_msgs/msg/bounding_box2_d__type_support.cpp.o
[3.922s] [22/120] Building CXX object CMakeFiles/vision_msgs__rosidl_typesupport_cpp.dir/rosidl_typesupport_cpp/vision_msgs/msg/bounding_box3_d_array__type_support.cpp.o
[3.927s] [23/120] Building CXX object CMakeFiles/vision_msgs__rosidl_typesupport_cpp.dir/rosidl_typesupport_cpp/vision_msgs/msg/object_hypothesis__type_support.cpp.o
[3.941s] [24/120] Building CXX object CMakeFiles/vision_msgs__rosidl_typesupport_cpp.dir/rosidl_typesupport_cpp/vision_msgs/msg/detection2_d_array__type_support.cpp.o
[3.941s] [25/120] Building CXX object CMakeFiles/vision_msgs__rosidl_typesupport_cpp.dir/rosidl_typesupport_cpp/vision_msgs/msg/bounding_box2_d_array__type_support.cpp.o
[3.943s] [26/120] Building CXX object CMakeFiles/vision_msgs__rosidl_typesupport_cpp.dir/rosidl_typesupport_cpp/vision_msgs/msg/classification3_d__type_support.cpp.o
[3.944s] [27/120] Building CXX object CMakeFiles/vision_msgs__rosidl_typesupport_cpp.dir/rosidl_typesupport_cpp/vision_msgs/msg/vision_info__type_support.cpp.o
[3.951s] [28/120] Building CXX object CMakeFiles/vision_msgs__rosidl_typesupport_c.dir/rosidl_typesupport_c/vision_msgs/msg/bounding_box2_d_array__type_support.cpp.o
[3.953s] [29/120] Building CXX object CMakeFiles/vision_msgs__rosidl_typesupport_c.dir/rosidl_typesupport_c/vision_msgs/msg/bounding_box3_d__type_support.cpp.o
[3.967s] [30/120] Building CXX object CMakeFiles/vision_msgs__rosidl_typesupport_c.dir/rosidl_typesupport_c/vision_msgs/msg/bounding_box3_d_array__type_support.cpp.o
[3.972s] [31/120] Building CXX object CMakeFiles/vision_msgs__rosidl_typesupport_cpp.dir/rosidl_typesupport_cpp/vision_msgs/msg/bounding_box2_d__type_support.cpp.o
[3.979s] [32/120] Building CXX object CMakeFiles/vision_msgs__rosidl_typesupport_c.dir/rosidl_typesupport_c/vision_msgs/msg/classification3_d__type_support.cpp.o
[3.979s] [33/120] Building CXX object CMakeFiles/vision_msgs__rosidl_typesupport_c.dir/rosidl_typesupport_c/vision_msgs/msg/detection3_d__type_support.cpp.o
[3.980s] [34/120] Building CXX object CMakeFiles/vision_msgs__rosidl_typesupport_c.dir/rosidl_typesupport_c/vision_msgs/msg/classification2_d__type_support.cpp.o
[3.981s] [35/120] Building CXX object CMakeFiles/vision_msgs__rosidl_typesupport_cpp.dir/rosidl_typesupport_cpp/vision_msgs/msg/detection3_d__type_support.cpp.o
[3.985s] [36/120] Building CXX object CMakeFiles/vision_msgs__rosidl_typesupport_c.dir/rosidl_typesupport_c/vision_msgs/msg/detection2_d_array__type_support.cpp.o
[3.994s] [37/120] Building CXX object CMakeFiles/vision_msgs__rosidl_typesupport_c.dir/rosidl_typesupport_c/vision_msgs/msg/detection2_d__type_support.cpp.o
[3.994s] [38/120] Building CXX object CMakeFiles/vision_msgs__rosidl_typesupport_c.dir/rosidl_typesupport_c/vision_msgs/msg/detection3_d_array__type_support.cpp.o
[3.998s] [39/120] Building CXX object CMakeFiles/vision_msgs__rosidl_typesupport_cpp.dir/rosidl_typesupport_cpp/vision_msgs/msg/bounding_box3_d__type_support.cpp.o
[3.999s] [40/120] Building CXX object CMakeFiles/vision_msgs__rosidl_typesupport_cpp.dir/rosidl_typesupport_cpp/vision_msgs/msg/classification2_d__type_support.cpp.o
[4.000s] [41/120] Building CXX object CMakeFiles/vision_msgs__rosidl_typesupport_cpp.dir/rosidl_typesupport_cpp/vision_msgs/msg/object_hypothesis_with_pose__type_support.cpp.o
[4.005s] [42/120] Building CXX object CMakeFiles/vision_msgs__rosidl_typesupport_c.dir/rosidl_typesupport_c/vision_msgs/msg/object_hypothesis__type_support.cpp.o
[4.006s] [43/120] Building CXX object CMakeFiles/vision_msgs__rosidl_typesupport_cpp.dir/rosidl_typesupport_cpp/vision_msgs/msg/detection2_d__type_support.cpp.o
[4.007s] [44/120] Building CXX object CMakeFiles/vision_msgs__rosidl_typesupport_cpp.dir/rosidl_typesupport_cpp/vision_msgs/msg/detection3_d_array__type_support.cpp.o
[4.014s] [45/120] Building CXX object CMakeFiles/vision_msgs__rosidl_typesupport_c.dir/rosidl_typesupport_c/vision_msgs/msg/object_hypothesis_with_pose__type_support.cpp.o
[4.017s] [46/120] Building CXX object CMakeFiles/vision_msgs__rosidl_typesupport_c.dir/rosidl_typesupport_c/vision_msgs/msg/vision_info__type_support.cpp.o
[4.109s] [47/120] Generating C introspection for ROS interfaces
[4.143s] [48/120] Linking CXX shared library libvision_msgs__rosidl_typesupport_c.so
[4.164s] [49/120] Building C object CMakeFiles/vision_msgs__rosidl_typesupport_introspection_c.dir/rosidl_typesupport_introspection_c/vision_msgs/msg/detail/bounding_box2_d__type_support.c.o
[4.174s] [50/120] Generating C type support for eProsima Fast-RTPS
[4.196s] [51/120] Building C object CMakeFiles/vision_msgs__rosidl_typesupport_introspection_c.dir/rosidl_typesupport_introspection_c/vision_msgs/msg/detail/bounding_box3_d__type_support.c.o
[4.232s] [52/120] Building C object CMakeFiles/vision_msgs__rosidl_typesupport_introspection_c.dir/rosidl_typesupport_introspection_c/vision_msgs/msg/detail/bounding_box2_d_array__type_support.c.o
[4.250s] [53/120] Building CXX object CMakeFiles/vision_msgs__rosidl_typesupport_introspection_cpp.dir/rosidl_typesupport_introspection_cpp/vision_msgs/msg/detail/bounding_box2_d__type_support.cpp.o
[4.328s] [54/120] Building CXX object CMakeFiles/vision_msgs__rosidl_typesupport_introspection_cpp.dir/rosidl_typesupport_introspection_cpp/vision_msgs/msg/detail/bounding_box2_d_array__type_support.cpp.o
[4.390s] [55/120] Building CXX object CMakeFiles/vision_msgs__rosidl_typesupport_fastrtps_cpp.dir/rosidl_typesupport_fastrtps_cpp/vision_msgs/msg/detail/dds_fastrtps/bounding_box2_d__type_support.cpp.o
[4.506s] [56/120] Building CXX object CMakeFiles/vision_msgs__rosidl_typesupport_fastrtps_cpp.dir/rosidl_typesupport_fastrtps_cpp/vision_msgs/msg/detail/dds_fastrtps/object_hypothesis_with_pose__type_support.cpp.o
[4.559s] [57/120] Building CXX object CMakeFiles/vision_msgs__rosidl_typesupport_fastrtps_cpp.dir/rosidl_typesupport_fastrtps_cpp/vision_msgs/msg/detail/dds_fastrtps/bounding_box3_d__type_support.cpp.o
[4.577s] [58/120] Building CXX object CMakeFiles/vision_msgs__rosidl_typesupport_fastrtps_cpp.dir/rosidl_typesupport_fastrtps_cpp/vision_msgs/msg/detail/dds_fastrtps/vision_info__type_support.cpp.o
[4.645s] [59/120] Building CXX object CMakeFiles/vision_msgs__rosidl_typesupport_fastrtps_cpp.dir/rosidl_typesupport_fastrtps_cpp/vision_msgs/msg/detail/dds_fastrtps/bounding_box3_d_array__type_support.cpp.o
[4.659s] [60/120] Building CXX object CMakeFiles/vision_msgs__rosidl_typesupport_fastrtps_cpp.dir/rosidl_typesupport_fastrtps_cpp/vision_msgs/msg/detail/dds_fastrtps/object_hypothesis__type_support.cpp.o
[4.683s] [61/120] Building CXX object CMakeFiles/vision_msgs__rosidl_typesupport_fastrtps_cpp.dir/rosidl_typesupport_fastrtps_cpp/vision_msgs/msg/detail/dds_fastrtps/detection3_d__type_support.cpp.o
[4.696s] [62/120] Building CXX object CMakeFiles/vision_msgs__rosidl_typesupport_fastrtps_c.dir/rosidl_typesupport_fastrtps_c/vision_msgs/msg/detail/bounding_box2_d__type_support_c.cpp.o
[4.697s] [63/120] Building CXX object CMakeFiles/vision_msgs__rosidl_typesupport_introspection_cpp.dir/rosidl_typesupport_introspection_cpp/vision_msgs/msg/detail/bounding_box3_d__type_support.cpp.o
[4.706s] [64/120] Building CXX object CMakeFiles/vision_msgs__rosidl_typesupport_fastrtps_c.dir/rosidl_typesupport_fastrtps_c/vision_msgs/msg/detail/bounding_box2_d_array__type_support_c.cpp.o
[4.725s] [65/120] Building CXX object CMakeFiles/vision_msgs__rosidl_typesupport_fastrtps_cpp.dir/rosidl_typesupport_fastrtps_cpp/vision_msgs/msg/detail/dds_fastrtps/classification2_d__type_support.cpp.o
[4.736s] [66/120] Building CXX object CMakeFiles/vision_msgs__rosidl_typesupport_fastrtps_c.dir/rosidl_typesupport_fastrtps_c/vision_msgs/msg/detail/object_hypothesis_with_pose__type_support_c.cpp.o
[4.755s] [67/120] Building CXX object CMakeFiles/vision_msgs__rosidl_typesupport_fastrtps_cpp.dir/rosidl_typesupport_fastrtps_cpp/vision_msgs/msg/detail/dds_fastrtps/bounding_box2_d_array__type_support.cpp.o
[4.758s] [68/120] Building CXX object CMakeFiles/vision_msgs__rosidl_typesupport_fastrtps_cpp.dir/rosidl_typesupport_fastrtps_cpp/vision_msgs/msg/detail/dds_fastrtps/classification3_d__type_support.cpp.o
[4.767s] [69/120] Building CXX object CMakeFiles/vision_msgs__rosidl_typesupport_fastrtps_c.dir/rosidl_typesupport_fastrtps_c/vision_msgs/msg/detail/bounding_box3_d__type_support_c.cpp.o
[4.775s] [70/120] Building C object CMakeFiles/vision_msgs__rosidl_typesupport_introspection_c.dir/rosidl_typesupport_introspection_c/vision_msgs/msg/detail/bounding_box3_d_array__type_support.c.o
[4.792s] [71/120] Building C object CMakeFiles/vision_msgs__rosidl_typesupport_introspection_c.dir/rosidl_typesupport_introspection_c/vision_msgs/msg/detail/classification3_d__type_support.c.o
[4.794s] [72/120] Building CXX object CMakeFiles/vision_msgs__rosidl_typesupport_fastrtps_cpp.dir/rosidl_typesupport_fastrtps_cpp/vision_msgs/msg/detail/dds_fastrtps/detection2_d__type_support.cpp.o
[4.794s] [73/120] Building C object CMakeFiles/vision_msgs__rosidl_typesupport_introspection_c.dir/rosidl_typesupport_introspection_c/vision_msgs/msg/detail/classification2_d__type_support.c.o
[4.803s] [74/120] Building CXX object CMakeFiles/vision_msgs__rosidl_typesupport_fastrtps_c.dir/rosidl_typesupport_fastrtps_c/vision_msgs/msg/detail/bounding_box3_d_array__type_support_c.cpp.o
[4.804s] [75/120] Building C object CMakeFiles/vision_msgs__rosidl_typesupport_introspection_c.dir/rosidl_typesupport_introspection_c/vision_msgs/msg/detail/detection2_d__type_support.c.o
[4.824s] [76/120] Building CXX object CMakeFiles/vision_msgs__rosidl_typesupport_fastrtps_cpp.dir/rosidl_typesupport_fastrtps_cpp/vision_msgs/msg/detail/dds_fastrtps/detection2_d_array__type_support.cpp.o
[4.826s] [77/120] Building C object CMakeFiles/vision_msgs__rosidl_typesupport_introspection_c.dir/rosidl_typesupport_introspection_c/vision_msgs/msg/detail/detection2_d_array__type_support.c.o
[4.829s] [78/120] Building C object CMakeFiles/vision_msgs__rosidl_typesupport_introspection_c.dir/rosidl_typesupport_introspection_c/vision_msgs/msg/detail/detection3_d__type_support.c.o
[4.830s] [79/120] Building C object CMakeFiles/vision_msgs__rosidl_typesupport_introspection_c.dir/rosidl_typesupport_introspection_c/vision_msgs/msg/detail/object_hypothesis__type_support.c.o
[4.847s] [80/120] Building C object CMakeFiles/vision_msgs__rosidl_typesupport_introspection_c.dir/rosidl_typesupport_introspection_c/vision_msgs/msg/detail/vision_info__type_support.c.o
[4.856s] [81/120] Building C object CMakeFiles/vision_msgs__rosidl_typesupport_introspection_c.dir/rosidl_typesupport_introspection_c/vision_msgs/msg/detail/detection3_d_array__type_support.c.o
[4.886s] [82/120] Building C object CMakeFiles/vision_msgs__rosidl_typesupport_introspection_c.dir/rosidl_typesupport_introspection_c/vision_msgs/msg/detail/object_hypothesis_with_pose__type_support.c.o
[4.920s] [83/120] Building CXX object CMakeFiles/vision_msgs__rosidl_typesupport_fastrtps_cpp.dir/rosidl_typesupport_fastrtps_cpp/vision_msgs/msg/detail/dds_fastrtps/detection3_d_array__type_support.cpp.o
[4.929s] [84/120] Building CXX object CMakeFiles/vision_msgs__rosidl_typesupport_fastrtps_c.dir/rosidl_typesupport_fastrtps_c/vision_msgs/msg/detail/classification2_d__type_support_c.cpp.o
[4.939s] [85/120] Linking C shared library libvision_msgs__rosidl_typesupport_introspection_c.so
[5.018s] [86/120] Linking CXX shared library libvision_msgs__rosidl_typesupport_cpp.so
[5.046s] [87/120] Linking CXX shared library libvision_msgs__rosidl_typesupport_fastrtps_cpp.so
[5.067s] [88/120] Building CXX object CMakeFiles/vision_msgs__rosidl_typesupport_fastrtps_c.dir/rosidl_typesupport_fastrtps_c/vision_msgs/msg/detail/detection2_d_array__type_support_c.cpp.o
[5.076s] [89/120] Building CXX object CMakeFiles/vision_msgs__rosidl_typesupport_fastrtps_c.dir/rosidl_typesupport_fastrtps_c/vision_msgs/msg/detail/classification3_d__type_support_c.cpp.o
[5.105s] [90/120] Building CXX object CMakeFiles/vision_msgs__rosidl_typesupport_fastrtps_c.dir/rosidl_typesupport_fastrtps_c/vision_msgs/msg/detail/detection2_d__type_support_c.cpp.o
[5.149s] [91/120] Building CXX object CMakeFiles/vision_msgs__rosidl_typesupport_fastrtps_c.dir/rosidl_typesupport_fastrtps_c/vision_msgs/msg/detail/detection3_d_array__type_support_c.cpp.o
[5.174s] [92/120] Building CXX object CMakeFiles/vision_msgs__rosidl_typesupport_fastrtps_c.dir/rosidl_typesupport_fastrtps_c/vision_msgs/msg/detail/object_hypothesis__type_support_c.cpp.o
[5.198s] [93/120] Building CXX object CMakeFiles/vision_msgs__rosidl_typesupport_fastrtps_c.dir/rosidl_typesupport_fastrtps_c/vision_msgs/msg/detail/vision_info__type_support_c.cpp.o
[5.243s] [94/120] Building CXX object CMakeFiles/vision_msgs__rosidl_typesupport_fastrtps_c.dir/rosidl_typesupport_fastrtps_c/vision_msgs/msg/detail/detection3_d__type_support_c.cpp.o
[5.332s] [95/120] Linking CXX shared library libvision_msgs__rosidl_typesupport_fastrtps_c.so
[5.351s] [96/120] Building CXX object CMakeFiles/vision_msgs__rosidl_typesupport_introspection_cpp.dir/rosidl_typesupport_introspection_cpp/vision_msgs/msg/detail/bounding_box3_d_array__type_support.cpp.o
[5.353s] [97/120] Building CXX object CMakeFiles/vision_msgs__rosidl_typesupport_introspection_cpp.dir/rosidl_typesupport_introspection_cpp/vision_msgs/msg/detail/object_hypothesis__type_support.cpp.o
[5.373s] [98/120] Building CXX object CMakeFiles/vision_msgs__rosidl_typesupport_introspection_cpp.dir/rosidl_typesupport_introspection_cpp/vision_msgs/msg/detail/classification2_d__type_support.cpp.o
[5.509s] [99/120] Building CXX object CMakeFiles/vision_msgs__rosidl_typesupport_introspection_cpp.dir/rosidl_typesupport_introspection_cpp/vision_msgs/msg/detail/vision_info__type_support.cpp.o
[5.512s] [100/120] Building CXX object CMakeFiles/vision_msgs__rosidl_typesupport_introspection_cpp.dir/rosidl_typesupport_introspection_cpp/vision_msgs/msg/detail/object_hypothesis_with_pose__type_support.cpp.o
[5.512s] [101/120] Building CXX object CMakeFiles/vision_msgs__rosidl_typesupport_introspection_cpp.dir/rosidl_typesupport_introspection_cpp/vision_msgs/msg/detail/detection3_d_array__type_support.cpp.o
[5.551s] [102/120] Building CXX object CMakeFiles/vision_msgs__rosidl_typesupport_introspection_cpp.dir/rosidl_typesupport_introspection_cpp/vision_msgs/msg/detail/classification3_d__type_support.cpp.o
[5.574s] [103/120] Building CXX object CMakeFiles/vision_msgs__rosidl_typesupport_introspection_cpp.dir/rosidl_typesupport_introspection_cpp/vision_msgs/msg/detail/detection2_d__type_support.cpp.o
[5.574s] [104/120] Building CXX object CMakeFiles/vision_msgs__rosidl_typesupport_introspection_cpp.dir/rosidl_typesupport_introspection_cpp/vision_msgs/msg/detail/detection3_d__type_support.cpp.o
[5.686s] [105/120] Building CXX object CMakeFiles/vision_msgs__rosidl_typesupport_introspection_cpp.dir/rosidl_typesupport_introspection_cpp/vision_msgs/msg/detail/detection2_d_array__type_support.cpp.o
[5.781s] [106/120] Linking CXX shared library libvision_msgs__rosidl_typesupport_introspection_cpp.so
[12.549s] [107/120] Building CXX object CMakeFiles/vision_msgs_matlab.dir/src/vision_msgs_ObjectHypothesis_message.cpp.o
[12.646s] [108/120] Building CXX object CMakeFiles/vision_msgs_matlab.dir/src/vision_msgs_BoundingBox2D_message.cpp.o
[12.736s] [109/120] Building CXX object CMakeFiles/vision_msgs_matlab.dir/src/vision_msgs_Detection2DArray_message.cpp.o
[12.774s] [110/120] Building CXX object CMakeFiles/vision_msgs_matlab.dir/src/vision_msgs_Classification2D_message.cpp.o
[12.893s] [111/120] Building CXX object CMakeFiles/vision_msgs_matlab.dir/src/vision_msgs_VisionInfo_message.cpp.o
[12.919s] [112/120] Building CXX object CMakeFiles/vision_msgs_matlab.dir/src/vision_msgs_Detection3DArray_message.cpp.o
[13.302s] [113/120] Building CXX object CMakeFiles/vision_msgs_matlab.dir/src/vision_msgs_ObjectHypothesisWithPose_message.cpp.o
[13.329s] [114/120] Building CXX object CMakeFiles/vision_msgs_matlab.dir/src/vision_msgs_Detection3D_message.cpp.o
[13.504s] [115/120] Building CXX object CMakeFiles/vision_msgs_matlab.dir/src/vision_msgs_BoundingBox2DArray_message.cpp.o
[14.732s] [116/120] Building CXX object CMakeFiles/vision_msgs_matlab.dir/src/vision_msgs_BoundingBox3DArray_message.cpp.o
[15.078s] [117/120] Building CXX object CMakeFiles/vision_msgs_matlab.dir/src/vision_msgs_BoundingBox3D_message.cpp.o
[15.354s] [118/120] Building CXX object CMakeFiles/vision_msgs_matlab.dir/src/vision_msgs_Classification3D_message.cpp.o
[15.410s] [119/120] Building CXX object CMakeFiles/vision_msgs_matlab.dir/src/vision_msgs_Detection2D_message.cpp.o
[17.582s] [120/120] Linking CXX shared library libvision_msgs_matlab.so
[17.584s] Invoked command in '/home/aiv/YongJun_ws/IVL_WS/matlab_ws/ros_msg/matlab_msg_gen/glnxa64/build/vision_msgs' returned '0': PS1=(venv) VIRTUAL_ENV_PROMPT=(venv) /usr/local/MATLAB/R2024a/bin/glnxa64/cmake/bin/cmake --build /home/aiv/YongJun_ws/IVL_WS/matlab_ws/ros_msg/matlab_msg_gen/glnxa64/build/vision_msgs -- -j32 -l32
[17.598s] Invoking command in '/home/aiv/YongJun_ws/IVL_WS/matlab_ws/ros_msg/matlab_msg_gen/glnxa64/build/vision_msgs': PS1=(venv) VIRTUAL_ENV_PROMPT=(venv) /usr/local/MATLAB/R2024a/bin/glnxa64/cmake/bin/cmake --install /home/aiv/YongJun_ws/IVL_WS/matlab_ws/ros_msg/matlab_msg_gen/glnxa64/build/vision_msgs
[17.599s] -- Install configuration: "Release"
[17.599s] -- Installing: /home/aiv/YongJun_ws/IVL_WS/matlab_ws/ros_msg/matlab_msg_gen/glnxa64/install/share/ament_index/resource_index/rosidl_interfaces/vision_msgs
[17.599s] -- Installing: /home/aiv/YongJun_ws/IVL_WS/matlab_ws/ros_msg/matlab_msg_gen/glnxa64/install/include/vision_msgs/vision_msgs
[17.599s] -- Installing: /home/aiv/YongJun_ws/IVL_WS/matlab_ws/ros_msg/matlab_msg_gen/glnxa64/install/include/vision_msgs/vision_msgs/msg
[17.599s] -- Installing: /home/aiv/YongJun_ws/IVL_WS/matlab_ws/ros_msg/matlab_msg_gen/glnxa64/install/include/vision_msgs/vision_msgs/msg/vision_info.h
[17.599s] -- Installing: /home/aiv/YongJun_ws/IVL_WS/matlab_ws/ros_msg/matlab_msg_gen/glnxa64/install/include/vision_msgs/vision_msgs/msg/bounding_box2_d_array.h
[17.599s] -- Installing: /home/aiv/YongJun_ws/IVL_WS/matlab_ws/ros_msg/matlab_msg_gen/glnxa64/install/include/vision_msgs/vision_msgs/msg/detection3_d.h
[17.599s] -- Installing: /home/aiv/YongJun_ws/IVL_WS/matlab_ws/ros_msg/matlab_msg_gen/glnxa64/install/include/vision_msgs/vision_msgs/msg/object_hypothesis.h
[17.599s] -- Installing: /home/aiv/YongJun_ws/IVL_WS/matlab_ws/ros_msg/matlab_msg_gen/glnxa64/install/include/vision_msgs/vision_msgs/msg/detection2_d.h
[17.600s] -- Installing: /home/aiv/YongJun_ws/IVL_WS/matlab_ws/ros_msg/matlab_msg_gen/glnxa64/install/include/vision_msgs/vision_msgs/msg/bounding_box3_d_array.h
[17.600s] -- Installing: /home/aiv/YongJun_ws/IVL_WS/matlab_ws/ros_msg/matlab_msg_gen/glnxa64/install/include/vision_msgs/vision_msgs/msg/rosidl_generator_c__visibility_control.h
[17.600s] -- Installing: /home/aiv/YongJun_ws/IVL_WS/matlab_ws/ros_msg/matlab_msg_gen/glnxa64/install/include/vision_msgs/vision_msgs/msg/bounding_box2_d.h
[17.600s] -- Installing: /home/aiv/YongJun_ws/IVL_WS/matlab_ws/ros_msg/matlab_msg_gen/glnxa64/install/include/vision_msgs/vision_msgs/msg/object_hypothesis_with_pose.h
[17.600s] -- Installing: /home/aiv/YongJun_ws/IVL_WS/matlab_ws/ros_msg/matlab_msg_gen/glnxa64/install/include/vision_msgs/vision_msgs/msg/detail
[17.600s] -- Installing: /home/aiv/YongJun_ws/IVL_WS/matlab_ws/ros_msg/matlab_msg_gen/glnxa64/install/include/vision_msgs/vision_msgs/msg/detail/classification3_d__struct.h
[17.600s] -- Installing: /home/aiv/YongJun_ws/IVL_WS/matlab_ws/ros_msg/matlab_msg_gen/glnxa64/install/include/vision_msgs/vision_msgs/msg/detail/bounding_box2_d__type_support.h
[17.600s] -- Installing: /home/aiv/YongJun_ws/IVL_WS/matlab_ws/ros_msg/matlab_msg_gen/glnxa64/install/include/vision_msgs/vision_msgs/msg/detail/bounding_box2_d_array__functions.h
[17.600s] -- Installing: /home/aiv/YongJun_ws/IVL_WS/matlab_ws/ros_msg/matlab_msg_gen/glnxa64/install/include/vision_msgs/vision_msgs/msg/detail/classification3_d__type_support.h
[17.600s] -- Installing: /home/aiv/YongJun_ws/IVL_WS/matlab_ws/ros_msg/matlab_msg_gen/glnxa64/install/include/vision_msgs/vision_msgs/msg/detail/object_hypothesis_with_pose__type_support.h
[17.601s] -- Installing: /home/aiv/YongJun_ws/IVL_WS/matlab_ws/ros_msg/matlab_msg_gen/glnxa64/install/include/vision_msgs/vision_msgs/msg/detail/detection3_d_array__functions.c
[17.601s] -- Installing: /home/aiv/YongJun_ws/IVL_WS/matlab_ws/ros_msg/matlab_msg_gen/glnxa64/install/include/vision_msgs/vision_msgs/msg/detail/classification3_d__functions.h
[17.601s] -- Installing: /home/aiv/YongJun_ws/IVL_WS/matlab_ws/ros_msg/matlab_msg_gen/glnxa64/install/include/vision_msgs/vision_msgs/msg/detail/bounding_box2_d_array__functions.c
[17.601s] -- Installing: /home/aiv/YongJun_ws/IVL_WS/matlab_ws/ros_msg/matlab_msg_gen/glnxa64/install/include/vision_msgs/vision_msgs/msg/detail/object_hypothesis__functions.h
[17.601s] -- Installing: /home/aiv/YongJun_ws/IVL_WS/matlab_ws/ros_msg/matlab_msg_gen/glnxa64/install/include/vision_msgs/vision_msgs/msg/detail/detection2_d__functions.h
[17.601s] -- Installing: /home/aiv/YongJun_ws/IVL_WS/matlab_ws/ros_msg/matlab_msg_gen/glnxa64/install/include/vision_msgs/vision_msgs/msg/detail/classification2_d__struct.h
[17.601s] -- Installing: /home/aiv/YongJun_ws/IVL_WS/matlab_ws/ros_msg/matlab_msg_gen/glnxa64/install/include/vision_msgs/vision_msgs/msg/detail/bounding_box2_d_array__struct.h
[17.601s] -- Installing: /home/aiv/YongJun_ws/IVL_WS/matlab_ws/ros_msg/matlab_msg_gen/glnxa64/install/include/vision_msgs/vision_msgs/msg/detail/bounding_box3_d_array__type_support.h
[17.601s] -- Installing: /home/aiv/YongJun_ws/IVL_WS/matlab_ws/ros_msg/matlab_msg_gen/glnxa64/install/include/vision_msgs/vision_msgs/msg/detail/detection2_d__functions.c
[17.601s] -- Installing: /home/aiv/YongJun_ws/IVL_WS/matlab_ws/ros_msg/matlab_msg_gen/glnxa64/install/include/vision_msgs/vision_msgs/msg/detail/bounding_box3_d_array__functions.c
[17.602s] -- Installing: /home/aiv/YongJun_ws/IVL_WS/matlab_ws/ros_msg/matlab_msg_gen/glnxa64/install/include/vision_msgs/vision_msgs/msg/detail/object_hypothesis__functions.c
[17.602s] -- Installing: /home/aiv/YongJun_ws/IVL_WS/matlab_ws/ros_msg/matlab_msg_gen/glnxa64/install/include/vision_msgs/vision_msgs/msg/detail/classification3_d__functions.c
[17.602s] -- Installing: /home/aiv/YongJun_ws/IVL_WS/matlab_ws/ros_msg/matlab_msg_gen/glnxa64/install/include/vision_msgs/vision_msgs/msg/detail/bounding_box2_d_array__type_support.h
[17.602s] -- Installing: /home/aiv/YongJun_ws/IVL_WS/matlab_ws/ros_msg/matlab_msg_gen/glnxa64/install/include/vision_msgs/vision_msgs/msg/detail/bounding_box3_d__struct.h
[17.602s] -- Installing: /home/aiv/YongJun_ws/IVL_WS/matlab_ws/ros_msg/matlab_msg_gen/glnxa64/install/include/vision_msgs/vision_msgs/msg/detail/bounding_box3_d_array__struct.h
[17.602s] -- Installing: /home/aiv/YongJun_ws/IVL_WS/matlab_ws/ros_msg/matlab_msg_gen/glnxa64/install/include/vision_msgs/vision_msgs/msg/detail/bounding_box3_d__functions.c
[17.602s] -- Installing: /home/aiv/YongJun_ws/IVL_WS/matlab_ws/ros_msg/matlab_msg_gen/glnxa64/install/include/vision_msgs/vision_msgs/msg/detail/detection2_d_array__type_support.h
[17.602s] -- Installing: /home/aiv/YongJun_ws/IVL_WS/matlab_ws/ros_msg/matlab_msg_gen/glnxa64/install/include/vision_msgs/vision_msgs/msg/detail/detection3_d__struct.h
[17.602s] -- Installing: /home/aiv/YongJun_ws/IVL_WS/matlab_ws/ros_msg/matlab_msg_gen/glnxa64/install/include/vision_msgs/vision_msgs/msg/detail/detection2_d_array__struct.h
[17.602s] -- Installing: /home/aiv/YongJun_ws/IVL_WS/matlab_ws/ros_msg/matlab_msg_gen/glnxa64/install/include/vision_msgs/vision_msgs/msg/detail/object_hypothesis_with_pose__struct.h
[17.603s] -- Installing: /home/aiv/YongJun_ws/IVL_WS/matlab_ws/ros_msg/matlab_msg_gen/glnxa64/install/include/vision_msgs/vision_msgs/msg/detail/bounding_box3_d_array__functions.h
[17.603s] -- Installing: /home/aiv/YongJun_ws/IVL_WS/matlab_ws/ros_msg/matlab_msg_gen/glnxa64/install/include/vision_msgs/vision_msgs/msg/detail/vision_info__type_support.h
[17.603s] -- Installing: /home/aiv/YongJun_ws/IVL_WS/matlab_ws/ros_msg/matlab_msg_gen/glnxa64/install/include/vision_msgs/vision_msgs/msg/detail/detection3_d__functions.c
[17.603s] -- Installing: /home/aiv/YongJun_ws/IVL_WS/matlab_ws/ros_msg/matlab_msg_gen/glnxa64/install/include/vision_msgs/vision_msgs/msg/detail/detection3_d__functions.h
[17.603s] -- Installing: /home/aiv/YongJun_ws/IVL_WS/matlab_ws/ros_msg/matlab_msg_gen/glnxa64/install/include/vision_msgs/vision_msgs/msg/detail/detection2_d_array__functions.h
[17.603s] -- Installing: /home/aiv/YongJun_ws/IVL_WS/matlab_ws/ros_msg/matlab_msg_gen/glnxa64/install/include/vision_msgs/vision_msgs/msg/detail/vision_info__functions.h
[17.603s] -- Installing: /home/aiv/YongJun_ws/IVL_WS/matlab_ws/ros_msg/matlab_msg_gen/glnxa64/install/include/vision_msgs/vision_msgs/msg/detail/object_hypothesis__type_support.h
[17.603s] -- Installing: /home/aiv/YongJun_ws/IVL_WS/matlab_ws/ros_msg/matlab_msg_gen/glnxa64/install/include/vision_msgs/vision_msgs/msg/detail/bounding_box3_d__type_support.h
[17.603s] -- Installing: /home/aiv/YongJun_ws/IVL_WS/matlab_ws/ros_msg/matlab_msg_gen/glnxa64/install/include/vision_msgs/vision_msgs/msg/detail/object_hypothesis_with_pose__functions.c
[17.603s] -- Installing: /home/aiv/YongJun_ws/IVL_WS/matlab_ws/ros_msg/matlab_msg_gen/glnxa64/install/include/vision_msgs/vision_msgs/msg/detail/bounding_box2_d__struct.h
[17.603s] -- Installing: /home/aiv/YongJun_ws/IVL_WS/matlab_ws/ros_msg/matlab_msg_gen/glnxa64/install/include/vision_msgs/vision_msgs/msg/detail/vision_info__functions.c
[17.603s] -- Installing: /home/aiv/YongJun_ws/IVL_WS/matlab_ws/ros_msg/matlab_msg_gen/glnxa64/install/include/vision_msgs/vision_msgs/msg/detail/classification2_d__functions.c
[17.603s] -- Installing: /home/aiv/YongJun_ws/IVL_WS/matlab_ws/ros_msg/matlab_msg_gen/glnxa64/install/include/vision_msgs/vision_msgs/msg/detail/bounding_box2_d__functions.h
[17.603s] -- Installing: /home/aiv/YongJun_ws/IVL_WS/matlab_ws/ros_msg/matlab_msg_gen/glnxa64/install/include/vision_msgs/vision_msgs/msg/detail/detection2_d__type_support.h
[17.603s] -- Installing: /home/aiv/YongJun_ws/IVL_WS/matlab_ws/ros_msg/matlab_msg_gen/glnxa64/install/include/vision_msgs/vision_msgs/msg/detail/detection2_d__struct.h
[17.603s] -- Installing: /home/aiv/YongJun_ws/IVL_WS/matlab_ws/ros_msg/matlab_msg_gen/glnxa64/install/include/vision_msgs/vision_msgs/msg/detail/classification2_d__type_support.h
[17.604s] -- Installing: /home/aiv/YongJun_ws/IVL_WS/matlab_ws/ros_msg/matlab_msg_gen/glnxa64/install/include/vision_msgs/vision_msgs/msg/detail/detection3_d_array__struct.h
[17.604s] -- Installing: /home/aiv/YongJun_ws/IVL_WS/matlab_ws/ros_msg/matlab_msg_gen/glnxa64/install/include/vision_msgs/vision_msgs/msg/detail/classification2_d__functions.h
[17.604s] -- Installing: /home/aiv/YongJun_ws/IVL_WS/matlab_ws/ros_msg/matlab_msg_gen/glnxa64/install/include/vision_msgs/vision_msgs/msg/detail/object_hypothesis_with_pose__functions.h
[17.604s] -- Installing: /home/aiv/YongJun_ws/IVL_WS/matlab_ws/ros_msg/matlab_msg_gen/glnxa64/install/include/vision_msgs/vision_msgs/msg/detail/bounding_box2_d__functions.c
[17.604s] -- Installing: /home/aiv/YongJun_ws/IVL_WS/matlab_ws/ros_msg/matlab_msg_gen/glnxa64/install/include/vision_msgs/vision_msgs/msg/detail/vision_info__struct.h
[17.604s] -- Installing: /home/aiv/YongJun_ws/IVL_WS/matlab_ws/ros_msg/matlab_msg_gen/glnxa64/install/include/vision_msgs/vision_msgs/msg/detail/detection2_d_array__functions.c
[17.604s] -- Installing: /home/aiv/YongJun_ws/IVL_WS/matlab_ws/ros_msg/matlab_msg_gen/glnxa64/install/include/vision_msgs/vision_msgs/msg/detail/detection3_d_array__type_support.h
[17.604s] -- Installing: /home/aiv/YongJun_ws/IVL_WS/matlab_ws/ros_msg/matlab_msg_gen/glnxa64/install/include/vision_msgs/vision_msgs/msg/detail/object_hypothesis__struct.h
[17.604s] -- Installing: /home/aiv/YongJun_ws/IVL_WS/matlab_ws/ros_msg/matlab_msg_gen/glnxa64/install/include/vision_msgs/vision_msgs/msg/detail/detection3_d__type_support.h
[17.604s] -- Installing: /home/aiv/YongJun_ws/IVL_WS/matlab_ws/ros_msg/matlab_msg_gen/glnxa64/install/include/vision_msgs/vision_msgs/msg/detail/bounding_box3_d__functions.h
[17.604s] -- Installing: /home/aiv/YongJun_ws/IVL_WS/matlab_ws/ros_msg/matlab_msg_gen/glnxa64/install/include/vision_msgs/vision_msgs/msg/detail/detection3_d_array__functions.h
[17.604s] -- Installing: /home/aiv/YongJun_ws/IVL_WS/matlab_ws/ros_msg/matlab_msg_gen/glnxa64/install/include/vision_msgs/vision_msgs/msg/bounding_box3_d.h
[17.604s] -- Installing: /home/aiv/YongJun_ws/IVL_WS/matlab_ws/ros_msg/matlab_msg_gen/glnxa64/install/include/vision_msgs/vision_msgs/msg/detection3_d_array.h
[17.604s] -- Installing: /home/aiv/YongJun_ws/IVL_WS/matlab_ws/ros_msg/matlab_msg_gen/glnxa64/install/include/vision_msgs/vision_msgs/msg/classification2_d.h
[17.604s] -- Installing: /home/aiv/YongJun_ws/IVL_WS/matlab_ws/ros_msg/matlab_msg_gen/glnxa64/install/include/vision_msgs/vision_msgs/msg/classification3_d.h
[17.604s] -- Installing: /home/aiv/YongJun_ws/IVL_WS/matlab_ws/ros_msg/matlab_msg_gen/glnxa64/install/include/vision_msgs/vision_msgs/msg/detection2_d_array.h
[17.604s] -- Installing: /home/aiv/YongJun_ws/IVL_WS/matlab_ws/ros_msg/matlab_msg_gen/glnxa64/install/share/vision_msgs/environment/library_path.sh
[17.604s] -- Installing: /home/aiv/YongJun_ws/IVL_WS/matlab_ws/ros_msg/matlab_msg_gen/glnxa64/install/share/vision_msgs/environment/library_path.dsv
[17.604s] -- Installing: /home/aiv/YongJun_ws/IVL_WS/matlab_ws/ros_msg/matlab_msg_gen/glnxa64/install/lib/libvision_msgs__rosidl_generator_c.so
[17.604s] -- Up-to-date: /home/aiv/YongJun_ws/IVL_WS/matlab_ws/ros_msg/matlab_msg_gen/glnxa64/install/include/vision_msgs/vision_msgs
[17.604s] -- Up-to-date: /home/aiv/YongJun_ws/IVL_WS/matlab_ws/ros_msg/matlab_msg_gen/glnxa64/install/include/vision_msgs/vision_msgs/msg
[17.604s] -- Installing: /home/aiv/YongJun_ws/IVL_WS/matlab_ws/ros_msg/matlab_msg_gen/glnxa64/install/include/vision_msgs/vision_msgs/msg/rosidl_typesupport_fastrtps_c__visibility_control.h
[17.605s] -- Up-to-date: /home/aiv/YongJun_ws/IVL_WS/matlab_ws/ros_msg/matlab_msg_gen/glnxa64/install/include/vision_msgs/vision_msgs/msg/detail
[17.605s] -- Installing: /home/aiv/YongJun_ws/IVL_WS/matlab_ws/ros_msg/matlab_msg_gen/glnxa64/install/include/vision_msgs/vision_msgs/msg/detail/detection3_d_array__rosidl_typesupport_fastrtps_c.h
[17.605s] -- Installing: /home/aiv/YongJun_ws/IVL_WS/matlab_ws/ros_msg/matlab_msg_gen/glnxa64/install/include/vision_msgs/vision_msgs/msg/detail/detection2_d_array__rosidl_typesupport_fastrtps_c.h
[17.605s] -- Installing: /home/aiv/YongJun_ws/IVL_WS/matlab_ws/ros_msg/matlab_msg_gen/glnxa64/install/include/vision_msgs/vision_msgs/msg/detail/detection3_d__rosidl_typesupport_fastrtps_c.h
[17.605s] -- Installing: /home/aiv/YongJun_ws/IVL_WS/matlab_ws/ros_msg/matlab_msg_gen/glnxa64/install/include/vision_msgs/vision_msgs/msg/detail/detection2_d__rosidl_typesupport_fastrtps_c.h
[17.605s] -- Installing: /home/aiv/YongJun_ws/IVL_WS/matlab_ws/ros_msg/matlab_msg_gen/glnxa64/install/include/vision_msgs/vision_msgs/msg/detail/vision_info__rosidl_typesupport_fastrtps_c.h
[17.605s] -- Installing: /home/aiv/YongJun_ws/IVL_WS/matlab_ws/ros_msg/matlab_msg_gen/glnxa64/install/include/vision_msgs/vision_msgs/msg/detail/bounding_box2_d_array__rosidl_typesupport_fastrtps_c.h
[17.605s] -- Installing: /home/aiv/YongJun_ws/IVL_WS/matlab_ws/ros_msg/matlab_msg_gen/glnxa64/install/include/vision_msgs/vision_msgs/msg/detail/classification3_d__rosidl_typesupport_fastrtps_c.h
[17.605s] -- Installing: /home/aiv/YongJun_ws/IVL_WS/matlab_ws/ros_msg/matlab_msg_gen/glnxa64/install/include/vision_msgs/vision_msgs/msg/detail/bounding_box3_d__rosidl_typesupport_fastrtps_c.h
[17.605s] -- Installing: /home/aiv/YongJun_ws/IVL_WS/matlab_ws/ros_msg/matlab_msg_gen/glnxa64/install/include/vision_msgs/vision_msgs/msg/detail/object_hypothesis_with_pose__rosidl_typesupport_fastrtps_c.h
[17.605s] -- Installing: /home/aiv/YongJun_ws/IVL_WS/matlab_ws/ros_msg/matlab_msg_gen/glnxa64/install/include/vision_msgs/vision_msgs/msg/detail/bounding_box3_d_array__rosidl_typesupport_fastrtps_c.h
[17.605s] -- Installing: /home/aiv/YongJun_ws/IVL_WS/matlab_ws/ros_msg/matlab_msg_gen/glnxa64/install/include/vision_msgs/vision_msgs/msg/detail/object_hypothesis__rosidl_typesupport_fastrtps_c.h
[17.605s] -- Installing: /home/aiv/YongJun_ws/IVL_WS/matlab_ws/ros_msg/matlab_msg_gen/glnxa64/install/include/vision_msgs/vision_msgs/msg/detail/bounding_box2_d__rosidl_typesupport_fastrtps_c.h
[17.605s] -- Installing: /home/aiv/YongJun_ws/IVL_WS/matlab_ws/ros_msg/matlab_msg_gen/glnxa64/install/include/vision_msgs/vision_msgs/msg/detail/classification2_d__rosidl_typesupport_fastrtps_c.h
[17.605s] -- Installing: /home/aiv/YongJun_ws/IVL_WS/matlab_ws/ros_msg/matlab_msg_gen/glnxa64/install/lib/libvision_msgs__rosidl_typesupport_fastrtps_c.so
[17.605s] -- Up-to-date: /home/aiv/YongJun_ws/IVL_WS/matlab_ws/ros_msg/matlab_msg_gen/glnxa64/install/include/vision_msgs/vision_msgs
[17.605s] -- Up-to-date: /home/aiv/YongJun_ws/IVL_WS/matlab_ws/ros_msg/matlab_msg_gen/glnxa64/install/include/vision_msgs/vision_msgs/msg
[17.605s] -- Installing: /home/aiv/YongJun_ws/IVL_WS/matlab_ws/ros_msg/matlab_msg_gen/glnxa64/install/include/vision_msgs/vision_msgs/msg/rosidl_typesupport_introspection_c__visibility_control.h
[17.605s] -- Up-to-date: /home/aiv/YongJun_ws/IVL_WS/matlab_ws/ros_msg/matlab_msg_gen/glnxa64/install/include/vision_msgs/vision_msgs/msg/detail
[17.605s] -- Installing: /home/aiv/YongJun_ws/IVL_WS/matlab_ws/ros_msg/matlab_msg_gen/glnxa64/install/include/vision_msgs/vision_msgs/msg/detail/detection2_d_array__type_support.c
[17.605s] -- Installing: /home/aiv/YongJun_ws/IVL_WS/matlab_ws/ros_msg/matlab_msg_gen/glnxa64/install/include/vision_msgs/vision_msgs/msg/detail/bounding_box2_d__type_support.c
[17.605s] -- Installing: /home/aiv/YongJun_ws/IVL_WS/matlab_ws/ros_msg/matlab_msg_gen/glnxa64/install/include/vision_msgs/vision_msgs/msg/detail/detection2_d__type_support.c
[17.605s] -- Installing: /home/aiv/YongJun_ws/IVL_WS/matlab_ws/ros_msg/matlab_msg_gen/glnxa64/install/include/vision_msgs/vision_msgs/msg/detail/classification2_d__rosidl_typesupport_introspection_c.h
[17.606s] -- Installing: /home/aiv/YongJun_ws/IVL_WS/matlab_ws/ros_msg/matlab_msg_gen/glnxa64/install/include/vision_msgs/vision_msgs/msg/detail/object_hypothesis__type_support.c
[17.606s] -- Installing: /home/aiv/YongJun_ws/IVL_WS/matlab_ws/ros_msg/matlab_msg_gen/glnxa64/install/include/vision_msgs/vision_msgs/msg/detail/bounding_box3_d_array__rosidl_typesupport_introspection_c.h
[17.606s] -- Installing: /home/aiv/YongJun_ws/IVL_WS/matlab_ws/ros_msg/matlab_msg_gen/glnxa64/install/include/vision_msgs/vision_msgs/msg/detail/bounding_box2_d_array__rosidl_typesupport_introspection_c.h
[17.606s] -- Installing: /home/aiv/YongJun_ws/IVL_WS/matlab_ws/ros_msg/matlab_msg_gen/glnxa64/install/include/vision_msgs/vision_msgs/msg/detail/detection3_d__type_support.c
[17.606s] -- Installing: /home/aiv/YongJun_ws/IVL_WS/matlab_ws/ros_msg/matlab_msg_gen/glnxa64/install/include/vision_msgs/vision_msgs/msg/detail/detection3_d__rosidl_typesupport_introspection_c.h
[17.606s] -- Installing: /home/aiv/YongJun_ws/IVL_WS/matlab_ws/ros_msg/matlab_msg_gen/glnxa64/install/include/vision_msgs/vision_msgs/msg/detail/bounding_box2_d__rosidl_typesupport_introspection_c.h
[17.606s] -- Installing: /home/aiv/YongJun_ws/IVL_WS/matlab_ws/ros_msg/matlab_msg_gen/glnxa64/install/include/vision_msgs/vision_msgs/msg/detail/detection2_d_array__rosidl_typesupport_introspection_c.h
[17.606s] -- Installing: /home/aiv/YongJun_ws/IVL_WS/matlab_ws/ros_msg/matlab_msg_gen/glnxa64/install/include/vision_msgs/vision_msgs/msg/detail/bounding_box3_d_array__type_support.c
[17.606s] -- Installing: /home/aiv/YongJun_ws/IVL_WS/matlab_ws/ros_msg/matlab_msg_gen/glnxa64/install/include/vision_msgs/vision_msgs/msg/detail/object_hypothesis_with_pose__type_support.c
[17.606s] -- Installing: /home/aiv/YongJun_ws/IVL_WS/matlab_ws/ros_msg/matlab_msg_gen/glnxa64/install/include/vision_msgs/vision_msgs/msg/detail/classification3_d__type_support.c
[17.606s] -- Installing: /home/aiv/YongJun_ws/IVL_WS/matlab_ws/ros_msg/matlab_msg_gen/glnxa64/install/include/vision_msgs/vision_msgs/msg/detail/vision_info__type_support.c
[17.606s] -- Installing: /home/aiv/YongJun_ws/IVL_WS/matlab_ws/ros_msg/matlab_msg_gen/glnxa64/install/include/vision_msgs/vision_msgs/msg/detail/object_hypothesis__rosidl_typesupport_introspection_c.h
[17.606s] -- Installing: /home/aiv/YongJun_ws/IVL_WS/matlab_ws/ros_msg/matlab_msg_gen/glnxa64/install/include/vision_msgs/vision_msgs/msg/detail/vision_info__rosidl_typesupport_introspection_c.h
[17.606s] -- Installing: /home/aiv/YongJun_ws/IVL_WS/matlab_ws/ros_msg/matlab_msg_gen/glnxa64/install/include/vision_msgs/vision_msgs/msg/detail/bounding_box3_d__type_support.c
[17.606s] -- Installing: /home/aiv/YongJun_ws/IVL_WS/matlab_ws/ros_msg/matlab_msg_gen/glnxa64/install/include/vision_msgs/vision_msgs/msg/detail/object_hypothesis_with_pose__rosidl_typesupport_introspection_c.h
[17.606s] -- Installing: /home/aiv/YongJun_ws/IVL_WS/matlab_ws/ros_msg/matlab_msg_gen/glnxa64/install/include/vision_msgs/vision_msgs/msg/detail/detection3_d_array__rosidl_typesupport_introspection_c.h
[17.606s] -- Installing: /home/aiv/YongJun_ws/IVL_WS/matlab_ws/ros_msg/matlab_msg_gen/glnxa64/install/include/vision_msgs/vision_msgs/msg/detail/detection3_d_array__type_support.c
[17.606s] -- Installing: /home/aiv/YongJun_ws/IVL_WS/matlab_ws/ros_msg/matlab_msg_gen/glnxa64/install/include/vision_msgs/vision_msgs/msg/detail/detection2_d__rosidl_typesupport_introspection_c.h
[17.606s] -- Installing: /home/aiv/YongJun_ws/IVL_WS/matlab_ws/ros_msg/matlab_msg_gen/glnxa64/install/include/vision_msgs/vision_msgs/msg/detail/classification2_d__type_support.c
[17.606s] -- Installing: /home/aiv/YongJun_ws/IVL_WS/matlab_ws/ros_msg/matlab_msg_gen/glnxa64/install/include/vision_msgs/vision_msgs/msg/detail/classification3_d__rosidl_typesupport_introspection_c.h
[17.606s] -- Installing: /home/aiv/YongJun_ws/IVL_WS/matlab_ws/ros_msg/matlab_msg_gen/glnxa64/install/include/vision_msgs/vision_msgs/msg/detail/bounding_box3_d__rosidl_typesupport_introspection_c.h
[17.606s] -- Installing: /home/aiv/YongJun_ws/IVL_WS/matlab_ws/ros_msg/matlab_msg_gen/glnxa64/install/include/vision_msgs/vision_msgs/msg/detail/bounding_box2_d_array__type_support.c
[17.606s] -- Installing: /home/aiv/YongJun_ws/IVL_WS/matlab_ws/ros_msg/matlab_msg_gen/glnxa64/install/lib/libvision_msgs__rosidl_typesupport_introspection_c.so
[17.606s] -- Installing: /home/aiv/YongJun_ws/IVL_WS/matlab_ws/ros_msg/matlab_msg_gen/glnxa64/install/lib/libvision_msgs__rosidl_typesupport_c.so
[17.607s] -- Up-to-date: /home/aiv/YongJun_ws/IVL_WS/matlab_ws/ros_msg/matlab_msg_gen/glnxa64/install/include/vision_msgs/vision_msgs
[17.607s] -- Up-to-date: /home/aiv/YongJun_ws/IVL_WS/matlab_ws/ros_msg/matlab_msg_gen/glnxa64/install/include/vision_msgs/vision_msgs/msg
[17.607s] -- Installing: /home/aiv/YongJun_ws/IVL_WS/matlab_ws/ros_msg/matlab_msg_gen/glnxa64/install/include/vision_msgs/vision_msgs/msg/object_hypothesis.hpp
[17.607s] -- Installing: /home/aiv/YongJun_ws/IVL_WS/matlab_ws/ros_msg/matlab_msg_gen/glnxa64/install/include/vision_msgs/vision_msgs/msg/detection3_d_array.hpp
[17.607s] -- Installing: /home/aiv/YongJun_ws/IVL_WS/matlab_ws/ros_msg/matlab_msg_gen/glnxa64/install/include/vision_msgs/vision_msgs/msg/bounding_box2_d_array.hpp
[17.607s] -- Installing: /home/aiv/YongJun_ws/IVL_WS/matlab_ws/ros_msg/matlab_msg_gen/glnxa64/install/include/vision_msgs/vision_msgs/msg/bounding_box2_d.hpp
[17.607s] -- Installing: /home/aiv/YongJun_ws/IVL_WS/matlab_ws/ros_msg/matlab_msg_gen/glnxa64/install/include/vision_msgs/vision_msgs/msg/classification3_d.hpp
[17.607s] -- Installing: /home/aiv/YongJun_ws/IVL_WS/matlab_ws/ros_msg/matlab_msg_gen/glnxa64/install/include/vision_msgs/vision_msgs/msg/detection2_d_array.hpp
[17.607s] -- Installing: /home/aiv/YongJun_ws/IVL_WS/matlab_ws/ros_msg/matlab_msg_gen/glnxa64/install/include/vision_msgs/vision_msgs/msg/detection2_d.hpp
[17.607s] -- Installing: /home/aiv/YongJun_ws/IVL_WS/matlab_ws/ros_msg/matlab_msg_gen/glnxa64/install/include/vision_msgs/vision_msgs/msg/detection3_d.hpp
[17.607s] -- Installing: /home/aiv/YongJun_ws/IVL_WS/matlab_ws/ros_msg/matlab_msg_gen/glnxa64/install/include/vision_msgs/vision_msgs/msg/object_hypothesis_with_pose.hpp
[17.607s] -- Installing: /home/aiv/YongJun_ws/IVL_WS/matlab_ws/ros_msg/matlab_msg_gen/glnxa64/install/include/vision_msgs/vision_msgs/msg/classification2_d.hpp
[17.607s] -- Installing: /home/aiv/YongJun_ws/IVL_WS/matlab_ws/ros_msg/matlab_msg_gen/glnxa64/install/include/vision_msgs/vision_msgs/msg/vision_info.hpp
[17.607s] -- Up-to-date: /home/aiv/YongJun_ws/IVL_WS/matlab_ws/ros_msg/matlab_msg_gen/glnxa64/install/include/vision_msgs/vision_msgs/msg/detail
[17.607s] -- Installing: /home/aiv/YongJun_ws/IVL_WS/matlab_ws/ros_msg/matlab_msg_gen/glnxa64/install/include/vision_msgs/vision_msgs/msg/detail/classification3_d__traits.hpp
[17.607s] -- Installing: /home/aiv/YongJun_ws/IVL_WS/matlab_ws/ros_msg/matlab_msg_gen/glnxa64/install/include/vision_msgs/vision_msgs/msg/detail/classification2_d__traits.hpp
[17.607s] -- Installing: /home/aiv/YongJun_ws/IVL_WS/matlab_ws/ros_msg/matlab_msg_gen/glnxa64/install/include/vision_msgs/vision_msgs/msg/detail/bounding_box3_d__builder.hpp
[17.607s] -- Installing: /home/aiv/YongJun_ws/IVL_WS/matlab_ws/ros_msg/matlab_msg_gen/glnxa64/install/include/vision_msgs/vision_msgs/msg/detail/detection2_d_array__traits.hpp
[17.607s] -- Installing: /home/aiv/YongJun_ws/IVL_WS/matlab_ws/ros_msg/matlab_msg_gen/glnxa64/install/include/vision_msgs/vision_msgs/msg/detail/detection3_d_array__traits.hpp
[17.607s] -- Installing: /home/aiv/YongJun_ws/IVL_WS/matlab_ws/ros_msg/matlab_msg_gen/glnxa64/install/include/vision_msgs/vision_msgs/msg/detail/classification3_d__struct.hpp
[17.607s] -- Installing: /home/aiv/YongJun_ws/IVL_WS/matlab_ws/ros_msg/matlab_msg_gen/glnxa64/install/include/vision_msgs/vision_msgs/msg/detail/detection2_d__builder.hpp
[17.607s] -- Installing: /home/aiv/YongJun_ws/IVL_WS/matlab_ws/ros_msg/matlab_msg_gen/glnxa64/install/include/vision_msgs/vision_msgs/msg/detail/bounding_box3_d_array__struct.hpp
[17.607s] -- Installing: /home/aiv/YongJun_ws/IVL_WS/matlab_ws/ros_msg/matlab_msg_gen/glnxa64/install/include/vision_msgs/vision_msgs/msg/detail/vision_info__builder.hpp
[17.607s] -- Installing: /home/aiv/YongJun_ws/IVL_WS/matlab_ws/ros_msg/matlab_msg_gen/glnxa64/install/include/vision_msgs/vision_msgs/msg/detail/detection2_d__traits.hpp
[17.608s] -- Installing: /home/aiv/YongJun_ws/IVL_WS/matlab_ws/ros_msg/matlab_msg_gen/glnxa64/install/include/vision_msgs/vision_msgs/msg/detail/detection3_d__traits.hpp
[17.608s] -- Installing: /home/aiv/YongJun_ws/IVL_WS/matlab_ws/ros_msg/matlab_msg_gen/glnxa64/install/include/vision_msgs/vision_msgs/msg/detail/bounding_box3_d_array__traits.hpp
[17.608s] -- Installing: /home/aiv/YongJun_ws/IVL_WS/matlab_ws/ros_msg/matlab_msg_gen/glnxa64/install/include/vision_msgs/vision_msgs/msg/detail/object_hypothesis__traits.hpp
[17.608s] -- Installing: /home/aiv/YongJun_ws/IVL_WS/matlab_ws/ros_msg/matlab_msg_gen/glnxa64/install/include/vision_msgs/vision_msgs/msg/detail/classification2_d__struct.hpp
[17.608s] -- Installing: /home/aiv/YongJun_ws/IVL_WS/matlab_ws/ros_msg/matlab_msg_gen/glnxa64/install/include/vision_msgs/vision_msgs/msg/detail/object_hypothesis__builder.hpp
[17.608s] -- Installing: /home/aiv/YongJun_ws/IVL_WS/matlab_ws/ros_msg/matlab_msg_gen/glnxa64/install/include/vision_msgs/vision_msgs/msg/detail/vision_info__traits.hpp
[17.608s] -- Installing: /home/aiv/YongJun_ws/IVL_WS/matlab_ws/ros_msg/matlab_msg_gen/glnxa64/install/include/vision_msgs/vision_msgs/msg/detail/object_hypothesis__struct.hpp
[17.608s] -- Installing: /home/aiv/YongJun_ws/IVL_WS/matlab_ws/ros_msg/matlab_msg_gen/glnxa64/install/include/vision_msgs/vision_msgs/msg/detail/bounding_box2_d__struct.hpp
[17.608s] -- Installing: /home/aiv/YongJun_ws/IVL_WS/matlab_ws/ros_msg/matlab_msg_gen/glnxa64/install/include/vision_msgs/vision_msgs/msg/detail/detection3_d__struct.hpp
[17.608s] -- Installing: /home/aiv/YongJun_ws/IVL_WS/matlab_ws/ros_msg/matlab_msg_gen/glnxa64/install/include/vision_msgs/vision_msgs/msg/detail/bounding_box2_d_array__builder.hpp
[17.608s] -- Installing: /home/aiv/YongJun_ws/IVL_WS/matlab_ws/ros_msg/matlab_msg_gen/glnxa64/install/include/vision_msgs/vision_msgs/msg/detail/classification3_d__builder.hpp
[17.608s] -- Installing: /home/aiv/YongJun_ws/IVL_WS/matlab_ws/ros_msg/matlab_msg_gen/glnxa64/install/include/vision_msgs/vision_msgs/msg/detail/classification2_d__builder.hpp
[17.608s] -- Installing: /home/aiv/YongJun_ws/IVL_WS/matlab_ws/ros_msg/matlab_msg_gen/glnxa64/install/include/vision_msgs/vision_msgs/msg/detail/object_hypothesis_with_pose__struct.hpp
[17.608s] -- Installing: /home/aiv/YongJun_ws/IVL_WS/matlab_ws/ros_msg/matlab_msg_gen/glnxa64/install/include/vision_msgs/vision_msgs/msg/detail/bounding_box2_d_array__struct.hpp
[17.608s] -- Installing: /home/aiv/YongJun_ws/IVL_WS/matlab_ws/ros_msg/matlab_msg_gen/glnxa64/install/include/vision_msgs/vision_msgs/msg/detail/bounding_box3_d__traits.hpp
[17.608s] -- Installing: /home/aiv/YongJun_ws/IVL_WS/matlab_ws/ros_msg/matlab_msg_gen/glnxa64/install/include/vision_msgs/vision_msgs/msg/detail/detection3_d__builder.hpp
[17.608s] -- Installing: /home/aiv/YongJun_ws/IVL_WS/matlab_ws/ros_msg/matlab_msg_gen/glnxa64/install/include/vision_msgs/vision_msgs/msg/detail/detection2_d_array__struct.hpp
[17.608s] -- Installing: /home/aiv/YongJun_ws/IVL_WS/matlab_ws/ros_msg/matlab_msg_gen/glnxa64/install/include/vision_msgs/vision_msgs/msg/detail/detection2_d__struct.hpp
[17.608s] -- Installing: /home/aiv/YongJun_ws/IVL_WS/matlab_ws/ros_msg/matlab_msg_gen/glnxa64/install/include/vision_msgs/vision_msgs/msg/detail/bounding_box3_d__struct.hpp
[17.608s] -- Installing: /home/aiv/YongJun_ws/IVL_WS/matlab_ws/ros_msg/matlab_msg_gen/glnxa64/install/include/vision_msgs/vision_msgs/msg/detail/bounding_box2_d_array__traits.hpp
[17.608s] -- Installing: /home/aiv/YongJun_ws/IVL_WS/matlab_ws/ros_msg/matlab_msg_gen/glnxa64/install/include/vision_msgs/vision_msgs/msg/detail/vision_info__struct.hpp
[17.608s] -- Installing: /home/aiv/YongJun_ws/IVL_WS/matlab_ws/ros_msg/matlab_msg_gen/glnxa64/install/include/vision_msgs/vision_msgs/msg/detail/detection3_d_array__builder.hpp
[17.608s] -- Installing: /home/aiv/YongJun_ws/IVL_WS/matlab_ws/ros_msg/matlab_msg_gen/glnxa64/install/include/vision_msgs/vision_msgs/msg/detail/bounding_box2_d__traits.hpp
[17.609s] -- Installing: /home/aiv/YongJun_ws/IVL_WS/matlab_ws/ros_msg/matlab_msg_gen/glnxa64/install/include/vision_msgs/vision_msgs/msg/detail/object_hypothesis_with_pose__traits.hpp
[17.609s] -- Installing: /home/aiv/YongJun_ws/IVL_WS/matlab_ws/ros_msg/matlab_msg_gen/glnxa64/install/include/vision_msgs/vision_msgs/msg/detail/object_hypothesis_with_pose__builder.hpp
[17.609s] -- Installing: /home/aiv/YongJun_ws/IVL_WS/matlab_ws/ros_msg/matlab_msg_gen/glnxa64/install/include/vision_msgs/vision_msgs/msg/detail/detection2_d_array__builder.hpp
[17.609s] -- Installing: /home/aiv/YongJun_ws/IVL_WS/matlab_ws/ros_msg/matlab_msg_gen/glnxa64/install/include/vision_msgs/vision_msgs/msg/detail/bounding_box3_d_array__builder.hpp
[17.609s] -- Installing: /home/aiv/YongJun_ws/IVL_WS/matlab_ws/ros_msg/matlab_msg_gen/glnxa64/install/include/vision_msgs/vision_msgs/msg/detail/detection3_d_array__struct.hpp
[17.609s] -- Installing: /home/aiv/YongJun_ws/IVL_WS/matlab_ws/ros_msg/matlab_msg_gen/glnxa64/install/include/vision_msgs/vision_msgs/msg/detail/bounding_box2_d__builder.hpp
[17.609s] -- Installing: /home/aiv/YongJun_ws/IVL_WS/matlab_ws/ros_msg/matlab_msg_gen/glnxa64/install/include/vision_msgs/vision_msgs/msg/bounding_box3_d_array.hpp
[17.609s] -- Installing: /home/aiv/YongJun_ws/IVL_WS/matlab_ws/ros_msg/matlab_msg_gen/glnxa64/install/include/vision_msgs/vision_msgs/msg/bounding_box3_d.hpp
[17.609s] -- Up-to-date: /home/aiv/YongJun_ws/IVL_WS/matlab_ws/ros_msg/matlab_msg_gen/glnxa64/install/include/vision_msgs/vision_msgs
[17.609s] -- Up-to-date: /home/aiv/YongJun_ws/IVL_WS/matlab_ws/ros_msg/matlab_msg_gen/glnxa64/install/include/vision_msgs/vision_msgs/msg
[17.609s] -- Installing: /home/aiv/YongJun_ws/IVL_WS/matlab_ws/ros_msg/matlab_msg_gen/glnxa64/install/include/vision_msgs/vision_msgs/msg/rosidl_typesupport_fastrtps_cpp__visibility_control.h
[17.609s] -- Up-to-date: /home/aiv/YongJun_ws/IVL_WS/matlab_ws/ros_msg/matlab_msg_gen/glnxa64/install/include/vision_msgs/vision_msgs/msg/detail
[17.609s] -- Installing: /home/aiv/YongJun_ws/IVL_WS/matlab_ws/ros_msg/matlab_msg_gen/glnxa64/install/include/vision_msgs/vision_msgs/msg/detail/bounding_box3_d__rosidl_typesupport_fastrtps_cpp.hpp
[17.609s] -- Installing: /home/aiv/YongJun_ws/IVL_WS/matlab_ws/ros_msg/matlab_msg_gen/glnxa64/install/include/vision_msgs/vision_msgs/msg/detail/dds_fastrtps
[17.609s] -- Installing: /home/aiv/YongJun_ws/IVL_WS/matlab_ws/ros_msg/matlab_msg_gen/glnxa64/install/include/vision_msgs/vision_msgs/msg/detail/classification3_d__rosidl_typesupport_fastrtps_cpp.hpp
[17.609s] -- Installing: /home/aiv/YongJun_ws/IVL_WS/matlab_ws/ros_msg/matlab_msg_gen/glnxa64/install/include/vision_msgs/vision_msgs/msg/detail/detection3_d_array__rosidl_typesupport_fastrtps_cpp.hpp
[17.609s] -- Installing: /home/aiv/YongJun_ws/IVL_WS/matlab_ws/ros_msg/matlab_msg_gen/glnxa64/install/include/vision_msgs/vision_msgs/msg/detail/object_hypothesis_with_pose__rosidl_typesupport_fastrtps_cpp.hpp
[17.609s] -- Installing: /home/aiv/YongJun_ws/IVL_WS/matlab_ws/ros_msg/matlab_msg_gen/glnxa64/install/include/vision_msgs/vision_msgs/msg/detail/vision_info__rosidl_typesupport_fastrtps_cpp.hpp
[17.609s] -- Installing: /home/aiv/YongJun_ws/IVL_WS/matlab_ws/ros_msg/matlab_msg_gen/glnxa64/install/include/vision_msgs/vision_msgs/msg/detail/detection2_d__rosidl_typesupport_fastrtps_cpp.hpp
[17.610s] -- Installing: /home/aiv/YongJun_ws/IVL_WS/matlab_ws/ros_msg/matlab_msg_gen/glnxa64/install/include/vision_msgs/vision_msgs/msg/detail/object_hypothesis__rosidl_typesupport_fastrtps_cpp.hpp
[17.610s] -- Installing: /home/aiv/YongJun_ws/IVL_WS/matlab_ws/ros_msg/matlab_msg_gen/glnxa64/install/include/vision_msgs/vision_msgs/msg/detail/detection2_d_array__rosidl_typesupport_fastrtps_cpp.hpp
[17.610s] -- Installing: /home/aiv/YongJun_ws/IVL_WS/matlab_ws/ros_msg/matlab_msg_gen/glnxa64/install/include/vision_msgs/vision_msgs/msg/detail/bounding_box2_d__rosidl_typesupport_fastrtps_cpp.hpp
[17.610s] -- Installing: /home/aiv/YongJun_ws/IVL_WS/matlab_ws/ros_msg/matlab_msg_gen/glnxa64/install/include/vision_msgs/vision_msgs/msg/detail/detection3_d__rosidl_typesupport_fastrtps_cpp.hpp
[17.610s] -- Installing: /home/aiv/YongJun_ws/IVL_WS/matlab_ws/ros_msg/matlab_msg_gen/glnxa64/install/include/vision_msgs/vision_msgs/msg/detail/classification2_d__rosidl_typesupport_fastrtps_cpp.hpp
[17.610s] -- Installing: /home/aiv/YongJun_ws/IVL_WS/matlab_ws/ros_msg/matlab_msg_gen/glnxa64/install/include/vision_msgs/vision_msgs/msg/detail/bounding_box2_d_array__rosidl_typesupport_fastrtps_cpp.hpp
[17.610s] -- Installing: /home/aiv/YongJun_ws/IVL_WS/matlab_ws/ros_msg/matlab_msg_gen/glnxa64/install/include/vision_msgs/vision_msgs/msg/detail/bounding_box3_d_array__rosidl_typesupport_fastrtps_cpp.hpp
[17.610s] -- Installing: /home/aiv/YongJun_ws/IVL_WS/matlab_ws/ros_msg/matlab_msg_gen/glnxa64/install/lib/libvision_msgs__rosidl_typesupport_fastrtps_cpp.so
[17.610s] -- Up-to-date: /home/aiv/YongJun_ws/IVL_WS/matlab_ws/ros_msg/matlab_msg_gen/glnxa64/install/include/vision_msgs/vision_msgs
[17.610s] -- Up-to-date: /home/aiv/YongJun_ws/IVL_WS/matlab_ws/ros_msg/matlab_msg_gen/glnxa64/install/include/vision_msgs/vision_msgs/msg
[17.610s] -- Up-to-date: /home/aiv/YongJun_ws/IVL_WS/matlab_ws/ros_msg/matlab_msg_gen/glnxa64/install/include/vision_msgs/vision_msgs/msg/detail
[17.610s] -- Installing: /home/aiv/YongJun_ws/IVL_WS/matlab_ws/ros_msg/matlab_msg_gen/glnxa64/install/include/vision_msgs/vision_msgs/msg/detail/detection2_d_array__type_support.cpp
[17.610s] -- Installing: /home/aiv/YongJun_ws/IVL_WS/matlab_ws/ros_msg/matlab_msg_gen/glnxa64/install/include/vision_msgs/vision_msgs/msg/detail/object_hypothesis__type_support.cpp
[17.610s] -- Installing: /home/aiv/YongJun_ws/IVL_WS/matlab_ws/ros_msg/matlab_msg_gen/glnxa64/install/include/vision_msgs/vision_msgs/msg/detail/detection2_d__rosidl_typesupport_introspection_cpp.hpp
[17.610s] -- Installing: /home/aiv/YongJun_ws/IVL_WS/matlab_ws/ros_msg/matlab_msg_gen/glnxa64/install/include/vision_msgs/vision_msgs/msg/detail/classification3_d__rosidl_typesupport_introspection_cpp.hpp
[17.610s] -- Installing: /home/aiv/YongJun_ws/IVL_WS/matlab_ws/ros_msg/matlab_msg_gen/glnxa64/install/include/vision_msgs/vision_msgs/msg/detail/object_hypothesis__rosidl_typesupport_introspection_cpp.hpp
[17.610s] -- Installing: /home/aiv/YongJun_ws/IVL_WS/matlab_ws/ros_msg/matlab_msg_gen/glnxa64/install/include/vision_msgs/vision_msgs/msg/detail/detection2_d__type_support.cpp
[17.610s] -- Installing: /home/aiv/YongJun_ws/IVL_WS/matlab_ws/ros_msg/matlab_msg_gen/glnxa64/install/include/vision_msgs/vision_msgs/msg/detail/detection3_d__rosidl_typesupport_introspection_cpp.hpp
[17.610s] -- Installing: /home/aiv/YongJun_ws/IVL_WS/matlab_ws/ros_msg/matlab_msg_gen/glnxa64/install/include/vision_msgs/vision_msgs/msg/detail/bounding_box3_d__rosidl_typesupport_introspection_cpp.hpp
[17.610s] -- Installing: /home/aiv/YongJun_ws/IVL_WS/matlab_ws/ros_msg/matlab_msg_gen/glnxa64/install/include/vision_msgs/vision_msgs/msg/detail/detection3_d_array__type_support.cpp
[17.610s] -- Installing: /home/aiv/YongJun_ws/IVL_WS/matlab_ws/ros_msg/matlab_msg_gen/glnxa64/install/include/vision_msgs/vision_msgs/msg/detail/bounding_box2_d_array__rosidl_typesupport_introspection_cpp.hpp
[17.610s] -- Installing: /home/aiv/YongJun_ws/IVL_WS/matlab_ws/ros_msg/matlab_msg_gen/glnxa64/install/include/vision_msgs/vision_msgs/msg/detail/classification2_d__type_support.cpp
[17.610s] -- Installing: /home/aiv/YongJun_ws/IVL_WS/matlab_ws/ros_msg/matlab_msg_gen/glnxa64/install/include/vision_msgs/vision_msgs/msg/detail/detection3_d_array__rosidl_typesupport_introspection_cpp.hpp
[17.610s] -- Installing: /home/aiv/YongJun_ws/IVL_WS/matlab_ws/ros_msg/matlab_msg_gen/glnxa64/install/include/vision_msgs/vision_msgs/msg/detail/vision_info__rosidl_typesupport_introspection_cpp.hpp
[17.611s] -- Installing: /home/aiv/YongJun_ws/IVL_WS/matlab_ws/ros_msg/matlab_msg_gen/glnxa64/install/include/vision_msgs/vision_msgs/msg/detail/object_hypothesis_with_pose__type_support.cpp
[17.611s] -- Installing: /home/aiv/YongJun_ws/IVL_WS/matlab_ws/ros_msg/matlab_msg_gen/glnxa64/install/include/vision_msgs/vision_msgs/msg/detail/vision_info__type_support.cpp
[17.611s] -- Installing: /home/aiv/YongJun_ws/IVL_WS/matlab_ws/ros_msg/matlab_msg_gen/glnxa64/install/include/vision_msgs/vision_msgs/msg/detail/bounding_box2_d__rosidl_typesupport_introspection_cpp.hpp
[17.611s] -- Installing: /home/aiv/YongJun_ws/IVL_WS/matlab_ws/ros_msg/matlab_msg_gen/glnxa64/install/include/vision_msgs/vision_msgs/msg/detail/bounding_box2_d__type_support.cpp
[17.611s] -- Installing: /home/aiv/YongJun_ws/IVL_WS/matlab_ws/ros_msg/matlab_msg_gen/glnxa64/install/include/vision_msgs/vision_msgs/msg/detail/bounding_box2_d_array__type_support.cpp
[17.611s] -- Installing: /home/aiv/YongJun_ws/IVL_WS/matlab_ws/ros_msg/matlab_msg_gen/glnxa64/install/include/vision_msgs/vision_msgs/msg/detail/classification3_d__type_support.cpp
[17.611s] -- Installing: /home/aiv/YongJun_ws/IVL_WS/matlab_ws/ros_msg/matlab_msg_gen/glnxa64/install/include/vision_msgs/vision_msgs/msg/detail/bounding_box3_d_array__rosidl_typesupport_introspection_cpp.hpp
[17.611s] -- Installing: /home/aiv/YongJun_ws/IVL_WS/matlab_ws/ros_msg/matlab_msg_gen/glnxa64/install/include/vision_msgs/vision_msgs/msg/detail/detection2_d_array__rosidl_typesupport_introspection_cpp.hpp
[17.611s] -- Installing: /home/aiv/YongJun_ws/IVL_WS/matlab_ws/ros_msg/matlab_msg_gen/glnxa64/install/include/vision_msgs/vision_msgs/msg/detail/classification2_d__rosidl_typesupport_introspection_cpp.hpp
[17.611s] -- Installing: /home/aiv/YongJun_ws/IVL_WS/matlab_ws/ros_msg/matlab_msg_gen/glnxa64/install/include/vision_msgs/vision_msgs/msg/detail/object_hypothesis_with_pose__rosidl_typesupport_introspection_cpp.hpp
[17.611s] -- Installing: /home/aiv/YongJun_ws/IVL_WS/matlab_ws/ros_msg/matlab_msg_gen/glnxa64/install/include/vision_msgs/vision_msgs/msg/detail/bounding_box3_d__type_support.cpp
[17.611s] -- Installing: /home/aiv/YongJun_ws/IVL_WS/matlab_ws/ros_msg/matlab_msg_gen/glnxa64/install/include/vision_msgs/vision_msgs/msg/detail/bounding_box3_d_array__type_support.cpp
[17.611s] -- Installing: /home/aiv/YongJun_ws/IVL_WS/matlab_ws/ros_msg/matlab_msg_gen/glnxa64/install/include/vision_msgs/vision_msgs/msg/detail/detection3_d__type_support.cpp
[17.611s] -- Installing: /home/aiv/YongJun_ws/IVL_WS/matlab_ws/ros_msg/matlab_msg_gen/glnxa64/install/lib/libvision_msgs__rosidl_typesupport_introspection_cpp.so
[17.611s] -- Installing: /home/aiv/YongJun_ws/IVL_WS/matlab_ws/ros_msg/matlab_msg_gen/glnxa64/install/lib/libvision_msgs__rosidl_typesupport_cpp.so
[17.611s] -- Installing: /home/aiv/YongJun_ws/IVL_WS/matlab_ws/ros_msg/matlab_msg_gen/glnxa64/install/share/vision_msgs/msg/BoundingBox2D.idl
[17.611s] -- Installing: /home/aiv/YongJun_ws/IVL_WS/matlab_ws/ros_msg/matlab_msg_gen/glnxa64/install/share/vision_msgs/msg/BoundingBox2DArray.idl
[17.611s] -- Installing: /home/aiv/YongJun_ws/IVL_WS/matlab_ws/ros_msg/matlab_msg_gen/glnxa64/install/share/vision_msgs/msg/BoundingBox3D.idl
[17.611s] -- Installing: /home/aiv/YongJun_ws/IVL_WS/matlab_ws/ros_msg/matlab_msg_gen/glnxa64/install/share/vision_msgs/msg/BoundingBox3DArray.idl
[17.611s] -- Installing: /home/aiv/YongJun_ws/IVL_WS/matlab_ws/ros_msg/matlab_msg_gen/glnxa64/install/share/vision_msgs/msg/Classification2D.idl
[17.611s] -- Installing: /home/aiv/YongJun_ws/IVL_WS/matlab_ws/ros_msg/matlab_msg_gen/glnxa64/install/share/vision_msgs/msg/Classification3D.idl
[17.611s] -- Installing: /home/aiv/YongJun_ws/IVL_WS/matlab_ws/ros_msg/matlab_msg_gen/glnxa64/install/share/vision_msgs/msg/Detection2D.idl
[17.611s] -- Installing: /home/aiv/YongJun_ws/IVL_WS/matlab_ws/ros_msg/matlab_msg_gen/glnxa64/install/share/vision_msgs/msg/Detection2DArray.idl
[17.611s] -- Installing: /home/aiv/YongJun_ws/IVL_WS/matlab_ws/ros_msg/matlab_msg_gen/glnxa64/install/share/vision_msgs/msg/Detection3D.idl
[17.611s] -- Installing: /home/aiv/YongJun_ws/IVL_WS/matlab_ws/ros_msg/matlab_msg_gen/glnxa64/install/share/vision_msgs/msg/Detection3DArray.idl
[17.612s] -- Installing: /home/aiv/YongJun_ws/IVL_WS/matlab_ws/ros_msg/matlab_msg_gen/glnxa64/install/share/vision_msgs/msg/ObjectHypothesis.idl
[17.612s] -- Installing: /home/aiv/YongJun_ws/IVL_WS/matlab_ws/ros_msg/matlab_msg_gen/glnxa64/install/share/vision_msgs/msg/ObjectHypothesisWithPose.idl
[17.612s] -- Installing: /home/aiv/YongJun_ws/IVL_WS/matlab_ws/ros_msg/matlab_msg_gen/glnxa64/install/share/vision_msgs/msg/VisionInfo.idl
[17.612s] -- Installing: /home/aiv/YongJun_ws/IVL_WS/matlab_ws/ros_msg/matlab_msg_gen/glnxa64/install/share/vision_msgs/msg/BoundingBox2D.msg
[17.612s] -- Installing: /home/aiv/YongJun_ws/IVL_WS/matlab_ws/ros_msg/matlab_msg_gen/glnxa64/install/share/vision_msgs/msg/BoundingBox2DArray.msg
[17.612s] -- Installing: /home/aiv/YongJun_ws/IVL_WS/matlab_ws/ros_msg/matlab_msg_gen/glnxa64/install/share/vision_msgs/msg/BoundingBox3D.msg
[17.612s] -- Installing: /home/aiv/YongJun_ws/IVL_WS/matlab_ws/ros_msg/matlab_msg_gen/glnxa64/install/share/vision_msgs/msg/BoundingBox3DArray.msg
[17.612s] -- Installing: /home/aiv/YongJun_ws/IVL_WS/matlab_ws/ros_msg/matlab_msg_gen/glnxa64/install/share/vision_msgs/msg/Classification2D.msg
[17.612s] -- Installing: /home/aiv/YongJun_ws/IVL_WS/matlab_ws/ros_msg/matlab_msg_gen/glnxa64/install/share/vision_msgs/msg/Classification3D.msg
[17.612s] -- Installing: /home/aiv/YongJun_ws/IVL_WS/matlab_ws/ros_msg/matlab_msg_gen/glnxa64/install/share/vision_msgs/msg/Detection2D.msg
[17.612s] -- Installing: /home/aiv/YongJun_ws/IVL_WS/matlab_ws/ros_msg/matlab_msg_gen/glnxa64/install/share/vision_msgs/msg/Detection2DArray.msg
[17.612s] -- Installing: /home/aiv/YongJun_ws/IVL_WS/matlab_ws/ros_msg/matlab_msg_gen/glnxa64/install/share/vision_msgs/msg/Detection3D.msg
[17.612s] -- Installing: /home/aiv/YongJun_ws/IVL_WS/matlab_ws/ros_msg/matlab_msg_gen/glnxa64/install/share/vision_msgs/msg/Detection3DArray.msg
[17.612s] -- Installing: /home/aiv/YongJun_ws/IVL_WS/matlab_ws/ros_msg/matlab_msg_gen/glnxa64/install/share/vision_msgs/msg/ObjectHypothesis.msg
[17.612s] -- Installing: /home/aiv/YongJun_ws/IVL_WS/matlab_ws/ros_msg/matlab_msg_gen/glnxa64/install/share/vision_msgs/msg/ObjectHypothesisWithPose.msg
[17.612s] -- Installing: /home/aiv/YongJun_ws/IVL_WS/matlab_ws/ros_msg/matlab_msg_gen/glnxa64/install/share/vision_msgs/msg/VisionInfo.msg
[17.612s] -- Up-to-date: /home/aiv/YongJun_ws/IVL_WS/matlab_ws/ros_msg/matlab_msg_gen/glnxa64/install/include
[17.612s] -- Up-to-date: /home/aiv/YongJun_ws/IVL_WS/matlab_ws/ros_msg/matlab_msg_gen/glnxa64/install/include/vision_msgs
[17.612s] -- Installing: /home/aiv/YongJun_ws/IVL_WS/matlab_ws/ros_msg/matlab_msg_gen/glnxa64/install/include/vision_msgs/visibility_control.h
[17.612s] -- Installing: /home/aiv/YongJun_ws/IVL_WS/matlab_ws/ros_msg/matlab_msg_gen/glnxa64/install/lib/libvision_msgs_matlab.so
[17.639s] -- Installing: /home/aiv/YongJun_ws/IVL_WS/matlab_ws/ros_msg/matlab_msg_gen/glnxa64/install/m/
[17.639s] -- Installing: /home/aiv/YongJun_ws/IVL_WS/matlab_ws/ros_msg/matlab_msg_gen/glnxa64/install/m//+ros
[17.639s] -- Installing: /home/aiv/YongJun_ws/IVL_WS/matlab_ws/ros_msg/matlab_msg_gen/glnxa64/install/m//+ros/+internal
[17.639s] -- Installing: /home/aiv/YongJun_ws/IVL_WS/matlab_ws/ros_msg/matlab_msg_gen/glnxa64/install/m//+ros/+internal/+ros2
[17.639s] -- Installing: /home/aiv/YongJun_ws/IVL_WS/matlab_ws/ros_msg/matlab_msg_gen/glnxa64/install/m//+ros/+internal/+ros2/+custommessages
[17.639s] -- Installing: /home/aiv/YongJun_ws/IVL_WS/matlab_ws/ros_msg/matlab_msg_gen/glnxa64/install/m//+ros/+internal/+ros2/+custommessages/+vision_msgs
[17.639s] -- Installing: /home/aiv/YongJun_ws/IVL_WS/matlab_ws/ros_msg/matlab_msg_gen/glnxa64/install/m//+ros/+internal/+ros2/+custommessages/+vision_msgs/boundingBox2DArray.m
[17.639s] -- Installing: /home/aiv/YongJun_ws/IVL_WS/matlab_ws/ros_msg/matlab_msg_gen/glnxa64/install/m//+ros/+internal/+ros2/+custommessages/+vision_msgs/detection3DArray.m
[17.639s] -- Installing: /home/aiv/YongJun_ws/IVL_WS/matlab_ws/ros_msg/matlab_msg_gen/glnxa64/install/m//+ros/+internal/+ros2/+custommessages/+vision_msgs/boundingBox3DArray.m
[17.639s] -- Installing: /home/aiv/YongJun_ws/IVL_WS/matlab_ws/ros_msg/matlab_msg_gen/glnxa64/install/m//+ros/+internal/+ros2/+custommessages/+vision_msgs/boundingBox2D.m
[17.639s] -- Installing: /home/aiv/YongJun_ws/IVL_WS/matlab_ws/ros_msg/matlab_msg_gen/glnxa64/install/m//+ros/+internal/+ros2/+custommessages/+vision_msgs/objectHypothesisWithPose.m
[17.639s] -- Installing: /home/aiv/YongJun_ws/IVL_WS/matlab_ws/ros_msg/matlab_msg_gen/glnxa64/install/m//+ros/+internal/+ros2/+custommessages/+vision_msgs/detection2D.m
[17.639s] -- Installing: /home/aiv/YongJun_ws/IVL_WS/matlab_ws/ros_msg/matlab_msg_gen/glnxa64/install/m//+ros/+internal/+ros2/+custommessages/+vision_msgs/detection3D.m
[17.639s] -- Installing: /home/aiv/YongJun_ws/IVL_WS/matlab_ws/ros_msg/matlab_msg_gen/glnxa64/install/m//+ros/+internal/+ros2/+custommessages/+vision_msgs/classification3D.m
[17.639s] -- Installing: /home/aiv/YongJun_ws/IVL_WS/matlab_ws/ros_msg/matlab_msg_gen/glnxa64/install/m//+ros/+internal/+ros2/+custommessages/+vision_msgs/detection2DArray.m
[17.639s] -- Installing: /home/aiv/YongJun_ws/IVL_WS/matlab_ws/ros_msg/matlab_msg_gen/glnxa64/install/m//+ros/+internal/+ros2/+custommessages/+vision_msgs/boundingBox3D.m
[17.639s] -- Installing: /home/aiv/YongJun_ws/IVL_WS/matlab_ws/ros_msg/matlab_msg_gen/glnxa64/install/m//+ros/+internal/+ros2/+custommessages/+vision_msgs/objectHypothesis.m
[17.639s] -- Installing: /home/aiv/YongJun_ws/IVL_WS/matlab_ws/ros_msg/matlab_msg_gen/glnxa64/install/m//+ros/+internal/+ros2/+custommessages/+vision_msgs/classification2D.m
[17.639s] -- Installing: /home/aiv/YongJun_ws/IVL_WS/matlab_ws/ros_msg/matlab_msg_gen/glnxa64/install/m//+ros/+internal/+ros2/+custommessages/+vision_msgs/visionInfo.m
[17.639s] -- Installing: /home/aiv/YongJun_ws/IVL_WS/matlab_ws/ros_msg/matlab_msg_gen/glnxa64/install/share/ament_index/resource_index/package_run_dependencies/vision_msgs
[17.640s] -- Installing: /home/aiv/YongJun_ws/IVL_WS/matlab_ws/ros_msg/matlab_msg_gen/glnxa64/install/share/ament_index/resource_index/parent_prefix_path/vision_msgs
[17.640s] -- Installing: /home/aiv/YongJun_ws/IVL_WS/matlab_ws/ros_msg/matlab_msg_gen/glnxa64/install/share/vision_msgs/environment/ament_prefix_path.sh
[17.640s] -- Installing: /home/aiv/YongJun_ws/IVL_WS/matlab_ws/ros_msg/matlab_msg_gen/glnxa64/install/share/vision_msgs/environment/ament_prefix_path.dsv
[17.640s] -- Installing: /home/aiv/YongJun_ws/IVL_WS/matlab_ws/ros_msg/matlab_msg_gen/glnxa64/install/share/vision_msgs/environment/path.sh
[17.640s] -- Installing: /home/aiv/YongJun_ws/IVL_WS/matlab_ws/ros_msg/matlab_msg_gen/glnxa64/install/share/vision_msgs/environment/path.dsv
[17.640s] -- Installing: /home/aiv/YongJun_ws/IVL_WS/matlab_ws/ros_msg/matlab_msg_gen/glnxa64/install/share/vision_msgs/local_setup.bash
[17.640s] -- Installing: /home/aiv/YongJun_ws/IVL_WS/matlab_ws/ros_msg/matlab_msg_gen/glnxa64/install/share/vision_msgs/local_setup.sh
[17.640s] -- Installing: /home/aiv/YongJun_ws/IVL_WS/matlab_ws/ros_msg/matlab_msg_gen/glnxa64/install/share/vision_msgs/local_setup.zsh
[17.640s] -- Installing: /home/aiv/YongJun_ws/IVL_WS/matlab_ws/ros_msg/matlab_msg_gen/glnxa64/install/share/vision_msgs/local_setup.dsv
[17.640s] -- Installing: /home/aiv/YongJun_ws/IVL_WS/matlab_ws/ros_msg/matlab_msg_gen/glnxa64/install/share/vision_msgs/package.dsv
[17.640s] -- Installing: /home/aiv/YongJun_ws/IVL_WS/matlab_ws/ros_msg/matlab_msg_gen/glnxa64/install/share/ament_index/resource_index/packages/vision_msgs
[17.640s] -- Installing: /home/aiv/YongJun_ws/IVL_WS/matlab_ws/ros_msg/matlab_msg_gen/glnxa64/install/share/vision_msgs/cmake/export_vision_msgs__rosidl_generator_cExport.cmake
[17.640s] -- Installing: /home/aiv/YongJun_ws/IVL_WS/matlab_ws/ros_msg/matlab_msg_gen/glnxa64/install/share/vision_msgs/cmake/export_vision_msgs__rosidl_generator_cExport-release.cmake
[17.640s] -- Installing: /home/aiv/YongJun_ws/IVL_WS/matlab_ws/ros_msg/matlab_msg_gen/glnxa64/install/share/vision_msgs/cmake/export_vision_msgs__rosidl_typesupport_fastrtps_cExport.cmake
[17.640s] -- Installing: /home/aiv/YongJun_ws/IVL_WS/matlab_ws/ros_msg/matlab_msg_gen/glnxa64/install/share/vision_msgs/cmake/export_vision_msgs__rosidl_typesupport_fastrtps_cExport-release.cmake
[17.640s] -- Installing: /home/aiv/YongJun_ws/IVL_WS/matlab_ws/ros_msg/matlab_msg_gen/glnxa64/install/share/vision_msgs/cmake/vision_msgs__rosidl_typesupport_introspection_cExport.cmake
[17.640s] -- Installing: /home/aiv/YongJun_ws/IVL_WS/matlab_ws/ros_msg/matlab_msg_gen/glnxa64/install/share/vision_msgs/cmake/vision_msgs__rosidl_typesupport_introspection_cExport-release.cmake
[17.640s] -- Installing: /home/aiv/YongJun_ws/IVL_WS/matlab_ws/ros_msg/matlab_msg_gen/glnxa64/install/share/vision_msgs/cmake/vision_msgs__rosidl_typesupport_cExport.cmake
[17.640s] -- Installing: /home/aiv/YongJun_ws/IVL_WS/matlab_ws/ros_msg/matlab_msg_gen/glnxa64/install/share/vision_msgs/cmake/vision_msgs__rosidl_typesupport_cExport-release.cmake
[17.640s] -- Installing: /home/aiv/YongJun_ws/IVL_WS/matlab_ws/ros_msg/matlab_msg_gen/glnxa64/install/share/vision_msgs/cmake/export_vision_msgs__rosidl_generator_cppExport.cmake
[17.640s] -- Installing: /home/aiv/YongJun_ws/IVL_WS/matlab_ws/ros_msg/matlab_msg_gen/glnxa64/install/share/vision_msgs/cmake/export_vision_msgs__rosidl_typesupport_fastrtps_cppExport.cmake
[17.640s] -- Installing: /home/aiv/YongJun_ws/IVL_WS/matlab_ws/ros_msg/matlab_msg_gen/glnxa64/install/share/vision_msgs/cmake/export_vision_msgs__rosidl_typesupport_fastrtps_cppExport-release.cmake
[17.640s] -- Installing: /home/aiv/YongJun_ws/IVL_WS/matlab_ws/ros_msg/matlab_msg_gen/glnxa64/install/share/vision_msgs/cmake/vision_msgs__rosidl_typesupport_introspection_cppExport.cmake
[17.640s] -- Installing: /home/aiv/YongJun_ws/IVL_WS/matlab_ws/ros_msg/matlab_msg_gen/glnxa64/install/share/vision_msgs/cmake/vision_msgs__rosidl_typesupport_introspection_cppExport-release.cmake
[17.640s] -- Installing: /home/aiv/YongJun_ws/IVL_WS/matlab_ws/ros_msg/matlab_msg_gen/glnxa64/install/share/vision_msgs/cmake/vision_msgs__rosidl_typesupport_cppExport.cmake
[17.640s] -- Installing: /home/aiv/YongJun_ws/IVL_WS/matlab_ws/ros_msg/matlab_msg_gen/glnxa64/install/share/vision_msgs/cmake/vision_msgs__rosidl_typesupport_cppExport-release.cmake
[17.640s] -- Installing: /home/aiv/YongJun_ws/IVL_WS/matlab_ws/ros_msg/matlab_msg_gen/glnxa64/install/share/vision_msgs/cmake/rosidl_cmake-extras.cmake
[17.641s] -- Installing: /home/aiv/YongJun_ws/IVL_WS/matlab_ws/ros_msg/matlab_msg_gen/glnxa64/install/share/vision_msgs/cmake/ament_cmake_export_dependencies-extras.cmake
[17.641s] -- Installing: /home/aiv/YongJun_ws/IVL_WS/matlab_ws/ros_msg/matlab_msg_gen/glnxa64/install/share/vision_msgs/cmake/ament_cmake_export_include_directories-extras.cmake
[17.641s] -- Installing: /home/aiv/YongJun_ws/IVL_WS/matlab_ws/ros_msg/matlab_msg_gen/glnxa64/install/share/vision_msgs/cmake/ament_cmake_export_libraries-extras.cmake
[17.641s] -- Installing: /home/aiv/YongJun_ws/IVL_WS/matlab_ws/ros_msg/matlab_msg_gen/glnxa64/install/share/vision_msgs/cmake/ament_cmake_export_targets-extras.cmake
[17.641s] -- Installing: /home/aiv/YongJun_ws/IVL_WS/matlab_ws/ros_msg/matlab_msg_gen/glnxa64/install/share/vision_msgs/cmake/rosidl_cmake_export_typesupport_targets-extras.cmake
[17.641s] -- Installing: /home/aiv/YongJun_ws/IVL_WS/matlab_ws/ros_msg/matlab_msg_gen/glnxa64/install/share/vision_msgs/cmake/rosidl_cmake_export_typesupport_libraries-extras.cmake
[17.641s] -- Installing: /home/aiv/YongJun_ws/IVL_WS/matlab_ws/ros_msg/matlab_msg_gen/glnxa64/install/share/vision_msgs/cmake/vision_msgsConfig.cmake
[17.641s] -- Installing: /home/aiv/YongJun_ws/IVL_WS/matlab_ws/ros_msg/matlab_msg_gen/glnxa64/install/share/vision_msgs/cmake/vision_msgsConfig-version.cmake
[17.641s] -- Installing: /home/aiv/YongJun_ws/IVL_WS/matlab_ws/ros_msg/matlab_msg_gen/glnxa64/install/share/vision_msgs/package.xml
[17.642s] Invoked command in '/home/aiv/YongJun_ws/IVL_WS/matlab_ws/ros_msg/matlab_msg_gen/glnxa64/build/vision_msgs' returned '0': PS1=(venv) VIRTUAL_ENV_PROMPT=(venv) /usr/local/MATLAB/R2024a/bin/glnxa64/cmake/bin/cmake --install /home/aiv/YongJun_ws/IVL_WS/matlab_ws/ros_msg/matlab_msg_gen/glnxa64/build/vision_msgs
