[0.033s] Invoking command in '/home/aiv/YongJun_ws/IVL_WS/matlab_ws/ros_msg/matlab_msg_gen/glnxa64/build/vision_msgs': PS1=(venv) /usr/local/MATLAB/R2024a/bin/glnxa64/cmake/bin/cmake /home/aiv/YongJun_ws/IVL_WS/matlab_ws/ros_msg/matlab_msg_gen/glnxa64/src/vision_msgs -DCMAKE_BUILD_TYPE=Release -DCMAKE_SHARED_LINKER_FLAGS=-Wl,-no-as-needed -DBUILD_TESTING=OFF -DALIAS_ROS2_TF2=1 -DCMAKE_CXX_FLAGS_RELEASE=-O0 -G Ninja -DCMAKE_C_COMPILER=/usr/bin/gcc -DCMAKE_CXX_COMPILER=/usr/bin/g++ -DCMAKE_INSTALL_PREFIX=/home/aiv/YongJun_ws/IVL_WS/matlab_ws/ros_msg/matlab_msg_gen/glnxa64/install
[0.128s] -- The C compiler identification is GNU 9.4.0
[0.314s] -- The CXX compiler identification is GNU 9.4.0
[0.325s] -- Detecting C compiler ABI info
[0.363s] -- Detecting C compiler ABI info - done
[0.370s] -- Check for working C compiler: /usr/bin/gcc - skipped
[0.371s] -- Detecting C compile features
[0.371s] -- Detecting C compile features - done
[0.375s] -- Detecting CXX compiler ABI info
[0.448s] -- Detecting CXX compiler ABI info - done
[0.465s] -- Check for working CXX compiler: /usr/bin/g++ - skipped
[0.465s] -- Detecting CXX compile features
[0.466s] -- Detecting CXX compile features - done
[0.474s] -- Found ament_cmake: 1.3.3 (/usr/local/MATLAB/R2024a/sys/ros2/glnxa64/ros2/share/ament_cmake/cmake)
[0.971s] -- Found Python3: /usr/bin/python3.10 (found version "3.10.14") found components: Interpreter 
[1.049s] -- Found ament_cmake_ros: 0.10.0 (/usr/local/MATLAB/R2024a/sys/ros2/glnxa64/ros2/share/ament_cmake_ros/cmake)
[1.057s] -- Found rosidl_typesupport_c: 2.0.0 (/usr/local/MATLAB/R2024a/sys/ros2/glnxa64/ros2/share/rosidl_typesupport_c/cmake)
[1.058s] -- Using all available rosidl_typesupport_c: rosidl_typesupport_fastrtps_c;rosidl_typesupport_introspection_c
[1.064s] -- Found rosidl_adapter: 3.1.4 (/usr/local/MATLAB/R2024a/sys/ros2/glnxa64/ros2/share/rosidl_adapter/cmake)
[1.110s] -- Found rosidl_typesupport_cpp: 2.0.0 (/usr/local/MATLAB/R2024a/sys/ros2/glnxa64/ros2/share/rosidl_typesupport_cpp/cmake)
[1.110s] -- Using all available rosidl_typesupport_cpp: rosidl_typesupport_fastrtps_cpp;rosidl_typesupport_introspection_cpp
[1.144s] -- Found rosidl_default_generators: 1.2.0 (/usr/local/MATLAB/R2024a/sys/ros2/glnxa64/ros2/share/rosidl_default_generators/cmake)
[1.148s] -- Found class_loader: 2.2.0 (/usr/local/MATLAB/R2024a/sys/ros2/glnxa64/ros2/share/class_loader/cmake)
[1.153s] -- Found geometry_msgs: 4.2.3 (/usr/local/MATLAB/R2024a/sys/ros2/glnxa64/ros2/share/geometry_msgs/cmake)
[1.272s] -- Found rclcpp: 16.0.5 (/usr/local/MATLAB/R2024a/sys/ros2/glnxa64/ros2/share/rclcpp/cmake)
[1.332s] -- Found rmw_implementation_cmake: 6.1.1 (/usr/local/MATLAB/R2024a/sys/ros2/glnxa64/ros2/share/rmw_implementation_cmake/cmake)
[1.334s] -- Found rmw_fastrtps_cpp: 6.2.2 (/usr/local/MATLAB/R2024a/sys/ros2/glnxa64/ros2/share/rmw_fastrtps_cpp/cmake)
[1.398s] -- Found FastRTPS: /usr/local/MATLAB/R2024a/sys/ros2/glnxa64/ros2/include  
[1.424s] -- Using RMW implementation 'rmw_fastrtps_cpp' as default
[1.432s] -- Performing Test CMAKE_HAVE_LIBC_PTHREAD
[1.471s] -- Performing Test CMAKE_HAVE_LIBC_PTHREAD - Failed
[1.471s] -- Looking for pthread_create in pthreads
[1.503s] -- Looking for pthread_create in pthreads - not found
[1.503s] -- Looking for pthread_create in pthread
[1.586s] -- Looking for pthread_create in pthread - found
[1.589s] -- Found Threads: TRUE  
[1.730s] -- Found sensor_msgs: 4.2.3 (/usr/local/MATLAB/R2024a/sys/ros2/glnxa64/ros2/share/sensor_msgs/cmake)
[2.311s] -- Using all available rosidl_typesupport_c: rosidl_typesupport_fastrtps_c;rosidl_typesupport_introspection_c
[2.616s] -- Using all available rosidl_typesupport_cpp: rosidl_typesupport_fastrtps_cpp;rosidl_typesupport_introspection_cpp
[2.626s] -- Configuring done
[2.663s] -- Generating done
[2.672s] -- Build files have been written to: /home/aiv/YongJun_ws/IVL_WS/matlab_ws/ros_msg/matlab_msg_gen/glnxa64/build/vision_msgs
[2.682s] Invoked command in '/home/aiv/YongJun_ws/IVL_WS/matlab_ws/ros_msg/matlab_msg_gen/glnxa64/build/vision_msgs' returned '0': PS1=(venv) /usr/local/MATLAB/R2024a/bin/glnxa64/cmake/bin/cmake /home/aiv/YongJun_ws/IVL_WS/matlab_ws/ros_msg/matlab_msg_gen/glnxa64/src/vision_msgs -DCMAKE_BUILD_TYPE=Release -DCMAKE_SHARED_LINKER_FLAGS=-Wl,-no-as-needed -DBUILD_TESTING=OFF -DALIAS_ROS2_TF2=1 -DCMAKE_CXX_FLAGS_RELEASE=-O0 -G Ninja -DCMAKE_C_COMPILER=/usr/bin/gcc -DCMAKE_CXX_COMPILER=/usr/bin/g++ -DCMAKE_INSTALL_PREFIX=/home/aiv/YongJun_ws/IVL_WS/matlab_ws/ros_msg/matlab_msg_gen/glnxa64/install
[2.684s] Invoking command in '/home/aiv/YongJun_ws/IVL_WS/matlab_ws/ros_msg/matlab_msg_gen/glnxa64/build/vision_msgs': PS1=(venv) /usr/local/MATLAB/R2024a/bin/glnxa64/cmake/bin/cmake --build /home/aiv/YongJun_ws/IVL_WS/matlab_ws/ros_msg/matlab_msg_gen/glnxa64/build/vision_msgs -- -j8 -l8
[3.490s] [1/120] Generating C++ code for ROS interfaces
[3.530s] [2/120] Generating C code for ROS interfaces
[3.607s] [3/120] Building C object CMakeFiles/vision_msgs__rosidl_generator_c.dir/rosidl_generator_c/vision_msgs/msg/detail/bounding_box3_d__functions.c.o
[3.607s] [4/120] Building C object CMakeFiles/vision_msgs__rosidl_generator_c.dir/rosidl_generator_c/vision_msgs/msg/detail/bounding_box3_d_array__functions.c.o
[3.607s] [5/120] Building C object CMakeFiles/vision_msgs__rosidl_generator_c.dir/rosidl_generator_c/vision_msgs/msg/detail/classification2_d__functions.c.o
[3.607s] [6/120] Building C object CMakeFiles/vision_msgs__rosidl_generator_c.dir/rosidl_generator_c/vision_msgs/msg/detail/bounding_box2_d__functions.c.o
[3.607s] [7/120] Building C object CMakeFiles/vision_msgs__rosidl_generator_c.dir/rosidl_generator_c/vision_msgs/msg/detail/bounding_box2_d_array__functions.c.o
[3.667s] [8/120] Building C object CMakeFiles/vision_msgs__rosidl_generator_c.dir/rosidl_generator_c/vision_msgs/msg/detail/detection2_d__functions.c.o
[3.667s] [9/120] Building C object CMakeFiles/vision_msgs__rosidl_generator_c.dir/rosidl_generator_c/vision_msgs/msg/detail/detection2_d_array__functions.c.o
[3.668s] [10/120] Building C object CMakeFiles/vision_msgs__rosidl_generator_c.dir/rosidl_generator_c/vision_msgs/msg/detail/classification3_d__functions.c.o
[3.675s] [11/120] Building C object CMakeFiles/vision_msgs__rosidl_generator_c.dir/rosidl_generator_c/vision_msgs/msg/detail/detection3_d__functions.c.o
[3.683s] [12/120] Building C object CMakeFiles/vision_msgs__rosidl_generator_c.dir/rosidl_generator_c/vision_msgs/msg/detail/detection3_d_array__functions.c.o
[3.727s] [13/120] Building C object CMakeFiles/vision_msgs__rosidl_generator_c.dir/rosidl_generator_c/vision_msgs/msg/detail/object_hypothesis__functions.c.o
[3.730s] [14/120] Building C object CMakeFiles/vision_msgs__rosidl_generator_c.dir/rosidl_generator_c/vision_msgs/msg/detail/object_hypothesis_with_pose__functions.c.o
[3.731s] [15/120] Building C object CMakeFiles/vision_msgs__rosidl_generator_c.dir/rosidl_generator_c/vision_msgs/msg/detail/vision_info__functions.c.o
[3.746s] [16/120] Linking C shared library libvision_msgs__rosidl_generator_c.so
[4.104s] [17/120] Generating C++ type support dispatch for ROS interfaces
[4.183s] [18/120] Generating C++ introspection for ROS interfaces
[4.267s] [19/120] Generating C++ type support for eProsima Fast-RTPS
[4.336s] [20/120] Building CXX object CMakeFiles/vision_msgs__rosidl_typesupport_cpp.dir/rosidl_typesupport_cpp/vision_msgs/msg/bounding_box3_d__type_support.cpp.o
[4.341s] [21/120] Building CXX object CMakeFiles/vision_msgs__rosidl_typesupport_cpp.dir/rosidl_typesupport_cpp/vision_msgs/msg/bounding_box2_d__type_support.cpp.o
[4.347s] [22/120] Building CXX object CMakeFiles/vision_msgs__rosidl_typesupport_cpp.dir/rosidl_typesupport_cpp/vision_msgs/msg/bounding_box2_d_array__type_support.cpp.o
[4.359s] [23/120] Generating C type support dispatch for ROS interfaces
[4.379s] [24/120] Building CXX object CMakeFiles/vision_msgs__rosidl_typesupport_c.dir/rosidl_typesupport_c/vision_msgs/msg/bounding_box2_d__type_support.cpp.o
[4.395s] [25/120] Building CXX object CMakeFiles/vision_msgs__rosidl_typesupport_c.dir/rosidl_typesupport_c/vision_msgs/msg/bounding_box2_d_array__type_support.cpp.o
[4.415s] [26/120] Building CXX object CMakeFiles/vision_msgs__rosidl_typesupport_c.dir/rosidl_typesupport_c/vision_msgs/msg/bounding_box3_d__type_support.cpp.o
[4.435s] [27/120] Building CXX object CMakeFiles/vision_msgs__rosidl_typesupport_c.dir/rosidl_typesupport_c/vision_msgs/msg/bounding_box3_d_array__type_support.cpp.o
[4.451s] [28/120] Building CXX object CMakeFiles/vision_msgs__rosidl_typesupport_c.dir/rosidl_typesupport_c/vision_msgs/msg/classification2_d__type_support.cpp.o
[4.475s] [29/120] Building CXX object CMakeFiles/vision_msgs__rosidl_typesupport_c.dir/rosidl_typesupport_c/vision_msgs/msg/classification3_d__type_support.cpp.o
[4.483s] [30/120] Generating C introspection for ROS interfaces
[4.495s] [31/120] Building CXX object CMakeFiles/vision_msgs__rosidl_typesupport_c.dir/rosidl_typesupport_c/vision_msgs/msg/detection2_d__type_support.cpp.o
[4.497s] [32/120] Building CXX object CMakeFiles/vision_msgs__rosidl_typesupport_introspection_cpp.dir/rosidl_typesupport_introspection_cpp/vision_msgs/msg/detail/bounding_box2_d__type_support.cpp.o
[4.517s] [33/120] Building C object CMakeFiles/vision_msgs__rosidl_typesupport_introspection_c.dir/rosidl_typesupport_introspection_c/vision_msgs/msg/detail/bounding_box2_d__type_support.c.o
[4.524s] [34/120] Building C object CMakeFiles/vision_msgs__rosidl_typesupport_introspection_c.dir/rosidl_typesupport_introspection_c/vision_msgs/msg/detail/bounding_box3_d__type_support.c.o
[4.531s] [35/120] Building C object CMakeFiles/vision_msgs__rosidl_typesupport_introspection_c.dir/rosidl_typesupport_introspection_c/vision_msgs/msg/detail/bounding_box2_d_array__type_support.c.o
[4.535s] [36/120] Generating C type support for eProsima Fast-RTPS
[4.569s] [37/120] Building C object CMakeFiles/vision_msgs__rosidl_typesupport_introspection_c.dir/rosidl_typesupport_introspection_c/vision_msgs/msg/detail/classification2_d__type_support.c.o
[4.569s] [38/120] Building C object CMakeFiles/vision_msgs__rosidl_typesupport_introspection_c.dir/rosidl_typesupport_introspection_c/vision_msgs/msg/detail/bounding_box3_d_array__type_support.c.o
[4.569s] [39/120] Building C object CMakeFiles/vision_msgs__rosidl_typesupport_introspection_c.dir/rosidl_typesupport_introspection_c/vision_msgs/msg/detail/classification3_d__type_support.c.o
[4.591s] [40/120] Building CXX object CMakeFiles/vision_msgs__rosidl_typesupport_fastrtps_cpp.dir/rosidl_typesupport_fastrtps_cpp/vision_msgs/msg/detail/dds_fastrtps/bounding_box2_d__type_support.cpp.o
[4.651s] [41/120] Building CXX object CMakeFiles/vision_msgs__rosidl_typesupport_fastrtps_cpp.dir/rosidl_typesupport_fastrtps_cpp/vision_msgs/msg/detail/dds_fastrtps/bounding_box3_d__type_support.cpp.o
[4.699s] [42/120] Building CXX object CMakeFiles/vision_msgs__rosidl_typesupport_fastrtps_cpp.dir/rosidl_typesupport_fastrtps_cpp/vision_msgs/msg/detail/dds_fastrtps/bounding_box2_d_array__type_support.cpp.o
[4.703s] [43/120] Building CXX object CMakeFiles/vision_msgs__rosidl_typesupport_fastrtps_cpp.dir/rosidl_typesupport_fastrtps_cpp/vision_msgs/msg/detail/dds_fastrtps/bounding_box3_d_array__type_support.cpp.o
[4.811s] [44/120] Building CXX object CMakeFiles/vision_msgs__rosidl_typesupport_fastrtps_c.dir/rosidl_typesupport_fastrtps_c/vision_msgs/msg/detail/bounding_box2_d__type_support_c.cpp.o
[4.829s] [45/120] Building CXX object CMakeFiles/vision_msgs__rosidl_typesupport_fastrtps_c.dir/rosidl_typesupport_fastrtps_c/vision_msgs/msg/detail/bounding_box2_d_array__type_support_c.cpp.o
[4.834s] [46/120] Building CXX object CMakeFiles/vision_msgs__rosidl_typesupport_fastrtps_c.dir/rosidl_typesupport_fastrtps_c/vision_msgs/msg/detail/object_hypothesis_with_pose__type_support_c.cpp.o
[4.839s] [47/120] Building CXX object CMakeFiles/vision_msgs__rosidl_typesupport_fastrtps_c.dir/rosidl_typesupport_fastrtps_c/vision_msgs/msg/detail/bounding_box3_d__type_support_c.cpp.o
[4.863s] [48/120] Building CXX object CMakeFiles/vision_msgs__rosidl_typesupport_fastrtps_c.dir/rosidl_typesupport_fastrtps_c/vision_msgs/msg/detail/bounding_box3_d_array__type_support_c.cpp.o
[4.923s] [49/120] Building CXX object CMakeFiles/vision_msgs__rosidl_typesupport_fastrtps_c.dir/rosidl_typesupport_fastrtps_c/vision_msgs/msg/detail/classification2_d__type_support_c.cpp.o
[4.955s] [50/120] Building C object CMakeFiles/vision_msgs__rosidl_typesupport_introspection_c.dir/rosidl_typesupport_introspection_c/vision_msgs/msg/detail/detection2_d__type_support.c.o
[4.975s] [51/120] Building CXX object CMakeFiles/vision_msgs__rosidl_typesupport_fastrtps_c.dir/rosidl_typesupport_fastrtps_c/vision_msgs/msg/detail/classification3_d__type_support_c.cpp.o
[4.992s] [52/120] Building C object CMakeFiles/vision_msgs__rosidl_typesupport_introspection_c.dir/rosidl_typesupport_introspection_c/vision_msgs/msg/detail/detection2_d_array__type_support.c.o
[4.995s] [53/120] Building CXX object CMakeFiles/vision_msgs__rosidl_typesupport_fastrtps_c.dir/rosidl_typesupport_fastrtps_c/vision_msgs/msg/detail/detection2_d__type_support_c.cpp.o
[5.017s] [54/120] Building C object CMakeFiles/vision_msgs__rosidl_typesupport_introspection_c.dir/rosidl_typesupport_introspection_c/vision_msgs/msg/detail/object_hypothesis__type_support.c.o
[5.023s] [55/120] Building C object CMakeFiles/vision_msgs__rosidl_typesupport_introspection_c.dir/rosidl_typesupport_introspection_c/vision_msgs/msg/detail/detection3_d__type_support.c.o
[5.023s] [56/120] Building C object CMakeFiles/vision_msgs__rosidl_typesupport_introspection_c.dir/rosidl_typesupport_introspection_c/vision_msgs/msg/detail/detection3_d_array__type_support.c.o
[5.042s] [57/120] Building CXX object CMakeFiles/vision_msgs__rosidl_typesupport_c.dir/rosidl_typesupport_c/vision_msgs/msg/detection2_d_array__type_support.cpp.o
[5.047s] [58/120] Building C object CMakeFiles/vision_msgs__rosidl_typesupport_introspection_c.dir/rosidl_typesupport_introspection_c/vision_msgs/msg/detail/object_hypothesis_with_pose__type_support.c.o
[5.048s] [59/120] Building C object CMakeFiles/vision_msgs__rosidl_typesupport_introspection_c.dir/rosidl_typesupport_introspection_c/vision_msgs/msg/detail/vision_info__type_support.c.o
[5.064s] [60/120] Building CXX object CMakeFiles/vision_msgs__rosidl_typesupport_c.dir/rosidl_typesupport_c/vision_msgs/msg/detection3_d__type_support.cpp.o
[5.066s] [61/120] Building CXX object CMakeFiles/vision_msgs__rosidl_typesupport_c.dir/rosidl_typesupport_c/vision_msgs/msg/detection3_d_array__type_support.cpp.o
[5.079s] [62/120] Linking C shared library libvision_msgs__rosidl_typesupport_introspection_c.so
[5.088s] [63/120] Building CXX object CMakeFiles/vision_msgs__rosidl_typesupport_fastrtps_c.dir/rosidl_typesupport_fastrtps_c/vision_msgs/msg/detail/detection2_d_array__type_support_c.cpp.o
[5.088s] [64/120] Building CXX object CMakeFiles/vision_msgs__rosidl_typesupport_c.dir/rosidl_typesupport_c/vision_msgs/msg/object_hypothesis_with_pose__type_support.cpp.o
[5.089s] [65/120] Building CXX object CMakeFiles/vision_msgs__rosidl_typesupport_c.dir/rosidl_typesupport_c/vision_msgs/msg/object_hypothesis__type_support.cpp.o
[5.095s] [66/120] Building CXX object CMakeFiles/vision_msgs__rosidl_typesupport_c.dir/rosidl_typesupport_c/vision_msgs/msg/vision_info__type_support.cpp.o
[5.108s] [67/120] Building CXX object CMakeFiles/vision_msgs__rosidl_typesupport_fastrtps_c.dir/rosidl_typesupport_fastrtps_c/vision_msgs/msg/detail/detection3_d_array__type_support_c.cpp.o
[5.120s] [68/120] Building CXX object CMakeFiles/vision_msgs__rosidl_typesupport_fastrtps_c.dir/rosidl_typesupport_fastrtps_c/vision_msgs/msg/detail/detection3_d__type_support_c.cpp.o
[5.120s] [69/120] Building CXX object CMakeFiles/vision_msgs__rosidl_typesupport_fastrtps_c.dir/rosidl_typesupport_fastrtps_c/vision_msgs/msg/detail/object_hypothesis__type_support_c.cpp.o
[5.147s] [70/120] Linking CXX shared library libvision_msgs__rosidl_typesupport_c.so
[5.151s] [71/120] Building CXX object CMakeFiles/vision_msgs__rosidl_typesupport_fastrtps_c.dir/rosidl_typesupport_fastrtps_c/vision_msgs/msg/detail/vision_info__type_support_c.cpp.o
[5.207s] [72/120] Linking CXX shared library libvision_msgs__rosidl_typesupport_fastrtps_c.so
[5.415s] [73/120] Building CXX object CMakeFiles/vision_msgs__rosidl_typesupport_fastrtps_cpp.dir/rosidl_typesupport_fastrtps_cpp/vision_msgs/msg/detail/dds_fastrtps/object_hypothesis_with_pose__type_support.cpp.o
[5.446s] [74/120] Building CXX object CMakeFiles/vision_msgs__rosidl_typesupport_fastrtps_cpp.dir/rosidl_typesupport_fastrtps_cpp/vision_msgs/msg/detail/dds_fastrtps/classification2_d__type_support.cpp.o
[5.459s] [75/120] Building CXX object CMakeFiles/vision_msgs__rosidl_typesupport_fastrtps_cpp.dir/rosidl_typesupport_fastrtps_cpp/vision_msgs/msg/detail/dds_fastrtps/classification3_d__type_support.cpp.o
[5.497s] [76/120] Building CXX object CMakeFiles/vision_msgs__rosidl_typesupport_fastrtps_cpp.dir/rosidl_typesupport_fastrtps_cpp/vision_msgs/msg/detail/dds_fastrtps/detection2_d__type_support.cpp.o
[5.515s] [77/120] Building CXX object CMakeFiles/vision_msgs__rosidl_typesupport_fastrtps_cpp.dir/rosidl_typesupport_fastrtps_cpp/vision_msgs/msg/detail/dds_fastrtps/detection2_d_array__type_support.cpp.o
[5.519s] [78/120] Building CXX object CMakeFiles/vision_msgs__rosidl_typesupport_fastrtps_cpp.dir/rosidl_typesupport_fastrtps_cpp/vision_msgs/msg/detail/dds_fastrtps/detection3_d__type_support.cpp.o
[5.535s] [79/120] Building CXX object CMakeFiles/vision_msgs__rosidl_typesupport_fastrtps_cpp.dir/rosidl_typesupport_fastrtps_cpp/vision_msgs/msg/detail/dds_fastrtps/object_hypothesis__type_support.cpp.o
[5.567s] [80/120] Building CXX object CMakeFiles/vision_msgs__rosidl_typesupport_fastrtps_cpp.dir/rosidl_typesupport_fastrtps_cpp/vision_msgs/msg/detail/dds_fastrtps/detection3_d_array__type_support.cpp.o
[5.730s] [81/120] Building CXX object CMakeFiles/vision_msgs__rosidl_typesupport_fastrtps_cpp.dir/rosidl_typesupport_fastrtps_cpp/vision_msgs/msg/detail/dds_fastrtps/vision_info__type_support.cpp.o
[5.787s] [82/120] Building CXX object CMakeFiles/vision_msgs__rosidl_typesupport_introspection_cpp.dir/rosidl_typesupport_introspection_cpp/vision_msgs/msg/detail/bounding_box3_d__type_support.cpp.o
[5.795s] [83/120] Linking CXX shared library libvision_msgs__rosidl_typesupport_fastrtps_cpp.so
[5.815s] [84/120] Building CXX object CMakeFiles/vision_msgs__rosidl_typesupport_introspection_cpp.dir/rosidl_typesupport_introspection_cpp/vision_msgs/msg/detail/bounding_box2_d_array__type_support.cpp.o
[5.859s] [85/120] Building CXX object CMakeFiles/vision_msgs__rosidl_typesupport_introspection_cpp.dir/rosidl_typesupport_introspection_cpp/vision_msgs/msg/detail/bounding_box3_d_array__type_support.cpp.o
[5.879s] [86/120] Building CXX object CMakeFiles/vision_msgs__rosidl_typesupport_introspection_cpp.dir/rosidl_typesupport_introspection_cpp/vision_msgs/msg/detail/classification2_d__type_support.cpp.o
[5.905s] [87/120] Building CXX object CMakeFiles/vision_msgs__rosidl_typesupport_introspection_cpp.dir/rosidl_typesupport_introspection_cpp/vision_msgs/msg/detail/classification3_d__type_support.cpp.o
[5.927s] [88/120] Building CXX object CMakeFiles/vision_msgs__rosidl_typesupport_introspection_cpp.dir/rosidl_typesupport_introspection_cpp/vision_msgs/msg/detail/detection2_d__type_support.cpp.o
[6.011s] [89/120] Building CXX object CMakeFiles/vision_msgs__rosidl_typesupport_introspection_cpp.dir/rosidl_typesupport_introspection_cpp/vision_msgs/msg/detail/detection2_d_array__type_support.cpp.o
[6.127s] [90/120] Building CXX object CMakeFiles/vision_msgs__rosidl_typesupport_cpp.dir/rosidl_typesupport_cpp/vision_msgs/msg/bounding_box3_d_array__type_support.cpp.o
[6.139s] [91/120] Building CXX object CMakeFiles/vision_msgs__rosidl_typesupport_introspection_cpp.dir/rosidl_typesupport_introspection_cpp/vision_msgs/msg/detail/object_hypothesis__type_support.cpp.o
[6.143s] [92/120] Building CXX object CMakeFiles/vision_msgs__rosidl_typesupport_cpp.dir/rosidl_typesupport_cpp/vision_msgs/msg/classification2_d__type_support.cpp.o
[6.171s] [93/120] Building CXX object CMakeFiles/vision_msgs__rosidl_typesupport_introspection_cpp.dir/rosidl_typesupport_introspection_cpp/vision_msgs/msg/detail/detection3_d__type_support.cpp.o
[6.190s] [94/120] Building CXX object CMakeFiles/vision_msgs__rosidl_typesupport_introspection_cpp.dir/rosidl_typesupport_introspection_cpp/vision_msgs/msg/detail/object_hypothesis_with_pose__type_support.cpp.o
[6.199s] [95/120] Building CXX object CMakeFiles/vision_msgs__rosidl_typesupport_introspection_cpp.dir/rosidl_typesupport_introspection_cpp/vision_msgs/msg/detail/vision_info__type_support.cpp.o
[6.231s] [96/120] Building CXX object CMakeFiles/vision_msgs__rosidl_typesupport_cpp.dir/rosidl_typesupport_cpp/vision_msgs/msg/classification3_d__type_support.cpp.o
[6.279s] [97/120] Building CXX object CMakeFiles/vision_msgs__rosidl_typesupport_introspection_cpp.dir/rosidl_typesupport_introspection_cpp/vision_msgs/msg/detail/detection3_d_array__type_support.cpp.o
[6.349s] [98/120] Linking CXX shared library libvision_msgs__rosidl_typesupport_introspection_cpp.so
[6.350s] [99/120] Building CXX object CMakeFiles/vision_msgs__rosidl_typesupport_cpp.dir/rosidl_typesupport_cpp/vision_msgs/msg/detection2_d__type_support.cpp.o
[6.361s] [100/120] Building CXX object CMakeFiles/vision_msgs__rosidl_typesupport_cpp.dir/rosidl_typesupport_cpp/vision_msgs/msg/detection2_d_array__type_support.cpp.o
[6.364s] [101/120] Building CXX object CMakeFiles/vision_msgs__rosidl_typesupport_cpp.dir/rosidl_typesupport_cpp/vision_msgs/msg/detection3_d__type_support.cpp.o
[6.395s] [102/120] Building CXX object CMakeFiles/vision_msgs__rosidl_typesupport_cpp.dir/rosidl_typesupport_cpp/vision_msgs/msg/detection3_d_array__type_support.cpp.o
[6.411s] [103/120] Building CXX object CMakeFiles/vision_msgs__rosidl_typesupport_cpp.dir/rosidl_typesupport_cpp/vision_msgs/msg/object_hypothesis__type_support.cpp.o
[6.418s] [104/120] Building CXX object CMakeFiles/vision_msgs__rosidl_typesupport_cpp.dir/rosidl_typesupport_cpp/vision_msgs/msg/object_hypothesis_with_pose__type_support.cpp.o
[6.460s] [105/120] Building CXX object CMakeFiles/vision_msgs__rosidl_typesupport_cpp.dir/rosidl_typesupport_cpp/vision_msgs/msg/vision_info__type_support.cpp.o
[6.499s] [106/120] Linking CXX shared library libvision_msgs__rosidl_typesupport_cpp.so
[14.799s] [107/120] Building CXX object CMakeFiles/vision_msgs_matlab.dir/src/vision_msgs_BoundingBox2D_message.cpp.o
[14.839s] [108/120] Building CXX object CMakeFiles/vision_msgs_matlab.dir/src/vision_msgs_BoundingBox3D_message.cpp.o
[14.979s] [109/120] Building CXX object CMakeFiles/vision_msgs_matlab.dir/src/vision_msgs_BoundingBox3DArray_message.cpp.o
[15.019s] [110/120] Building CXX object CMakeFiles/vision_msgs_matlab.dir/src/vision_msgs_Detection2DArray_message.cpp.o
[15.039s] [111/120] Building CXX object CMakeFiles/vision_msgs_matlab.dir/src/vision_msgs_BoundingBox2DArray_message.cpp.o
[15.083s] [112/120] Building CXX object CMakeFiles/vision_msgs_matlab.dir/src/vision_msgs_Classification2D_message.cpp.o
[15.142s] [113/120] Building CXX object CMakeFiles/vision_msgs_matlab.dir/src/vision_msgs_Detection3DArray_message.cpp.o
[15.154s] [114/120] Building CXX object CMakeFiles/vision_msgs_matlab.dir/src/vision_msgs_Classification3D_message.cpp.o
[22.823s] [115/120] Building CXX object CMakeFiles/vision_msgs_matlab.dir/src/vision_msgs_ObjectHypothesis_message.cpp.o
[23.020s] [116/120] Building CXX object CMakeFiles/vision_msgs_matlab.dir/src/vision_msgs_VisionInfo_message.cpp.o
[23.052s] [117/120] Building CXX object CMakeFiles/vision_msgs_matlab.dir/src/vision_msgs_ObjectHypothesisWithPose_message.cpp.o
[23.141s] [118/120] Building CXX object CMakeFiles/vision_msgs_matlab.dir/src/vision_msgs_Detection2D_message.cpp.o
[23.172s] [119/120] Building CXX object CMakeFiles/vision_msgs_matlab.dir/src/vision_msgs_Detection3D_message.cpp.o
[25.936s] [120/120] Linking CXX shared library libvision_msgs_matlab.so
[25.937s] Invoked command in '/home/aiv/YongJun_ws/IVL_WS/matlab_ws/ros_msg/matlab_msg_gen/glnxa64/build/vision_msgs' returned '0': PS1=(venv) /usr/local/MATLAB/R2024a/bin/glnxa64/cmake/bin/cmake --build /home/aiv/YongJun_ws/IVL_WS/matlab_ws/ros_msg/matlab_msg_gen/glnxa64/build/vision_msgs -- -j8 -l8
[25.954s] Invoking command in '/home/aiv/YongJun_ws/IVL_WS/matlab_ws/ros_msg/matlab_msg_gen/glnxa64/build/vision_msgs': PS1=(venv) /usr/local/MATLAB/R2024a/bin/glnxa64/cmake/bin/cmake --install /home/aiv/YongJun_ws/IVL_WS/matlab_ws/ros_msg/matlab_msg_gen/glnxa64/build/vision_msgs
[25.955s] -- Install configuration: "Release"
[25.955s] -- Installing: /home/aiv/YongJun_ws/IVL_WS/matlab_ws/ros_msg/matlab_msg_gen/glnxa64/install/share/ament_index/resource_index/rosidl_interfaces/vision_msgs
[25.956s] -- Installing: /home/aiv/YongJun_ws/IVL_WS/matlab_ws/ros_msg/matlab_msg_gen/glnxa64/install/include/vision_msgs/vision_msgs
[25.956s] -- Installing: /home/aiv/YongJun_ws/IVL_WS/matlab_ws/ros_msg/matlab_msg_gen/glnxa64/install/include/vision_msgs/vision_msgs/msg
[25.956s] -- Installing: /home/aiv/YongJun_ws/IVL_WS/matlab_ws/ros_msg/matlab_msg_gen/glnxa64/install/include/vision_msgs/vision_msgs/msg/object_hypothesis_with_pose.h
[25.956s] -- Installing: /home/aiv/YongJun_ws/IVL_WS/matlab_ws/ros_msg/matlab_msg_gen/glnxa64/install/include/vision_msgs/vision_msgs/msg/detection2_d_array.h
[25.956s] -- Installing: /home/aiv/YongJun_ws/IVL_WS/matlab_ws/ros_msg/matlab_msg_gen/glnxa64/install/include/vision_msgs/vision_msgs/msg/bounding_box3_d.h
[25.956s] -- Installing: /home/aiv/YongJun_ws/IVL_WS/matlab_ws/ros_msg/matlab_msg_gen/glnxa64/install/include/vision_msgs/vision_msgs/msg/bounding_box2_d.h
[25.956s] -- Installing: /home/aiv/YongJun_ws/IVL_WS/matlab_ws/ros_msg/matlab_msg_gen/glnxa64/install/include/vision_msgs/vision_msgs/msg/object_hypothesis.h
[25.956s] -- Installing: /home/aiv/YongJun_ws/IVL_WS/matlab_ws/ros_msg/matlab_msg_gen/glnxa64/install/include/vision_msgs/vision_msgs/msg/bounding_box2_d_array.h
[25.956s] -- Installing: /home/aiv/YongJun_ws/IVL_WS/matlab_ws/ros_msg/matlab_msg_gen/glnxa64/install/include/vision_msgs/vision_msgs/msg/detection3_d_array.h
[25.956s] -- Installing: /home/aiv/YongJun_ws/IVL_WS/matlab_ws/ros_msg/matlab_msg_gen/glnxa64/install/include/vision_msgs/vision_msgs/msg/classification2_d.h
[25.956s] -- Installing: /home/aiv/YongJun_ws/IVL_WS/matlab_ws/ros_msg/matlab_msg_gen/glnxa64/install/include/vision_msgs/vision_msgs/msg/rosidl_generator_c__visibility_control.h
[25.956s] -- Installing: /home/aiv/YongJun_ws/IVL_WS/matlab_ws/ros_msg/matlab_msg_gen/glnxa64/install/include/vision_msgs/vision_msgs/msg/bounding_box3_d_array.h
[25.956s] -- Installing: /home/aiv/YongJun_ws/IVL_WS/matlab_ws/ros_msg/matlab_msg_gen/glnxa64/install/include/vision_msgs/vision_msgs/msg/detection2_d.h
[25.956s] -- Installing: /home/aiv/YongJun_ws/IVL_WS/matlab_ws/ros_msg/matlab_msg_gen/glnxa64/install/include/vision_msgs/vision_msgs/msg/detection3_d.h
[25.956s] -- Installing: /home/aiv/YongJun_ws/IVL_WS/matlab_ws/ros_msg/matlab_msg_gen/glnxa64/install/include/vision_msgs/vision_msgs/msg/detail
[25.957s] -- Installing: /home/aiv/YongJun_ws/IVL_WS/matlab_ws/ros_msg/matlab_msg_gen/glnxa64/install/include/vision_msgs/vision_msgs/msg/detail/bounding_box3_d__functions.c
[25.957s] -- Installing: /home/aiv/YongJun_ws/IVL_WS/matlab_ws/ros_msg/matlab_msg_gen/glnxa64/install/include/vision_msgs/vision_msgs/msg/detail/object_hypothesis_with_pose__functions.h
[25.957s] -- Installing: /home/aiv/YongJun_ws/IVL_WS/matlab_ws/ros_msg/matlab_msg_gen/glnxa64/install/include/vision_msgs/vision_msgs/msg/detail/detection3_d__struct.h
[25.957s] -- Installing: /home/aiv/YongJun_ws/IVL_WS/matlab_ws/ros_msg/matlab_msg_gen/glnxa64/install/include/vision_msgs/vision_msgs/msg/detail/bounding_box3_d_array__functions.h
[25.957s] -- Installing: /home/aiv/YongJun_ws/IVL_WS/matlab_ws/ros_msg/matlab_msg_gen/glnxa64/install/include/vision_msgs/vision_msgs/msg/detail/object_hypothesis__functions.c
[25.957s] -- Installing: /home/aiv/YongJun_ws/IVL_WS/matlab_ws/ros_msg/matlab_msg_gen/glnxa64/install/include/vision_msgs/vision_msgs/msg/detail/bounding_box2_d__struct.h
[25.957s] -- Installing: /home/aiv/YongJun_ws/IVL_WS/matlab_ws/ros_msg/matlab_msg_gen/glnxa64/install/include/vision_msgs/vision_msgs/msg/detail/detection3_d_array__functions.c
[25.957s] -- Installing: /home/aiv/YongJun_ws/IVL_WS/matlab_ws/ros_msg/matlab_msg_gen/glnxa64/install/include/vision_msgs/vision_msgs/msg/detail/bounding_box2_d_array__functions.h
[25.957s] -- Installing: /home/aiv/YongJun_ws/IVL_WS/matlab_ws/ros_msg/matlab_msg_gen/glnxa64/install/include/vision_msgs/vision_msgs/msg/detail/detection3_d__functions.h
[25.957s] -- Installing: /home/aiv/YongJun_ws/IVL_WS/matlab_ws/ros_msg/matlab_msg_gen/glnxa64/install/include/vision_msgs/vision_msgs/msg/detail/bounding_box2_d__functions.h
[25.957s] -- Installing: /home/aiv/YongJun_ws/IVL_WS/matlab_ws/ros_msg/matlab_msg_gen/glnxa64/install/include/vision_msgs/vision_msgs/msg/detail/classification3_d__struct.h
[25.957s] -- Installing: /home/aiv/YongJun_ws/IVL_WS/matlab_ws/ros_msg/matlab_msg_gen/glnxa64/install/include/vision_msgs/vision_msgs/msg/detail/bounding_box2_d_array__functions.c
[25.957s] -- Installing: /home/aiv/YongJun_ws/IVL_WS/matlab_ws/ros_msg/matlab_msg_gen/glnxa64/install/include/vision_msgs/vision_msgs/msg/detail/vision_info__functions.h
[25.957s] -- Installing: /home/aiv/YongJun_ws/IVL_WS/matlab_ws/ros_msg/matlab_msg_gen/glnxa64/install/include/vision_msgs/vision_msgs/msg/detail/classification3_d__type_support.h
[25.957s] -- Installing: /home/aiv/YongJun_ws/IVL_WS/matlab_ws/ros_msg/matlab_msg_gen/glnxa64/install/include/vision_msgs/vision_msgs/msg/detail/bounding_box3_d__functions.h
[25.957s] -- Installing: /home/aiv/YongJun_ws/IVL_WS/matlab_ws/ros_msg/matlab_msg_gen/glnxa64/install/include/vision_msgs/vision_msgs/msg/detail/object_hypothesis__struct.h
[25.958s] -- Installing: /home/aiv/YongJun_ws/IVL_WS/matlab_ws/ros_msg/matlab_msg_gen/glnxa64/install/include/vision_msgs/vision_msgs/msg/detail/object_hypothesis__functions.h
[25.958s] -- Installing: /home/aiv/YongJun_ws/IVL_WS/matlab_ws/ros_msg/matlab_msg_gen/glnxa64/install/include/vision_msgs/vision_msgs/msg/detail/detection2_d__type_support.h
[25.958s] -- Installing: /home/aiv/YongJun_ws/IVL_WS/matlab_ws/ros_msg/matlab_msg_gen/glnxa64/install/include/vision_msgs/vision_msgs/msg/detail/detection3_d_array__struct.h
[25.958s] -- Installing: /home/aiv/YongJun_ws/IVL_WS/matlab_ws/ros_msg/matlab_msg_gen/glnxa64/install/include/vision_msgs/vision_msgs/msg/detail/detection3_d__functions.c
[25.958s] -- Installing: /home/aiv/YongJun_ws/IVL_WS/matlab_ws/ros_msg/matlab_msg_gen/glnxa64/install/include/vision_msgs/vision_msgs/msg/detail/classification2_d__type_support.h
[25.958s] -- Installing: /home/aiv/YongJun_ws/IVL_WS/matlab_ws/ros_msg/matlab_msg_gen/glnxa64/install/include/vision_msgs/vision_msgs/msg/detail/detection2_d__struct.h
[25.958s] -- Installing: /home/aiv/YongJun_ws/IVL_WS/matlab_ws/ros_msg/matlab_msg_gen/glnxa64/install/include/vision_msgs/vision_msgs/msg/detail/bounding_box2_d_array__type_support.h
[25.958s] -- Installing: /home/aiv/YongJun_ws/IVL_WS/matlab_ws/ros_msg/matlab_msg_gen/glnxa64/install/include/vision_msgs/vision_msgs/msg/detail/bounding_box2_d__functions.c
[25.958s] -- Installing: /home/aiv/YongJun_ws/IVL_WS/matlab_ws/ros_msg/matlab_msg_gen/glnxa64/install/include/vision_msgs/vision_msgs/msg/detail/classification2_d__functions.c
[25.958s] -- Installing: /home/aiv/YongJun_ws/IVL_WS/matlab_ws/ros_msg/matlab_msg_gen/glnxa64/install/include/vision_msgs/vision_msgs/msg/detail/detection2_d_array__struct.h
[25.958s] -- Installing: /home/aiv/YongJun_ws/IVL_WS/matlab_ws/ros_msg/matlab_msg_gen/glnxa64/install/include/vision_msgs/vision_msgs/msg/detail/classification2_d__struct.h
[25.958s] -- Installing: /home/aiv/YongJun_ws/IVL_WS/matlab_ws/ros_msg/matlab_msg_gen/glnxa64/install/include/vision_msgs/vision_msgs/msg/detail/detection2_d__functions.h
[25.958s] -- Installing: /home/aiv/YongJun_ws/IVL_WS/matlab_ws/ros_msg/matlab_msg_gen/glnxa64/install/include/vision_msgs/vision_msgs/msg/detail/bounding_box2_d_array__struct.h
[25.958s] -- Installing: /home/aiv/YongJun_ws/IVL_WS/matlab_ws/ros_msg/matlab_msg_gen/glnxa64/install/include/vision_msgs/vision_msgs/msg/detail/detection2_d_array__type_support.h
[25.958s] -- Installing: /home/aiv/YongJun_ws/IVL_WS/matlab_ws/ros_msg/matlab_msg_gen/glnxa64/install/include/vision_msgs/vision_msgs/msg/detail/detection3_d_array__type_support.h
[25.958s] -- Installing: /home/aiv/YongJun_ws/IVL_WS/matlab_ws/ros_msg/matlab_msg_gen/glnxa64/install/include/vision_msgs/vision_msgs/msg/detail/bounding_box3_d_array__type_support.h
[25.958s] -- Installing: /home/aiv/YongJun_ws/IVL_WS/matlab_ws/ros_msg/matlab_msg_gen/glnxa64/install/include/vision_msgs/vision_msgs/msg/detail/detection3_d_array__functions.h
[25.959s] -- Installing: /home/aiv/YongJun_ws/IVL_WS/matlab_ws/ros_msg/matlab_msg_gen/glnxa64/install/include/vision_msgs/vision_msgs/msg/detail/classification3_d__functions.c
[25.959s] -- Installing: /home/aiv/YongJun_ws/IVL_WS/matlab_ws/ros_msg/matlab_msg_gen/glnxa64/install/include/vision_msgs/vision_msgs/msg/detail/detection2_d_array__functions.c
[25.959s] -- Installing: /home/aiv/YongJun_ws/IVL_WS/matlab_ws/ros_msg/matlab_msg_gen/glnxa64/install/include/vision_msgs/vision_msgs/msg/detail/detection2_d__functions.c
[25.959s] -- Installing: /home/aiv/YongJun_ws/IVL_WS/matlab_ws/ros_msg/matlab_msg_gen/glnxa64/install/include/vision_msgs/vision_msgs/msg/detail/object_hypothesis__type_support.h
[25.959s] -- Installing: /home/aiv/YongJun_ws/IVL_WS/matlab_ws/ros_msg/matlab_msg_gen/glnxa64/install/include/vision_msgs/vision_msgs/msg/detail/bounding_box3_d_array__struct.h
[25.959s] -- Installing: /home/aiv/YongJun_ws/IVL_WS/matlab_ws/ros_msg/matlab_msg_gen/glnxa64/install/include/vision_msgs/vision_msgs/msg/detail/vision_info__type_support.h
[25.959s] -- Installing: /home/aiv/YongJun_ws/IVL_WS/matlab_ws/ros_msg/matlab_msg_gen/glnxa64/install/include/vision_msgs/vision_msgs/msg/detail/object_hypothesis_with_pose__struct.h
[25.959s] -- Installing: /home/aiv/YongJun_ws/IVL_WS/matlab_ws/ros_msg/matlab_msg_gen/glnxa64/install/include/vision_msgs/vision_msgs/msg/detail/object_hypothesis_with_pose__type_support.h
[25.959s] -- Installing: /home/aiv/YongJun_ws/IVL_WS/matlab_ws/ros_msg/matlab_msg_gen/glnxa64/install/include/vision_msgs/vision_msgs/msg/detail/vision_info__functions.c
[25.959s] -- Installing: /home/aiv/YongJun_ws/IVL_WS/matlab_ws/ros_msg/matlab_msg_gen/glnxa64/install/include/vision_msgs/vision_msgs/msg/detail/detection3_d__type_support.h
[25.959s] -- Installing: /home/aiv/YongJun_ws/IVL_WS/matlab_ws/ros_msg/matlab_msg_gen/glnxa64/install/include/vision_msgs/vision_msgs/msg/detail/bounding_box3_d_array__functions.c
[25.959s] -- Installing: /home/aiv/YongJun_ws/IVL_WS/matlab_ws/ros_msg/matlab_msg_gen/glnxa64/install/include/vision_msgs/vision_msgs/msg/detail/bounding_box3_d__struct.h
[25.959s] -- Installing: /home/aiv/YongJun_ws/IVL_WS/matlab_ws/ros_msg/matlab_msg_gen/glnxa64/install/include/vision_msgs/vision_msgs/msg/detail/classification2_d__functions.h
[25.959s] -- Installing: /home/aiv/YongJun_ws/IVL_WS/matlab_ws/ros_msg/matlab_msg_gen/glnxa64/install/include/vision_msgs/vision_msgs/msg/detail/classification3_d__functions.h
[25.959s] -- Installing: /home/aiv/YongJun_ws/IVL_WS/matlab_ws/ros_msg/matlab_msg_gen/glnxa64/install/include/vision_msgs/vision_msgs/msg/detail/object_hypothesis_with_pose__functions.c
[25.959s] -- Installing: /home/aiv/YongJun_ws/IVL_WS/matlab_ws/ros_msg/matlab_msg_gen/glnxa64/install/include/vision_msgs/vision_msgs/msg/detail/bounding_box3_d__type_support.h
[25.960s] -- Installing: /home/aiv/YongJun_ws/IVL_WS/matlab_ws/ros_msg/matlab_msg_gen/glnxa64/install/include/vision_msgs/vision_msgs/msg/detail/bounding_box2_d__type_support.h
[25.960s] -- Installing: /home/aiv/YongJun_ws/IVL_WS/matlab_ws/ros_msg/matlab_msg_gen/glnxa64/install/include/vision_msgs/vision_msgs/msg/detail/detection2_d_array__functions.h
[25.960s] -- Installing: /home/aiv/YongJun_ws/IVL_WS/matlab_ws/ros_msg/matlab_msg_gen/glnxa64/install/include/vision_msgs/vision_msgs/msg/detail/vision_info__struct.h
[25.960s] -- Installing: /home/aiv/YongJun_ws/IVL_WS/matlab_ws/ros_msg/matlab_msg_gen/glnxa64/install/include/vision_msgs/vision_msgs/msg/vision_info.h
[25.960s] -- Installing: /home/aiv/YongJun_ws/IVL_WS/matlab_ws/ros_msg/matlab_msg_gen/glnxa64/install/include/vision_msgs/vision_msgs/msg/classification3_d.h
[25.960s] -- Installing: /home/aiv/YongJun_ws/IVL_WS/matlab_ws/ros_msg/matlab_msg_gen/glnxa64/install/share/vision_msgs/environment/library_path.sh
[25.960s] -- Installing: /home/aiv/YongJun_ws/IVL_WS/matlab_ws/ros_msg/matlab_msg_gen/glnxa64/install/share/vision_msgs/environment/library_path.dsv
[25.960s] -- Installing: /home/aiv/YongJun_ws/IVL_WS/matlab_ws/ros_msg/matlab_msg_gen/glnxa64/install/lib/libvision_msgs__rosidl_generator_c.so
[25.960s] -- Up-to-date: /home/aiv/YongJun_ws/IVL_WS/matlab_ws/ros_msg/matlab_msg_gen/glnxa64/install/include/vision_msgs/vision_msgs
[25.960s] -- Up-to-date: /home/aiv/YongJun_ws/IVL_WS/matlab_ws/ros_msg/matlab_msg_gen/glnxa64/install/include/vision_msgs/vision_msgs/msg
[25.960s] -- Installing: /home/aiv/YongJun_ws/IVL_WS/matlab_ws/ros_msg/matlab_msg_gen/glnxa64/install/include/vision_msgs/vision_msgs/msg/rosidl_typesupport_fastrtps_c__visibility_control.h
[25.960s] -- Up-to-date: /home/aiv/YongJun_ws/IVL_WS/matlab_ws/ros_msg/matlab_msg_gen/glnxa64/install/include/vision_msgs/vision_msgs/msg/detail
[25.960s] -- Installing: /home/aiv/YongJun_ws/IVL_WS/matlab_ws/ros_msg/matlab_msg_gen/glnxa64/install/include/vision_msgs/vision_msgs/msg/detail/classification3_d__rosidl_typesupport_fastrtps_c.h
[25.960s] -- Installing: /home/aiv/YongJun_ws/IVL_WS/matlab_ws/ros_msg/matlab_msg_gen/glnxa64/install/include/vision_msgs/vision_msgs/msg/detail/bounding_box3_d_array__rosidl_typesupport_fastrtps_c.h
[25.960s] -- Installing: /home/aiv/YongJun_ws/IVL_WS/matlab_ws/ros_msg/matlab_msg_gen/glnxa64/install/include/vision_msgs/vision_msgs/msg/detail/object_hypothesis__rosidl_typesupport_fastrtps_c.h
[25.960s] -- Installing: /home/aiv/YongJun_ws/IVL_WS/matlab_ws/ros_msg/matlab_msg_gen/glnxa64/install/include/vision_msgs/vision_msgs/msg/detail/bounding_box2_d_array__rosidl_typesupport_fastrtps_c.h
[25.960s] -- Installing: /home/aiv/YongJun_ws/IVL_WS/matlab_ws/ros_msg/matlab_msg_gen/glnxa64/install/include/vision_msgs/vision_msgs/msg/detail/classification2_d__rosidl_typesupport_fastrtps_c.h
[25.961s] -- Installing: /home/aiv/YongJun_ws/IVL_WS/matlab_ws/ros_msg/matlab_msg_gen/glnxa64/install/include/vision_msgs/vision_msgs/msg/detail/detection3_d_array__rosidl_typesupport_fastrtps_c.h
[25.961s] -- Installing: /home/aiv/YongJun_ws/IVL_WS/matlab_ws/ros_msg/matlab_msg_gen/glnxa64/install/include/vision_msgs/vision_msgs/msg/detail/detection2_d_array__rosidl_typesupport_fastrtps_c.h
[25.961s] -- Installing: /home/aiv/YongJun_ws/IVL_WS/matlab_ws/ros_msg/matlab_msg_gen/glnxa64/install/include/vision_msgs/vision_msgs/msg/detail/object_hypothesis_with_pose__rosidl_typesupport_fastrtps_c.h
[25.961s] -- Installing: /home/aiv/YongJun_ws/IVL_WS/matlab_ws/ros_msg/matlab_msg_gen/glnxa64/install/include/vision_msgs/vision_msgs/msg/detail/bounding_box3_d__rosidl_typesupport_fastrtps_c.h
[25.961s] -- Installing: /home/aiv/YongJun_ws/IVL_WS/matlab_ws/ros_msg/matlab_msg_gen/glnxa64/install/include/vision_msgs/vision_msgs/msg/detail/bounding_box2_d__rosidl_typesupport_fastrtps_c.h
[25.961s] -- Installing: /home/aiv/YongJun_ws/IVL_WS/matlab_ws/ros_msg/matlab_msg_gen/glnxa64/install/include/vision_msgs/vision_msgs/msg/detail/detection2_d__rosidl_typesupport_fastrtps_c.h
[25.961s] -- Installing: /home/aiv/YongJun_ws/IVL_WS/matlab_ws/ros_msg/matlab_msg_gen/glnxa64/install/include/vision_msgs/vision_msgs/msg/detail/vision_info__rosidl_typesupport_fastrtps_c.h
[25.961s] -- Installing: /home/aiv/YongJun_ws/IVL_WS/matlab_ws/ros_msg/matlab_msg_gen/glnxa64/install/include/vision_msgs/vision_msgs/msg/detail/detection3_d__rosidl_typesupport_fastrtps_c.h
[25.961s] -- Installing: /home/aiv/YongJun_ws/IVL_WS/matlab_ws/ros_msg/matlab_msg_gen/glnxa64/install/lib/libvision_msgs__rosidl_typesupport_fastrtps_c.so
[25.961s] -- Up-to-date: /home/aiv/YongJun_ws/IVL_WS/matlab_ws/ros_msg/matlab_msg_gen/glnxa64/install/include/vision_msgs/vision_msgs
[25.961s] -- Up-to-date: /home/aiv/YongJun_ws/IVL_WS/matlab_ws/ros_msg/matlab_msg_gen/glnxa64/install/include/vision_msgs/vision_msgs/msg
[25.961s] -- Up-to-date: /home/aiv/YongJun_ws/IVL_WS/matlab_ws/ros_msg/matlab_msg_gen/glnxa64/install/include/vision_msgs/vision_msgs/msg/detail
[25.961s] -- Installing: /home/aiv/YongJun_ws/IVL_WS/matlab_ws/ros_msg/matlab_msg_gen/glnxa64/install/include/vision_msgs/vision_msgs/msg/detail/detection3_d_array__type_support.c
[25.961s] -- Installing: /home/aiv/YongJun_ws/IVL_WS/matlab_ws/ros_msg/matlab_msg_gen/glnxa64/install/include/vision_msgs/vision_msgs/msg/detail/classification3_d__rosidl_typesupport_introspection_c.h
[25.961s] -- Installing: /home/aiv/YongJun_ws/IVL_WS/matlab_ws/ros_msg/matlab_msg_gen/glnxa64/install/include/vision_msgs/vision_msgs/msg/detail/classification3_d__type_support.c
[25.961s] -- Installing: /home/aiv/YongJun_ws/IVL_WS/matlab_ws/ros_msg/matlab_msg_gen/glnxa64/install/include/vision_msgs/vision_msgs/msg/detail/detection2_d_array__type_support.c
[25.961s] -- Installing: /home/aiv/YongJun_ws/IVL_WS/matlab_ws/ros_msg/matlab_msg_gen/glnxa64/install/include/vision_msgs/vision_msgs/msg/detail/object_hypothesis_with_pose__rosidl_typesupport_introspection_c.h
[25.962s] -- Installing: /home/aiv/YongJun_ws/IVL_WS/matlab_ws/ros_msg/matlab_msg_gen/glnxa64/install/include/vision_msgs/vision_msgs/msg/detail/object_hypothesis__rosidl_typesupport_introspection_c.h
[25.962s] -- Installing: /home/aiv/YongJun_ws/IVL_WS/matlab_ws/ros_msg/matlab_msg_gen/glnxa64/install/include/vision_msgs/vision_msgs/msg/detail/object_hypothesis__type_support.c
[25.962s] -- Installing: /home/aiv/YongJun_ws/IVL_WS/matlab_ws/ros_msg/matlab_msg_gen/glnxa64/install/include/vision_msgs/vision_msgs/msg/detail/bounding_box2_d_array__rosidl_typesupport_introspection_c.h
[25.962s] -- Installing: /home/aiv/YongJun_ws/IVL_WS/matlab_ws/ros_msg/matlab_msg_gen/glnxa64/install/include/vision_msgs/vision_msgs/msg/detail/bounding_box2_d__type_support.c
[25.962s] -- Installing: /home/aiv/YongJun_ws/IVL_WS/matlab_ws/ros_msg/matlab_msg_gen/glnxa64/install/include/vision_msgs/vision_msgs/msg/detail/detection2_d__type_support.c
[25.962s] -- Installing: /home/aiv/YongJun_ws/IVL_WS/matlab_ws/ros_msg/matlab_msg_gen/glnxa64/install/include/vision_msgs/vision_msgs/msg/detail/vision_info__type_support.c
[25.962s] -- Installing: /home/aiv/YongJun_ws/IVL_WS/matlab_ws/ros_msg/matlab_msg_gen/glnxa64/install/include/vision_msgs/vision_msgs/msg/detail/detection3_d__type_support.c
[25.962s] -- Installing: /home/aiv/YongJun_ws/IVL_WS/matlab_ws/ros_msg/matlab_msg_gen/glnxa64/install/include/vision_msgs/vision_msgs/msg/detail/bounding_box3_d_array__rosidl_typesupport_introspection_c.h
[25.962s] -- Installing: /home/aiv/YongJun_ws/IVL_WS/matlab_ws/ros_msg/matlab_msg_gen/glnxa64/install/include/vision_msgs/vision_msgs/msg/detail/bounding_box2_d_array__type_support.c
[25.962s] -- Installing: /home/aiv/YongJun_ws/IVL_WS/matlab_ws/ros_msg/matlab_msg_gen/glnxa64/install/include/vision_msgs/vision_msgs/msg/detail/bounding_box2_d__rosidl_typesupport_introspection_c.h
[25.962s] -- Installing: /home/aiv/YongJun_ws/IVL_WS/matlab_ws/ros_msg/matlab_msg_gen/glnxa64/install/include/vision_msgs/vision_msgs/msg/detail/detection2_d_array__rosidl_typesupport_introspection_c.h
[25.962s] -- Installing: /home/aiv/YongJun_ws/IVL_WS/matlab_ws/ros_msg/matlab_msg_gen/glnxa64/install/include/vision_msgs/vision_msgs/msg/detail/classification2_d__rosidl_typesupport_introspection_c.h
[25.962s] -- Installing: /home/aiv/YongJun_ws/IVL_WS/matlab_ws/ros_msg/matlab_msg_gen/glnxa64/install/include/vision_msgs/vision_msgs/msg/detail/classification2_d__type_support.c
[25.962s] -- Installing: /home/aiv/YongJun_ws/IVL_WS/matlab_ws/ros_msg/matlab_msg_gen/glnxa64/install/include/vision_msgs/vision_msgs/msg/detail/detection2_d__rosidl_typesupport_introspection_c.h
[25.962s] -- Installing: /home/aiv/YongJun_ws/IVL_WS/matlab_ws/ros_msg/matlab_msg_gen/glnxa64/install/include/vision_msgs/vision_msgs/msg/detail/bounding_box3_d__type_support.c
[25.962s] -- Installing: /home/aiv/YongJun_ws/IVL_WS/matlab_ws/ros_msg/matlab_msg_gen/glnxa64/install/include/vision_msgs/vision_msgs/msg/detail/bounding_box3_d_array__type_support.c
[25.962s] -- Installing: /home/aiv/YongJun_ws/IVL_WS/matlab_ws/ros_msg/matlab_msg_gen/glnxa64/install/include/vision_msgs/vision_msgs/msg/detail/detection3_d_array__rosidl_typesupport_introspection_c.h
[25.963s] -- Installing: /home/aiv/YongJun_ws/IVL_WS/matlab_ws/ros_msg/matlab_msg_gen/glnxa64/install/include/vision_msgs/vision_msgs/msg/detail/object_hypothesis_with_pose__type_support.c
[25.963s] -- Installing: /home/aiv/YongJun_ws/IVL_WS/matlab_ws/ros_msg/matlab_msg_gen/glnxa64/install/include/vision_msgs/vision_msgs/msg/detail/detection3_d__rosidl_typesupport_introspection_c.h
[25.963s] -- Installing: /home/aiv/YongJun_ws/IVL_WS/matlab_ws/ros_msg/matlab_msg_gen/glnxa64/install/include/vision_msgs/vision_msgs/msg/detail/vision_info__rosidl_typesupport_introspection_c.h
[25.963s] -- Installing: /home/aiv/YongJun_ws/IVL_WS/matlab_ws/ros_msg/matlab_msg_gen/glnxa64/install/include/vision_msgs/vision_msgs/msg/detail/bounding_box3_d__rosidl_typesupport_introspection_c.h
[25.963s] -- Installing: /home/aiv/YongJun_ws/IVL_WS/matlab_ws/ros_msg/matlab_msg_gen/glnxa64/install/include/vision_msgs/vision_msgs/msg/rosidl_typesupport_introspection_c__visibility_control.h
[25.963s] -- Installing: /home/aiv/YongJun_ws/IVL_WS/matlab_ws/ros_msg/matlab_msg_gen/glnxa64/install/lib/libvision_msgs__rosidl_typesupport_introspection_c.so
[25.963s] -- Installing: /home/aiv/YongJun_ws/IVL_WS/matlab_ws/ros_msg/matlab_msg_gen/glnxa64/install/lib/libvision_msgs__rosidl_typesupport_c.so
[25.963s] -- Up-to-date: /home/aiv/YongJun_ws/IVL_WS/matlab_ws/ros_msg/matlab_msg_gen/glnxa64/install/include/vision_msgs/vision_msgs
[25.963s] -- Up-to-date: /home/aiv/YongJun_ws/IVL_WS/matlab_ws/ros_msg/matlab_msg_gen/glnxa64/install/include/vision_msgs/vision_msgs/msg
[25.963s] -- Installing: /home/aiv/YongJun_ws/IVL_WS/matlab_ws/ros_msg/matlab_msg_gen/glnxa64/install/include/vision_msgs/vision_msgs/msg/bounding_box2_d_array.hpp
[25.963s] -- Installing: /home/aiv/YongJun_ws/IVL_WS/matlab_ws/ros_msg/matlab_msg_gen/glnxa64/install/include/vision_msgs/vision_msgs/msg/detection2_d.hpp
[25.963s] -- Installing: /home/aiv/YongJun_ws/IVL_WS/matlab_ws/ros_msg/matlab_msg_gen/glnxa64/install/include/vision_msgs/vision_msgs/msg/classification3_d.hpp
[25.963s] -- Installing: /home/aiv/YongJun_ws/IVL_WS/matlab_ws/ros_msg/matlab_msg_gen/glnxa64/install/include/vision_msgs/vision_msgs/msg/bounding_box2_d.hpp
[25.963s] -- Installing: /home/aiv/YongJun_ws/IVL_WS/matlab_ws/ros_msg/matlab_msg_gen/glnxa64/install/include/vision_msgs/vision_msgs/msg/object_hypothesis_with_pose.hpp
[25.963s] -- Installing: /home/aiv/YongJun_ws/IVL_WS/matlab_ws/ros_msg/matlab_msg_gen/glnxa64/install/include/vision_msgs/vision_msgs/msg/object_hypothesis.hpp
[25.963s] -- Installing: /home/aiv/YongJun_ws/IVL_WS/matlab_ws/ros_msg/matlab_msg_gen/glnxa64/install/include/vision_msgs/vision_msgs/msg/classification2_d.hpp
[25.964s] -- Installing: /home/aiv/YongJun_ws/IVL_WS/matlab_ws/ros_msg/matlab_msg_gen/glnxa64/install/include/vision_msgs/vision_msgs/msg/bounding_box3_d_array.hpp
[25.964s] -- Installing: /home/aiv/YongJun_ws/IVL_WS/matlab_ws/ros_msg/matlab_msg_gen/glnxa64/install/include/vision_msgs/vision_msgs/msg/detection3_d.hpp
[25.964s] -- Up-to-date: /home/aiv/YongJun_ws/IVL_WS/matlab_ws/ros_msg/matlab_msg_gen/glnxa64/install/include/vision_msgs/vision_msgs/msg/detail
[25.964s] -- Installing: /home/aiv/YongJun_ws/IVL_WS/matlab_ws/ros_msg/matlab_msg_gen/glnxa64/install/include/vision_msgs/vision_msgs/msg/detail/vision_info__builder.hpp
[25.964s] -- Installing: /home/aiv/YongJun_ws/IVL_WS/matlab_ws/ros_msg/matlab_msg_gen/glnxa64/install/include/vision_msgs/vision_msgs/msg/detail/object_hypothesis__struct.hpp
[25.964s] -- Installing: /home/aiv/YongJun_ws/IVL_WS/matlab_ws/ros_msg/matlab_msg_gen/glnxa64/install/include/vision_msgs/vision_msgs/msg/detail/vision_info__struct.hpp
[25.964s] -- Installing: /home/aiv/YongJun_ws/IVL_WS/matlab_ws/ros_msg/matlab_msg_gen/glnxa64/install/include/vision_msgs/vision_msgs/msg/detail/detection3_d_array__traits.hpp
[25.964s] -- Installing: /home/aiv/YongJun_ws/IVL_WS/matlab_ws/ros_msg/matlab_msg_gen/glnxa64/install/include/vision_msgs/vision_msgs/msg/detail/detection3_d__struct.hpp
[25.964s] -- Installing: /home/aiv/YongJun_ws/IVL_WS/matlab_ws/ros_msg/matlab_msg_gen/glnxa64/install/include/vision_msgs/vision_msgs/msg/detail/detection3_d__traits.hpp
[25.964s] -- Installing: /home/aiv/YongJun_ws/IVL_WS/matlab_ws/ros_msg/matlab_msg_gen/glnxa64/install/include/vision_msgs/vision_msgs/msg/detail/detection2_d__builder.hpp
[25.964s] -- Installing: /home/aiv/YongJun_ws/IVL_WS/matlab_ws/ros_msg/matlab_msg_gen/glnxa64/install/include/vision_msgs/vision_msgs/msg/detail/bounding_box3_d__builder.hpp
[25.964s] -- Installing: /home/aiv/YongJun_ws/IVL_WS/matlab_ws/ros_msg/matlab_msg_gen/glnxa64/install/include/vision_msgs/vision_msgs/msg/detail/bounding_box2_d_array__builder.hpp
[25.964s] -- Installing: /home/aiv/YongJun_ws/IVL_WS/matlab_ws/ros_msg/matlab_msg_gen/glnxa64/install/include/vision_msgs/vision_msgs/msg/detail/bounding_box3_d__traits.hpp
[25.965s] -- Installing: /home/aiv/YongJun_ws/IVL_WS/matlab_ws/ros_msg/matlab_msg_gen/glnxa64/install/include/vision_msgs/vision_msgs/msg/detail/bounding_box2_d_array__traits.hpp
[25.965s] -- Installing: /home/aiv/YongJun_ws/IVL_WS/matlab_ws/ros_msg/matlab_msg_gen/glnxa64/install/include/vision_msgs/vision_msgs/msg/detail/bounding_box3_d_array__traits.hpp
[25.965s] -- Installing: /home/aiv/YongJun_ws/IVL_WS/matlab_ws/ros_msg/matlab_msg_gen/glnxa64/install/include/vision_msgs/vision_msgs/msg/detail/object_hypothesis_with_pose__builder.hpp
[25.965s] -- Installing: /home/aiv/YongJun_ws/IVL_WS/matlab_ws/ros_msg/matlab_msg_gen/glnxa64/install/include/vision_msgs/vision_msgs/msg/detail/classification2_d__builder.hpp
[25.965s] -- Installing: /home/aiv/YongJun_ws/IVL_WS/matlab_ws/ros_msg/matlab_msg_gen/glnxa64/install/include/vision_msgs/vision_msgs/msg/detail/detection2_d__struct.hpp
[25.965s] -- Installing: /home/aiv/YongJun_ws/IVL_WS/matlab_ws/ros_msg/matlab_msg_gen/glnxa64/install/include/vision_msgs/vision_msgs/msg/detail/object_hypothesis_with_pose__struct.hpp
[25.965s] -- Installing: /home/aiv/YongJun_ws/IVL_WS/matlab_ws/ros_msg/matlab_msg_gen/glnxa64/install/include/vision_msgs/vision_msgs/msg/detail/detection2_d_array__traits.hpp
[25.965s] -- Installing: /home/aiv/YongJun_ws/IVL_WS/matlab_ws/ros_msg/matlab_msg_gen/glnxa64/install/include/vision_msgs/vision_msgs/msg/detail/object_hypothesis__traits.hpp
[25.965s] -- Installing: /home/aiv/YongJun_ws/IVL_WS/matlab_ws/ros_msg/matlab_msg_gen/glnxa64/install/include/vision_msgs/vision_msgs/msg/detail/detection3_d_array__builder.hpp
[25.965s] -- Installing: /home/aiv/YongJun_ws/IVL_WS/matlab_ws/ros_msg/matlab_msg_gen/glnxa64/install/include/vision_msgs/vision_msgs/msg/detail/bounding_box2_d__builder.hpp
[25.965s] -- Installing: /home/aiv/YongJun_ws/IVL_WS/matlab_ws/ros_msg/matlab_msg_gen/glnxa64/install/include/vision_msgs/vision_msgs/msg/detail/classification3_d__traits.hpp
[25.965s] -- Installing: /home/aiv/YongJun_ws/IVL_WS/matlab_ws/ros_msg/matlab_msg_gen/glnxa64/install/include/vision_msgs/vision_msgs/msg/detail/detection2_d_array__builder.hpp
[25.965s] -- Installing: /home/aiv/YongJun_ws/IVL_WS/matlab_ws/ros_msg/matlab_msg_gen/glnxa64/install/include/vision_msgs/vision_msgs/msg/detail/bounding_box3_d_array__builder.hpp
[25.965s] -- Installing: /home/aiv/YongJun_ws/IVL_WS/matlab_ws/ros_msg/matlab_msg_gen/glnxa64/install/include/vision_msgs/vision_msgs/msg/detail/detection3_d__builder.hpp
[25.965s] -- Installing: /home/aiv/YongJun_ws/IVL_WS/matlab_ws/ros_msg/matlab_msg_gen/glnxa64/install/include/vision_msgs/vision_msgs/msg/detail/detection2_d_array__struct.hpp
[25.965s] -- Installing: /home/aiv/YongJun_ws/IVL_WS/matlab_ws/ros_msg/matlab_msg_gen/glnxa64/install/include/vision_msgs/vision_msgs/msg/detail/bounding_box3_d__struct.hpp
[25.965s] -- Installing: /home/aiv/YongJun_ws/IVL_WS/matlab_ws/ros_msg/matlab_msg_gen/glnxa64/install/include/vision_msgs/vision_msgs/msg/detail/classification2_d__traits.hpp
[25.965s] -- Installing: /home/aiv/YongJun_ws/IVL_WS/matlab_ws/ros_msg/matlab_msg_gen/glnxa64/install/include/vision_msgs/vision_msgs/msg/detail/bounding_box3_d_array__struct.hpp
[25.965s] -- Installing: /home/aiv/YongJun_ws/IVL_WS/matlab_ws/ros_msg/matlab_msg_gen/glnxa64/install/include/vision_msgs/vision_msgs/msg/detail/object_hypothesis__builder.hpp
[25.965s] -- Installing: /home/aiv/YongJun_ws/IVL_WS/matlab_ws/ros_msg/matlab_msg_gen/glnxa64/install/include/vision_msgs/vision_msgs/msg/detail/classification3_d__struct.hpp
[25.966s] -- Installing: /home/aiv/YongJun_ws/IVL_WS/matlab_ws/ros_msg/matlab_msg_gen/glnxa64/install/include/vision_msgs/vision_msgs/msg/detail/vision_info__traits.hpp
[25.966s] -- Installing: /home/aiv/YongJun_ws/IVL_WS/matlab_ws/ros_msg/matlab_msg_gen/glnxa64/install/include/vision_msgs/vision_msgs/msg/detail/object_hypothesis_with_pose__traits.hpp
[25.966s] -- Installing: /home/aiv/YongJun_ws/IVL_WS/matlab_ws/ros_msg/matlab_msg_gen/glnxa64/install/include/vision_msgs/vision_msgs/msg/detail/classification2_d__struct.hpp
[25.966s] -- Installing: /home/aiv/YongJun_ws/IVL_WS/matlab_ws/ros_msg/matlab_msg_gen/glnxa64/install/include/vision_msgs/vision_msgs/msg/detail/bounding_box2_d_array__struct.hpp
[25.966s] -- Installing: /home/aiv/YongJun_ws/IVL_WS/matlab_ws/ros_msg/matlab_msg_gen/glnxa64/install/include/vision_msgs/vision_msgs/msg/detail/detection3_d_array__struct.hpp
[25.966s] -- Installing: /home/aiv/YongJun_ws/IVL_WS/matlab_ws/ros_msg/matlab_msg_gen/glnxa64/install/include/vision_msgs/vision_msgs/msg/detail/bounding_box2_d__struct.hpp
[25.966s] -- Installing: /home/aiv/YongJun_ws/IVL_WS/matlab_ws/ros_msg/matlab_msg_gen/glnxa64/install/include/vision_msgs/vision_msgs/msg/detail/detection2_d__traits.hpp
[25.966s] -- Installing: /home/aiv/YongJun_ws/IVL_WS/matlab_ws/ros_msg/matlab_msg_gen/glnxa64/install/include/vision_msgs/vision_msgs/msg/detail/classification3_d__builder.hpp
[25.966s] -- Installing: /home/aiv/YongJun_ws/IVL_WS/matlab_ws/ros_msg/matlab_msg_gen/glnxa64/install/include/vision_msgs/vision_msgs/msg/detail/bounding_box2_d__traits.hpp
[25.966s] -- Installing: /home/aiv/YongJun_ws/IVL_WS/matlab_ws/ros_msg/matlab_msg_gen/glnxa64/install/include/vision_msgs/vision_msgs/msg/bounding_box3_d.hpp
[25.966s] -- Installing: /home/aiv/YongJun_ws/IVL_WS/matlab_ws/ros_msg/matlab_msg_gen/glnxa64/install/include/vision_msgs/vision_msgs/msg/detection3_d_array.hpp
[25.966s] -- Installing: /home/aiv/YongJun_ws/IVL_WS/matlab_ws/ros_msg/matlab_msg_gen/glnxa64/install/include/vision_msgs/vision_msgs/msg/vision_info.hpp
[25.966s] -- Installing: /home/aiv/YongJun_ws/IVL_WS/matlab_ws/ros_msg/matlab_msg_gen/glnxa64/install/include/vision_msgs/vision_msgs/msg/detection2_d_array.hpp
[25.966s] -- Up-to-date: /home/aiv/YongJun_ws/IVL_WS/matlab_ws/ros_msg/matlab_msg_gen/glnxa64/install/include/vision_msgs/vision_msgs
[25.966s] -- Up-to-date: /home/aiv/YongJun_ws/IVL_WS/matlab_ws/ros_msg/matlab_msg_gen/glnxa64/install/include/vision_msgs/vision_msgs/msg
[25.966s] -- Installing: /home/aiv/YongJun_ws/IVL_WS/matlab_ws/ros_msg/matlab_msg_gen/glnxa64/install/include/vision_msgs/vision_msgs/msg/rosidl_typesupport_fastrtps_cpp__visibility_control.h
[25.966s] -- Up-to-date: /home/aiv/YongJun_ws/IVL_WS/matlab_ws/ros_msg/matlab_msg_gen/glnxa64/install/include/vision_msgs/vision_msgs/msg/detail
[25.966s] -- Installing: /home/aiv/YongJun_ws/IVL_WS/matlab_ws/ros_msg/matlab_msg_gen/glnxa64/install/include/vision_msgs/vision_msgs/msg/detail/bounding_box3_d_array__rosidl_typesupport_fastrtps_cpp.hpp
[25.966s] -- Installing: /home/aiv/YongJun_ws/IVL_WS/matlab_ws/ros_msg/matlab_msg_gen/glnxa64/install/include/vision_msgs/vision_msgs/msg/detail/detection2_d_array__rosidl_typesupport_fastrtps_cpp.hpp
[25.967s] -- Installing: /home/aiv/YongJun_ws/IVL_WS/matlab_ws/ros_msg/matlab_msg_gen/glnxa64/install/include/vision_msgs/vision_msgs/msg/detail/detection2_d__rosidl_typesupport_fastrtps_cpp.hpp
[25.967s] -- Installing: /home/aiv/YongJun_ws/IVL_WS/matlab_ws/ros_msg/matlab_msg_gen/glnxa64/install/include/vision_msgs/vision_msgs/msg/detail/vision_info__rosidl_typesupport_fastrtps_cpp.hpp
[25.967s] -- Installing: /home/aiv/YongJun_ws/IVL_WS/matlab_ws/ros_msg/matlab_msg_gen/glnxa64/install/include/vision_msgs/vision_msgs/msg/detail/classification2_d__rosidl_typesupport_fastrtps_cpp.hpp
[25.967s] -- Installing: /home/aiv/YongJun_ws/IVL_WS/matlab_ws/ros_msg/matlab_msg_gen/glnxa64/install/include/vision_msgs/vision_msgs/msg/detail/bounding_box2_d_array__rosidl_typesupport_fastrtps_cpp.hpp
[25.967s] -- Installing: /home/aiv/YongJun_ws/IVL_WS/matlab_ws/ros_msg/matlab_msg_gen/glnxa64/install/include/vision_msgs/vision_msgs/msg/detail/bounding_box2_d__rosidl_typesupport_fastrtps_cpp.hpp
[25.967s] -- Installing: /home/aiv/YongJun_ws/IVL_WS/matlab_ws/ros_msg/matlab_msg_gen/glnxa64/install/include/vision_msgs/vision_msgs/msg/detail/classification3_d__rosidl_typesupport_fastrtps_cpp.hpp
[25.967s] -- Installing: /home/aiv/YongJun_ws/IVL_WS/matlab_ws/ros_msg/matlab_msg_gen/glnxa64/install/include/vision_msgs/vision_msgs/msg/detail/bounding_box3_d__rosidl_typesupport_fastrtps_cpp.hpp
[25.967s] -- Installing: /home/aiv/YongJun_ws/IVL_WS/matlab_ws/ros_msg/matlab_msg_gen/glnxa64/install/include/vision_msgs/vision_msgs/msg/detail/detection3_d_array__rosidl_typesupport_fastrtps_cpp.hpp
[25.967s] -- Installing: /home/aiv/YongJun_ws/IVL_WS/matlab_ws/ros_msg/matlab_msg_gen/glnxa64/install/include/vision_msgs/vision_msgs/msg/detail/object_hypothesis__rosidl_typesupport_fastrtps_cpp.hpp
[25.967s] -- Installing: /home/aiv/YongJun_ws/IVL_WS/matlab_ws/ros_msg/matlab_msg_gen/glnxa64/install/include/vision_msgs/vision_msgs/msg/detail/dds_fastrtps
[25.967s] -- Installing: /home/aiv/YongJun_ws/IVL_WS/matlab_ws/ros_msg/matlab_msg_gen/glnxa64/install/include/vision_msgs/vision_msgs/msg/detail/object_hypothesis_with_pose__rosidl_typesupport_fastrtps_cpp.hpp
[25.967s] -- Installing: /home/aiv/YongJun_ws/IVL_WS/matlab_ws/ros_msg/matlab_msg_gen/glnxa64/install/include/vision_msgs/vision_msgs/msg/detail/detection3_d__rosidl_typesupport_fastrtps_cpp.hpp
[25.967s] -- Installing: /home/aiv/YongJun_ws/IVL_WS/matlab_ws/ros_msg/matlab_msg_gen/glnxa64/install/lib/libvision_msgs__rosidl_typesupport_fastrtps_cpp.so
[25.967s] -- Up-to-date: /home/aiv/YongJun_ws/IVL_WS/matlab_ws/ros_msg/matlab_msg_gen/glnxa64/install/include/vision_msgs/vision_msgs
[25.967s] -- Up-to-date: /home/aiv/YongJun_ws/IVL_WS/matlab_ws/ros_msg/matlab_msg_gen/glnxa64/install/include/vision_msgs/vision_msgs/msg
[25.967s] -- Up-to-date: /home/aiv/YongJun_ws/IVL_WS/matlab_ws/ros_msg/matlab_msg_gen/glnxa64/install/include/vision_msgs/vision_msgs/msg/detail
[25.967s] -- Installing: /home/aiv/YongJun_ws/IVL_WS/matlab_ws/ros_msg/matlab_msg_gen/glnxa64/install/include/vision_msgs/vision_msgs/msg/detail/bounding_box3_d_array__rosidl_typesupport_introspection_cpp.hpp
[25.967s] -- Installing: /home/aiv/YongJun_ws/IVL_WS/matlab_ws/ros_msg/matlab_msg_gen/glnxa64/install/include/vision_msgs/vision_msgs/msg/detail/detection3_d_array__rosidl_typesupport_introspection_cpp.hpp
[25.968s] -- Installing: /home/aiv/YongJun_ws/IVL_WS/matlab_ws/ros_msg/matlab_msg_gen/glnxa64/install/include/vision_msgs/vision_msgs/msg/detail/object_hypothesis__rosidl_typesupport_introspection_cpp.hpp
[25.968s] -- Installing: /home/aiv/YongJun_ws/IVL_WS/matlab_ws/ros_msg/matlab_msg_gen/glnxa64/install/include/vision_msgs/vision_msgs/msg/detail/bounding_box2_d__type_support.cpp
[25.968s] -- Installing: /home/aiv/YongJun_ws/IVL_WS/matlab_ws/ros_msg/matlab_msg_gen/glnxa64/install/include/vision_msgs/vision_msgs/msg/detail/bounding_box3_d__type_support.cpp
[25.968s] -- Installing: /home/aiv/YongJun_ws/IVL_WS/matlab_ws/ros_msg/matlab_msg_gen/glnxa64/install/include/vision_msgs/vision_msgs/msg/detail/object_hypothesis_with_pose__rosidl_typesupport_introspection_cpp.hpp
[25.968s] -- Installing: /home/aiv/YongJun_ws/IVL_WS/matlab_ws/ros_msg/matlab_msg_gen/glnxa64/install/include/vision_msgs/vision_msgs/msg/detail/detection3_d_array__type_support.cpp
[25.968s] -- Installing: /home/aiv/YongJun_ws/IVL_WS/matlab_ws/ros_msg/matlab_msg_gen/glnxa64/install/include/vision_msgs/vision_msgs/msg/detail/vision_info__type_support.cpp
[25.968s] -- Installing: /home/aiv/YongJun_ws/IVL_WS/matlab_ws/ros_msg/matlab_msg_gen/glnxa64/install/include/vision_msgs/vision_msgs/msg/detail/classification3_d__type_support.cpp
[25.968s] -- Installing: /home/aiv/YongJun_ws/IVL_WS/matlab_ws/ros_msg/matlab_msg_gen/glnxa64/install/include/vision_msgs/vision_msgs/msg/detail/detection2_d__rosidl_typesupport_introspection_cpp.hpp
[25.968s] -- Installing: /home/aiv/YongJun_ws/IVL_WS/matlab_ws/ros_msg/matlab_msg_gen/glnxa64/install/include/vision_msgs/vision_msgs/msg/detail/detection3_d__rosidl_typesupport_introspection_cpp.hpp
[25.968s] -- Installing: /home/aiv/YongJun_ws/IVL_WS/matlab_ws/ros_msg/matlab_msg_gen/glnxa64/install/include/vision_msgs/vision_msgs/msg/detail/vision_info__rosidl_typesupport_introspection_cpp.hpp
[25.968s] -- Installing: /home/aiv/YongJun_ws/IVL_WS/matlab_ws/ros_msg/matlab_msg_gen/glnxa64/install/include/vision_msgs/vision_msgs/msg/detail/bounding_box2_d_array__rosidl_typesupport_introspection_cpp.hpp
[25.968s] -- Installing: /home/aiv/YongJun_ws/IVL_WS/matlab_ws/ros_msg/matlab_msg_gen/glnxa64/install/include/vision_msgs/vision_msgs/msg/detail/classification2_d__type_support.cpp
[25.968s] -- Installing: /home/aiv/YongJun_ws/IVL_WS/matlab_ws/ros_msg/matlab_msg_gen/glnxa64/install/include/vision_msgs/vision_msgs/msg/detail/classification3_d__rosidl_typesupport_introspection_cpp.hpp
[25.968s] -- Installing: /home/aiv/YongJun_ws/IVL_WS/matlab_ws/ros_msg/matlab_msg_gen/glnxa64/install/include/vision_msgs/vision_msgs/msg/detail/bounding_box3_d__rosidl_typesupport_introspection_cpp.hpp
[25.968s] -- Installing: /home/aiv/YongJun_ws/IVL_WS/matlab_ws/ros_msg/matlab_msg_gen/glnxa64/install/include/vision_msgs/vision_msgs/msg/detail/bounding_box2_d__rosidl_typesupport_introspection_cpp.hpp
[25.968s] -- Installing: /home/aiv/YongJun_ws/IVL_WS/matlab_ws/ros_msg/matlab_msg_gen/glnxa64/install/include/vision_msgs/vision_msgs/msg/detail/detection2_d_array__type_support.cpp
[25.968s] -- Installing: /home/aiv/YongJun_ws/IVL_WS/matlab_ws/ros_msg/matlab_msg_gen/glnxa64/install/include/vision_msgs/vision_msgs/msg/detail/classification2_d__rosidl_typesupport_introspection_cpp.hpp
[25.968s] -- Installing: /home/aiv/YongJun_ws/IVL_WS/matlab_ws/ros_msg/matlab_msg_gen/glnxa64/install/include/vision_msgs/vision_msgs/msg/detail/bounding_box3_d_array__type_support.cpp
[25.968s] -- Installing: /home/aiv/YongJun_ws/IVL_WS/matlab_ws/ros_msg/matlab_msg_gen/glnxa64/install/include/vision_msgs/vision_msgs/msg/detail/bounding_box2_d_array__type_support.cpp
[25.969s] -- Installing: /home/aiv/YongJun_ws/IVL_WS/matlab_ws/ros_msg/matlab_msg_gen/glnxa64/install/include/vision_msgs/vision_msgs/msg/detail/detection2_d_array__rosidl_typesupport_introspection_cpp.hpp
[25.969s] -- Installing: /home/aiv/YongJun_ws/IVL_WS/matlab_ws/ros_msg/matlab_msg_gen/glnxa64/install/include/vision_msgs/vision_msgs/msg/detail/object_hypothesis_with_pose__type_support.cpp
[25.969s] -- Installing: /home/aiv/YongJun_ws/IVL_WS/matlab_ws/ros_msg/matlab_msg_gen/glnxa64/install/include/vision_msgs/vision_msgs/msg/detail/object_hypothesis__type_support.cpp
[25.969s] -- Installing: /home/aiv/YongJun_ws/IVL_WS/matlab_ws/ros_msg/matlab_msg_gen/glnxa64/install/include/vision_msgs/vision_msgs/msg/detail/detection2_d__type_support.cpp
[25.969s] -- Installing: /home/aiv/YongJun_ws/IVL_WS/matlab_ws/ros_msg/matlab_msg_gen/glnxa64/install/include/vision_msgs/vision_msgs/msg/detail/detection3_d__type_support.cpp
[25.969s] -- Installing: /home/aiv/YongJun_ws/IVL_WS/matlab_ws/ros_msg/matlab_msg_gen/glnxa64/install/lib/libvision_msgs__rosidl_typesupport_introspection_cpp.so
[25.969s] -- Installing: /home/aiv/YongJun_ws/IVL_WS/matlab_ws/ros_msg/matlab_msg_gen/glnxa64/install/lib/libvision_msgs__rosidl_typesupport_cpp.so
[25.969s] -- Installing: /home/aiv/YongJun_ws/IVL_WS/matlab_ws/ros_msg/matlab_msg_gen/glnxa64/install/share/vision_msgs/msg/BoundingBox2D.idl
[25.969s] -- Installing: /home/aiv/YongJun_ws/IVL_WS/matlab_ws/ros_msg/matlab_msg_gen/glnxa64/install/share/vision_msgs/msg/BoundingBox2DArray.idl
[25.969s] -- Installing: /home/aiv/YongJun_ws/IVL_WS/matlab_ws/ros_msg/matlab_msg_gen/glnxa64/install/share/vision_msgs/msg/BoundingBox3D.idl
[25.969s] -- Installing: /home/aiv/YongJun_ws/IVL_WS/matlab_ws/ros_msg/matlab_msg_gen/glnxa64/install/share/vision_msgs/msg/BoundingBox3DArray.idl
[25.969s] -- Installing: /home/aiv/YongJun_ws/IVL_WS/matlab_ws/ros_msg/matlab_msg_gen/glnxa64/install/share/vision_msgs/msg/Classification2D.idl
[25.969s] -- Installing: /home/aiv/YongJun_ws/IVL_WS/matlab_ws/ros_msg/matlab_msg_gen/glnxa64/install/share/vision_msgs/msg/Classification3D.idl
[25.969s] -- Installing: /home/aiv/YongJun_ws/IVL_WS/matlab_ws/ros_msg/matlab_msg_gen/glnxa64/install/share/vision_msgs/msg/Detection2D.idl
[25.969s] -- Installing: /home/aiv/YongJun_ws/IVL_WS/matlab_ws/ros_msg/matlab_msg_gen/glnxa64/install/share/vision_msgs/msg/Detection2DArray.idl
[25.969s] -- Installing: /home/aiv/YongJun_ws/IVL_WS/matlab_ws/ros_msg/matlab_msg_gen/glnxa64/install/share/vision_msgs/msg/Detection3D.idl
[25.969s] -- Installing: /home/aiv/YongJun_ws/IVL_WS/matlab_ws/ros_msg/matlab_msg_gen/glnxa64/install/share/vision_msgs/msg/Detection3DArray.idl
[25.969s] -- Installing: /home/aiv/YongJun_ws/IVL_WS/matlab_ws/ros_msg/matlab_msg_gen/glnxa64/install/share/vision_msgs/msg/ObjectHypothesis.idl
[25.969s] -- Installing: /home/aiv/YongJun_ws/IVL_WS/matlab_ws/ros_msg/matlab_msg_gen/glnxa64/install/share/vision_msgs/msg/ObjectHypothesisWithPose.idl
[25.969s] -- Installing: /home/aiv/YongJun_ws/IVL_WS/matlab_ws/ros_msg/matlab_msg_gen/glnxa64/install/share/vision_msgs/msg/VisionInfo.idl
[25.969s] -- Installing: /home/aiv/YongJun_ws/IVL_WS/matlab_ws/ros_msg/matlab_msg_gen/glnxa64/install/share/vision_msgs/msg/BoundingBox2D.msg
[25.969s] -- Installing: /home/aiv/YongJun_ws/IVL_WS/matlab_ws/ros_msg/matlab_msg_gen/glnxa64/install/share/vision_msgs/msg/BoundingBox2DArray.msg
[25.969s] -- Installing: /home/aiv/YongJun_ws/IVL_WS/matlab_ws/ros_msg/matlab_msg_gen/glnxa64/install/share/vision_msgs/msg/BoundingBox3D.msg
[25.970s] -- Installing: /home/aiv/YongJun_ws/IVL_WS/matlab_ws/ros_msg/matlab_msg_gen/glnxa64/install/share/vision_msgs/msg/BoundingBox3DArray.msg
[25.970s] -- Installing: /home/aiv/YongJun_ws/IVL_WS/matlab_ws/ros_msg/matlab_msg_gen/glnxa64/install/share/vision_msgs/msg/Classification2D.msg
[25.970s] -- Installing: /home/aiv/YongJun_ws/IVL_WS/matlab_ws/ros_msg/matlab_msg_gen/glnxa64/install/share/vision_msgs/msg/Classification3D.msg
[25.970s] -- Installing: /home/aiv/YongJun_ws/IVL_WS/matlab_ws/ros_msg/matlab_msg_gen/glnxa64/install/share/vision_msgs/msg/Detection2D.msg
[25.970s] -- Installing: /home/aiv/YongJun_ws/IVL_WS/matlab_ws/ros_msg/matlab_msg_gen/glnxa64/install/share/vision_msgs/msg/Detection2DArray.msg
[25.970s] -- Installing: /home/aiv/YongJun_ws/IVL_WS/matlab_ws/ros_msg/matlab_msg_gen/glnxa64/install/share/vision_msgs/msg/Detection3D.msg
[25.970s] -- Installing: /home/aiv/YongJun_ws/IVL_WS/matlab_ws/ros_msg/matlab_msg_gen/glnxa64/install/share/vision_msgs/msg/Detection3DArray.msg
[25.970s] -- Installing: /home/aiv/YongJun_ws/IVL_WS/matlab_ws/ros_msg/matlab_msg_gen/glnxa64/install/share/vision_msgs/msg/ObjectHypothesis.msg
[25.970s] -- Installing: /home/aiv/YongJun_ws/IVL_WS/matlab_ws/ros_msg/matlab_msg_gen/glnxa64/install/share/vision_msgs/msg/ObjectHypothesisWithPose.msg
[25.970s] -- Installing: /home/aiv/YongJun_ws/IVL_WS/matlab_ws/ros_msg/matlab_msg_gen/glnxa64/install/share/vision_msgs/msg/VisionInfo.msg
[25.970s] -- Up-to-date: /home/aiv/YongJun_ws/IVL_WS/matlab_ws/ros_msg/matlab_msg_gen/glnxa64/install/include
[25.970s] -- Up-to-date: /home/aiv/YongJun_ws/IVL_WS/matlab_ws/ros_msg/matlab_msg_gen/glnxa64/install/include/vision_msgs
[25.970s] -- Installing: /home/aiv/YongJun_ws/IVL_WS/matlab_ws/ros_msg/matlab_msg_gen/glnxa64/install/include/vision_msgs/visibility_control.h
[25.970s] -- Installing: /home/aiv/YongJun_ws/IVL_WS/matlab_ws/ros_msg/matlab_msg_gen/glnxa64/install/lib/libvision_msgs_matlab.so
[25.998s] -- Installing: /home/aiv/YongJun_ws/IVL_WS/matlab_ws/ros_msg/matlab_msg_gen/glnxa64/install/m/
[25.998s] -- Installing: /home/aiv/YongJun_ws/IVL_WS/matlab_ws/ros_msg/matlab_msg_gen/glnxa64/install/m//+ros
[25.998s] -- Installing: /home/aiv/YongJun_ws/IVL_WS/matlab_ws/ros_msg/matlab_msg_gen/glnxa64/install/m//+ros/+internal
[25.998s] -- Installing: /home/aiv/YongJun_ws/IVL_WS/matlab_ws/ros_msg/matlab_msg_gen/glnxa64/install/m//+ros/+internal/+ros2
[25.998s] -- Installing: /home/aiv/YongJun_ws/IVL_WS/matlab_ws/ros_msg/matlab_msg_gen/glnxa64/install/m//+ros/+internal/+ros2/+custommessages
[25.998s] -- Installing: /home/aiv/YongJun_ws/IVL_WS/matlab_ws/ros_msg/matlab_msg_gen/glnxa64/install/m//+ros/+internal/+ros2/+custommessages/+vision_msgs
[25.998s] -- Installing: /home/aiv/YongJun_ws/IVL_WS/matlab_ws/ros_msg/matlab_msg_gen/glnxa64/install/m//+ros/+internal/+ros2/+custommessages/+vision_msgs/detection2D.m
[25.998s] -- Installing: /home/aiv/YongJun_ws/IVL_WS/matlab_ws/ros_msg/matlab_msg_gen/glnxa64/install/m//+ros/+internal/+ros2/+custommessages/+vision_msgs/objectHypothesisWithPose.m
[25.998s] -- Installing: /home/aiv/YongJun_ws/IVL_WS/matlab_ws/ros_msg/matlab_msg_gen/glnxa64/install/m//+ros/+internal/+ros2/+custommessages/+vision_msgs/detection3DArray.m
[25.999s] -- Installing: /home/aiv/YongJun_ws/IVL_WS/matlab_ws/ros_msg/matlab_msg_gen/glnxa64/install/m//+ros/+internal/+ros2/+custommessages/+vision_msgs/objectHypothesis.m
[25.999s] -- Installing: /home/aiv/YongJun_ws/IVL_WS/matlab_ws/ros_msg/matlab_msg_gen/glnxa64/install/m//+ros/+internal/+ros2/+custommessages/+vision_msgs/boundingBox2DArray.m
[25.999s] -- Installing: /home/aiv/YongJun_ws/IVL_WS/matlab_ws/ros_msg/matlab_msg_gen/glnxa64/install/m//+ros/+internal/+ros2/+custommessages/+vision_msgs/classification3D.m
[25.999s] -- Installing: /home/aiv/YongJun_ws/IVL_WS/matlab_ws/ros_msg/matlab_msg_gen/glnxa64/install/m//+ros/+internal/+ros2/+custommessages/+vision_msgs/detection2DArray.m
[25.999s] -- Installing: /home/aiv/YongJun_ws/IVL_WS/matlab_ws/ros_msg/matlab_msg_gen/glnxa64/install/m//+ros/+internal/+ros2/+custommessages/+vision_msgs/boundingBox2D.m
[25.999s] -- Installing: /home/aiv/YongJun_ws/IVL_WS/matlab_ws/ros_msg/matlab_msg_gen/glnxa64/install/m//+ros/+internal/+ros2/+custommessages/+vision_msgs/visionInfo.m
[25.999s] -- Installing: /home/aiv/YongJun_ws/IVL_WS/matlab_ws/ros_msg/matlab_msg_gen/glnxa64/install/m//+ros/+internal/+ros2/+custommessages/+vision_msgs/detection3D.m
[25.999s] -- Installing: /home/aiv/YongJun_ws/IVL_WS/matlab_ws/ros_msg/matlab_msg_gen/glnxa64/install/m//+ros/+internal/+ros2/+custommessages/+vision_msgs/classification2D.m
[25.999s] -- Installing: /home/aiv/YongJun_ws/IVL_WS/matlab_ws/ros_msg/matlab_msg_gen/glnxa64/install/m//+ros/+internal/+ros2/+custommessages/+vision_msgs/boundingBox3D.m
[25.999s] -- Installing: /home/aiv/YongJun_ws/IVL_WS/matlab_ws/ros_msg/matlab_msg_gen/glnxa64/install/m//+ros/+internal/+ros2/+custommessages/+vision_msgs/boundingBox3DArray.m
[25.999s] -- Installing: /home/aiv/YongJun_ws/IVL_WS/matlab_ws/ros_msg/matlab_msg_gen/glnxa64/install/share/ament_index/resource_index/package_run_dependencies/vision_msgs
[25.999s] -- Installing: /home/aiv/YongJun_ws/IVL_WS/matlab_ws/ros_msg/matlab_msg_gen/glnxa64/install/share/ament_index/resource_index/parent_prefix_path/vision_msgs
[25.999s] -- Installing: /home/aiv/YongJun_ws/IVL_WS/matlab_ws/ros_msg/matlab_msg_gen/glnxa64/install/share/vision_msgs/environment/ament_prefix_path.sh
[25.999s] -- Installing: /home/aiv/YongJun_ws/IVL_WS/matlab_ws/ros_msg/matlab_msg_gen/glnxa64/install/share/vision_msgs/environment/ament_prefix_path.dsv
[25.999s] -- Installing: /home/aiv/YongJun_ws/IVL_WS/matlab_ws/ros_msg/matlab_msg_gen/glnxa64/install/share/vision_msgs/environment/path.sh
[25.999s] -- Installing: /home/aiv/YongJun_ws/IVL_WS/matlab_ws/ros_msg/matlab_msg_gen/glnxa64/install/share/vision_msgs/environment/path.dsv
[25.999s] -- Installing: /home/aiv/YongJun_ws/IVL_WS/matlab_ws/ros_msg/matlab_msg_gen/glnxa64/install/share/vision_msgs/local_setup.bash
[25.999s] -- Installing: /home/aiv/YongJun_ws/IVL_WS/matlab_ws/ros_msg/matlab_msg_gen/glnxa64/install/share/vision_msgs/local_setup.sh
[26.000s] -- Installing: /home/aiv/YongJun_ws/IVL_WS/matlab_ws/ros_msg/matlab_msg_gen/glnxa64/install/share/vision_msgs/local_setup.zsh
[26.000s] -- Installing: /home/aiv/YongJun_ws/IVL_WS/matlab_ws/ros_msg/matlab_msg_gen/glnxa64/install/share/vision_msgs/local_setup.dsv
[26.000s] -- Installing: /home/aiv/YongJun_ws/IVL_WS/matlab_ws/ros_msg/matlab_msg_gen/glnxa64/install/share/vision_msgs/package.dsv
[26.000s] -- Installing: /home/aiv/YongJun_ws/IVL_WS/matlab_ws/ros_msg/matlab_msg_gen/glnxa64/install/share/ament_index/resource_index/packages/vision_msgs
[26.000s] -- Installing: /home/aiv/YongJun_ws/IVL_WS/matlab_ws/ros_msg/matlab_msg_gen/glnxa64/install/share/vision_msgs/cmake/export_vision_msgs__rosidl_generator_cExport.cmake
[26.000s] -- Installing: /home/aiv/YongJun_ws/IVL_WS/matlab_ws/ros_msg/matlab_msg_gen/glnxa64/install/share/vision_msgs/cmake/export_vision_msgs__rosidl_generator_cExport-release.cmake
[26.000s] -- Installing: /home/aiv/YongJun_ws/IVL_WS/matlab_ws/ros_msg/matlab_msg_gen/glnxa64/install/share/vision_msgs/cmake/export_vision_msgs__rosidl_typesupport_fastrtps_cExport.cmake
[26.000s] -- Installing: /home/aiv/YongJun_ws/IVL_WS/matlab_ws/ros_msg/matlab_msg_gen/glnxa64/install/share/vision_msgs/cmake/export_vision_msgs__rosidl_typesupport_fastrtps_cExport-release.cmake
[26.000s] -- Installing: /home/aiv/YongJun_ws/IVL_WS/matlab_ws/ros_msg/matlab_msg_gen/glnxa64/install/share/vision_msgs/cmake/vision_msgs__rosidl_typesupport_introspection_cExport.cmake
[26.000s] -- Installing: /home/aiv/YongJun_ws/IVL_WS/matlab_ws/ros_msg/matlab_msg_gen/glnxa64/install/share/vision_msgs/cmake/vision_msgs__rosidl_typesupport_introspection_cExport-release.cmake
[26.000s] -- Installing: /home/aiv/YongJun_ws/IVL_WS/matlab_ws/ros_msg/matlab_msg_gen/glnxa64/install/share/vision_msgs/cmake/vision_msgs__rosidl_typesupport_cExport.cmake
[26.000s] -- Installing: /home/aiv/YongJun_ws/IVL_WS/matlab_ws/ros_msg/matlab_msg_gen/glnxa64/install/share/vision_msgs/cmake/vision_msgs__rosidl_typesupport_cExport-release.cmake
[26.000s] -- Installing: /home/aiv/YongJun_ws/IVL_WS/matlab_ws/ros_msg/matlab_msg_gen/glnxa64/install/share/vision_msgs/cmake/export_vision_msgs__rosidl_generator_cppExport.cmake
[26.000s] -- Installing: /home/aiv/YongJun_ws/IVL_WS/matlab_ws/ros_msg/matlab_msg_gen/glnxa64/install/share/vision_msgs/cmake/export_vision_msgs__rosidl_typesupport_fastrtps_cppExport.cmake
[26.000s] -- Installing: /home/aiv/YongJun_ws/IVL_WS/matlab_ws/ros_msg/matlab_msg_gen/glnxa64/install/share/vision_msgs/cmake/export_vision_msgs__rosidl_typesupport_fastrtps_cppExport-release.cmake
[26.000s] -- Installing: /home/aiv/YongJun_ws/IVL_WS/matlab_ws/ros_msg/matlab_msg_gen/glnxa64/install/share/vision_msgs/cmake/vision_msgs__rosidl_typesupport_introspection_cppExport.cmake
[26.001s] -- Installing: /home/aiv/YongJun_ws/IVL_WS/matlab_ws/ros_msg/matlab_msg_gen/glnxa64/install/share/vision_msgs/cmake/vision_msgs__rosidl_typesupport_introspection_cppExport-release.cmake
[26.001s] -- Installing: /home/aiv/YongJun_ws/IVL_WS/matlab_ws/ros_msg/matlab_msg_gen/glnxa64/install/share/vision_msgs/cmake/vision_msgs__rosidl_typesupport_cppExport.cmake
[26.001s] -- Installing: /home/aiv/YongJun_ws/IVL_WS/matlab_ws/ros_msg/matlab_msg_gen/glnxa64/install/share/vision_msgs/cmake/vision_msgs__rosidl_typesupport_cppExport-release.cmake
[26.001s] -- Installing: /home/aiv/YongJun_ws/IVL_WS/matlab_ws/ros_msg/matlab_msg_gen/glnxa64/install/share/vision_msgs/cmake/rosidl_cmake-extras.cmake
[26.001s] -- Installing: /home/aiv/YongJun_ws/IVL_WS/matlab_ws/ros_msg/matlab_msg_gen/glnxa64/install/share/vision_msgs/cmake/ament_cmake_export_dependencies-extras.cmake
[26.001s] -- Installing: /home/aiv/YongJun_ws/IVL_WS/matlab_ws/ros_msg/matlab_msg_gen/glnxa64/install/share/vision_msgs/cmake/ament_cmake_export_include_directories-extras.cmake
[26.001s] -- Installing: /home/aiv/YongJun_ws/IVL_WS/matlab_ws/ros_msg/matlab_msg_gen/glnxa64/install/share/vision_msgs/cmake/ament_cmake_export_libraries-extras.cmake
[26.001s] -- Installing: /home/aiv/YongJun_ws/IVL_WS/matlab_ws/ros_msg/matlab_msg_gen/glnxa64/install/share/vision_msgs/cmake/ament_cmake_export_targets-extras.cmake
[26.001s] -- Installing: /home/aiv/YongJun_ws/IVL_WS/matlab_ws/ros_msg/matlab_msg_gen/glnxa64/install/share/vision_msgs/cmake/rosidl_cmake_export_typesupport_targets-extras.cmake
[26.001s] -- Installing: /home/aiv/YongJun_ws/IVL_WS/matlab_ws/ros_msg/matlab_msg_gen/glnxa64/install/share/vision_msgs/cmake/rosidl_cmake_export_typesupport_libraries-extras.cmake
[26.001s] -- Installing: /home/aiv/YongJun_ws/IVL_WS/matlab_ws/ros_msg/matlab_msg_gen/glnxa64/install/share/vision_msgs/cmake/vision_msgsConfig.cmake
[26.001s] -- Installing: /home/aiv/YongJun_ws/IVL_WS/matlab_ws/ros_msg/matlab_msg_gen/glnxa64/install/share/vision_msgs/cmake/vision_msgsConfig-version.cmake
[26.001s] -- Installing: /home/aiv/YongJun_ws/IVL_WS/matlab_ws/ros_msg/matlab_msg_gen/glnxa64/install/share/vision_msgs/package.xml
[26.004s] Invoked command in '/home/aiv/YongJun_ws/IVL_WS/matlab_ws/ros_msg/matlab_msg_gen/glnxa64/build/vision_msgs' returned '0': PS1=(venv) /usr/local/MATLAB/R2024a/bin/glnxa64/cmake/bin/cmake --install /home/aiv/YongJun_ws/IVL_WS/matlab_ws/ros_msg/matlab_msg_gen/glnxa64/build/vision_msgs
